<!DOCTYPE html>

<html>
  <head>
  <meta charset='utf-8'>
  <title>TestNG reports</title>

    <link type="text/css" href="testng-reports1.css" rel="stylesheet" id="ultra" />
    <link type="text/css" href="testng-reports.css" rel="stylesheet" id="retro" disabled="false"/>
    <script type="text/javascript" src="jquery.min.js"></script>
    <script type="text/javascript" src="testng-reports.js"></script>
    <script type="text/javascript" src="https://www.google.com/jsapi"></script>
    <script type='text/javascript'>
      google.load('visualization', '1', {packages:['table']});
      google.setOnLoadCallback(drawTable);
      var suiteTableInitFunctions = new Array();
      var suiteTableData = new Array();
    </script>
    <!--
      <script type="text/javascript" src="jquery-ui/js/jquery-ui-1.8.16.custom.min.js"></script>
     -->
  </head>

  <body>
    <div class="top-banner-root">
      <span class="top-banner-title-font">Test results</span>
      <button class="button" id="button">Switch Retro Theme</button> <!-- button -->
      <br/>
      <span class="top-banner-font-1">1 suite, 37 failed tests</span>
    </div> <!-- top-banner-root -->
    <div class="navigator-root">
      <div class="navigator-suite-header">
        <span>All suites</span>
        <a href="#" class="collapse-all-link" title="Collapse/expand all the suites">
          <img class="collapse-all-icon" src="collapseall.gif">
          </img> <!-- collapse-all-icon -->
        </a> <!-- collapse-all-link -->
      </div> <!-- navigator-suite-header -->
      <div class="suite">
        <div class="rounded-window">
          <div class="suite-header light-rounded-window-top">
            <a href="#" class="navigator-link" panel-name="suite-Surefire_suite">
              <span class="suite-name border-failed">Surefire suite</span>
            </a> <!-- navigator-link -->
          </div> <!-- suite-header light-rounded-window-top -->
          <div class="navigator-suite-content">
            <div class="suite-section-title">
              <span>Info</span>
            </div> <!-- suite-section-title -->
            <div class="suite-section-content">
              <ul>
                <li>
                  <a href="#" class="navigator-link " panel-name="test-xml-Surefire_suite">
                    <span>[unset file name]</span>
                  </a> <!-- navigator-link  -->
                </li>
                <li>
                  <a href="#" class="navigator-link " panel-name="testlist-Surefire_suite">
                    <span class="test-stats">1 test</span>
                  </a> <!-- navigator-link  -->
                </li>
                <li>
                  <a href="#" class="navigator-link " panel-name="group-Surefire_suite">
                    <span>1 group</span>
                  </a> <!-- navigator-link  -->
                </li>
                <li>
                  <a href="#" class="navigator-link " panel-name="times-Surefire_suite">
                    <span>Times</span>
                  </a> <!-- navigator-link  -->
                </li>
                <li>
                  <a href="#" class="navigator-link " panel-name="reporter-Surefire_suite">
                    <span>Reporter output</span>
                  </a> <!-- navigator-link  -->
                </li>
                <li>
                  <a href="#" class="navigator-link " panel-name="ignored-methods-Surefire_suite">
                    <span>Ignored methods</span>
                  </a> <!-- navigator-link  -->
                </li>
                <li>
                  <a href="#" class="navigator-link " panel-name="chronological-Surefire_suite">
                    <span>Chronological view</span>
                  </a> <!-- navigator-link  -->
                </li>
              </ul>
            </div> <!-- suite-section-content -->
            <div class="result-section">
              <div class="suite-section-title">
                <span>Results</span>
              </div> <!-- suite-section-title -->
              <div class="suite-section-content">
                <ul>
                  <li>
                    <span class="method-stats">45 methods, 37 failed,   8 passed</span>
                  </li>
                  <li>
                    <span class="method-list-title failed">Failed methods</span>
                    <span class="show-or-hide-methods failed">
                      <a href="#" panel-name="suite-Surefire_suite" class="hide-methods failed suite-Surefire_suite"> (hide)</a> <!-- hide-methods failed suite-Surefire_suite -->
                      <a href="#" panel-name="suite-Surefire_suite" class="show-methods failed suite-Surefire_suite"> (show)</a> <!-- show-methods failed suite-Surefire_suite -->
                    </span>
                    <div class="method-list-content failed suite-Surefire_suite">
                      <span>
                        <img width="3%" src="failed.png"/>
                        <a href="#" class="method navigator-link" panel-name="suite-Surefire_suite" title="com.bdd.runner.TestRunner" hash-for-method="runScenario(&quot;Recipients details error message check&quot;, &quot;Optional[Cart Page features]&quot;)">runScenario("Recipients details error message check", "Optional[Cart Page features]")</a> <!-- method navigator-link -->
                      </span>
                      <br/>
                      <span>
                        <img width="3%" src="failed.png"/>
                        <a href="#" class="method navigator-link" panel-name="suite-Surefire_suite" title="com.bdd.runner.TestRunner" hash-for-method="runScenario(&quot;Warning message check&quot;, &quot;Optional[User panel page feature]&quot;)">runScenario("Warning message check", "Optional[User panel page feature]")</a> <!-- method navigator-link -->
                      </span>
                      <br/>
                      <span>
                        <img width="3%" src="failed.png"/>
                        <a href="#" class="method navigator-link" panel-name="suite-Surefire_suite" title="com.bdd.runner.TestRunner" hash-for-method="runScenario(&quot;Business sign up with empty city field&quot;, &quot;Optional[Product Page features]&quot;)">runScenario("Business sign up with empty city field", "Optional[Product Page features]")</a> <!-- method navigator-link -->
                      </span>
                      <br/>
                      <span>
                        <img width="3%" src="failed.png"/>
                        <a href="#" class="method navigator-link" panel-name="suite-Surefire_suite" title="com.bdd.runner.TestRunner" hash-for-method="runScenario(&quot;Sign in with emty name input&quot;, &quot;Optional[Signin Page features]&quot;)">runScenario("Sign in with emty name input", "Optional[Signin Page features]")</a> <!-- method navigator-link -->
                      </span>
                      <br/>
                      <span>
                        <img width="3%" src="failed.png"/>
                        <a href="#" class="method navigator-link" panel-name="suite-Surefire_suite" title="com.bdd.runner.TestRunner" hash-for-method="runScenario(&quot;Price counter check&quot;, &quot;Optional[Cart Page features]&quot;)">runScenario("Price counter check", "Optional[Cart Page features]")</a> <!-- method navigator-link -->
                      </span>
                      <br/>
                      <span>
                        <img width="3%" src="failed.png"/>
                        <a href="#" class="method navigator-link" panel-name="suite-Surefire_suite" title="com.bdd.runner.TestRunner" hash-for-method="runScenario(&quot;Sign in with corect credential&quot;, &quot;Optional[Signin Page features]&quot;)">runScenario("Sign in with corect credential", "Optional[Signin Page features]")</a> <!-- method navigator-link -->
                      </span>
                      <br/>
                      <span>
                        <img width="3%" src="failed.png"/>
                        <a href="#" class="method navigator-link" panel-name="suite-Surefire_suite" title="com.bdd.runner.TestRunner" hash-for-method="runScenario(&quot;Log in with incorect email&quot;, &quot;Optional[Login Page features]&quot;)">runScenario("Log in with incorect email", "Optional[Login Page features]")</a> <!-- method navigator-link -->
                      </span>
                      <br/>
                      <span>
                        <img width="3%" src="failed.png"/>
                        <a href="#" class="method navigator-link" panel-name="suite-Surefire_suite" title="com.bdd.runner.TestRunner" hash-for-method="runScenario(&quot;Recipients details error message check&quot;, &quot;Optional[Cart Page features]&quot;)">runScenario("Recipients details error message check", "Optional[Cart Page features]")</a> <!-- method navigator-link -->
                      </span>
                      <br/>
                      <span>
                        <img width="3%" src="failed.png"/>
                        <a href="#" class="method navigator-link" panel-name="suite-Surefire_suite" title="com.bdd.runner.TestRunner" hash-for-method="runScenario(&quot;Valid order check&quot;, &quot;Optional[Cart Page features]&quot;)">runScenario("Valid order check", "Optional[Cart Page features]")</a> <!-- method navigator-link -->
                      </span>
                      <br/>
                      <span>
                        <img width="3%" src="failed.png"/>
                        <a href="#" class="method navigator-link" panel-name="suite-Surefire_suite" title="com.bdd.runner.TestRunner" hash-for-method="runScenario(&quot;Business sign up with invalid email&quot;, &quot;Optional[Product Page features]&quot;)">runScenario("Business sign up with invalid email", "Optional[Product Page features]")</a> <!-- method navigator-link -->
                      </span>
                      <br/>
                      <span>
                        <img width="3%" src="failed.png"/>
                        <a href="#" class="method navigator-link" panel-name="suite-Surefire_suite" title="com.bdd.runner.TestRunner" hash-for-method="runScenario(&quot;Business sign up with empty email field&quot;, &quot;Optional[Product Page features]&quot;)">runScenario("Business sign up with empty email field", "Optional[Product Page features]")</a> <!-- method navigator-link -->
                      </span>
                      <br/>
                      <span>
                        <img width="3%" src="failed.png"/>
                        <a href="#" class="method navigator-link" panel-name="suite-Surefire_suite" title="com.bdd.runner.TestRunner" hash-for-method="runScenario(&quot;Log in with correct email and password&quot;, &quot;Optional[Login Page features]&quot;)">runScenario("Log in with correct email and password", "Optional[Login Page features]")</a> <!-- method navigator-link -->
                      </span>
                      <br/>
                      <span>
                        <img width="3%" src="failed.png"/>
                        <a href="#" class="method navigator-link" panel-name="suite-Surefire_suite" title="com.bdd.runner.TestRunner" hash-for-method="runScenario(&quot;log in private user and check if panel is displayed&quot;, &quot;Optional[User panel page feature]&quot;)">runScenario("log in private user and check if panel is displayed", "Optional[User panel page feature]")</a> <!-- method navigator-link -->
                      </span>
                      <br/>
                      <span>
                        <img width="3%" src="failed.png"/>
                        <a href="#" class="method navigator-link" panel-name="suite-Surefire_suite" title="com.bdd.runner.TestRunner" hash-for-method="runScenario(&quot;Warning message check&quot;, &quot;Optional[User panel page feature]&quot;)">runScenario("Warning message check", "Optional[User panel page feature]")</a> <!-- method navigator-link -->
                      </span>
                      <br/>
                      <span>
                        <img width="3%" src="failed.png"/>
                        <a href="#" class="method navigator-link" panel-name="suite-Surefire_suite" title="com.bdd.runner.TestRunner" hash-for-method="runScenario(&quot;Find product, apple&quot;, &quot;Optional[Product Page features]&quot;)">runScenario("Find product, apple", "Optional[Product Page features]")</a> <!-- method navigator-link -->
                      </span>
                      <br/>
                      <span>
                        <img width="3%" src="failed.png"/>
                        <a href="#" class="method navigator-link" panel-name="suite-Surefire_suite" title="com.bdd.runner.TestRunner" hash-for-method="runScenario(&quot;Required delivery method check&quot;, &quot;Optional[Cart Page features]&quot;)">runScenario("Required delivery method check", "Optional[Cart Page features]")</a> <!-- method navigator-link -->
                      </span>
                      <br/>
                      <span>
                        <img width="3%" src="failed.png"/>
                        <a href="#" class="method navigator-link" panel-name="suite-Surefire_suite" title="com.bdd.runner.TestRunner" hash-for-method="runScenario(&quot;Business sign up with empty Name field&quot;, &quot;Optional[Product Page features]&quot;)">runScenario("Business sign up with empty Name field", "Optional[Product Page features]")</a> <!-- method navigator-link -->
                      </span>
                      <br/>
                      <span>
                        <img width="3%" src="failed.png"/>
                        <a href="#" class="method navigator-link" panel-name="suite-Surefire_suite" title="com.bdd.runner.TestRunner" hash-for-method="runScenario(&quot;Warning message check&quot;, &quot;Optional[User panel page feature]&quot;)">runScenario("Warning message check", "Optional[User panel page feature]")</a> <!-- method navigator-link -->
                      </span>
                      <br/>
                      <span>
                        <img width="3%" src="failed.png"/>
                        <a href="#" class="method navigator-link" panel-name="suite-Surefire_suite" title="com.bdd.runner.TestRunner" hash-for-method="runScenario(&quot;Recipients details error message check&quot;, &quot;Optional[Cart Page features]&quot;)">runScenario("Recipients details error message check", "Optional[Cart Page features]")</a> <!-- method navigator-link -->
                      </span>
                      <br/>
                      <span>
                        <img width="3%" src="failed.png"/>
                        <a href="#" class="method navigator-link" panel-name="suite-Surefire_suite" title="com.bdd.runner.TestRunner" hash-for-method="runScenario(&quot;Recipients details error message check&quot;, &quot;Optional[Cart Page features]&quot;)">runScenario("Recipients details error message check", "Optional[Cart Page features]")</a> <!-- method navigator-link -->
                      </span>
                      <br/>
                      <span>
                        <img width="3%" src="failed.png"/>
                        <a href="#" class="method navigator-link" panel-name="suite-Surefire_suite" title="com.bdd.runner.TestRunner" hash-for-method="runScenario(&quot;Log in with incorect password&quot;, &quot;Optional[Login Page features]&quot;)">runScenario("Log in with incorect password", "Optional[Login Page features]")</a> <!-- method navigator-link -->
                      </span>
                      <br/>
                      <span>
                        <img width="3%" src="failed.png"/>
                        <a href="#" class="method navigator-link" panel-name="suite-Surefire_suite" title="com.bdd.runner.TestRunner" hash-for-method="runScenario(&quot;Add and delete items&quot;, &quot;Optional[Cart Page features]&quot;)">runScenario("Add and delete items", "Optional[Cart Page features]")</a> <!-- method navigator-link -->
                      </span>
                      <br/>
                      <span>
                        <img width="3%" src="failed.png"/>
                        <a href="#" class="method navigator-link" panel-name="suite-Surefire_suite" title="com.bdd.runner.TestRunner" hash-for-method="runScenario(&quot;Business sign up with empty postcode field&quot;, &quot;Optional[Product Page features]&quot;)">runScenario("Business sign up with empty postcode field", "Optional[Product Page features]")</a> <!-- method navigator-link -->
                      </span>
                      <br/>
                      <span>
                        <img width="3%" src="failed.png"/>
                        <a href="#" class="method navigator-link" panel-name="suite-Surefire_suite" title="com.bdd.runner.TestRunner" hash-for-method="runScenario(&quot;Business sign up with correct credentials&quot;, &quot;Optional[Product Page features]&quot;)">runScenario("Business sign up with correct credentials", "Optional[Product Page features]")</a> <!-- method navigator-link -->
                      </span>
                      <br/>
                      <span>
                        <img width="3%" src="failed.png"/>
                        <a href="#" class="method navigator-link" panel-name="suite-Surefire_suite" title="com.bdd.runner.TestRunner" hash-for-method="runScenario(&quot;Sign in with emty email input&quot;, &quot;Optional[Signin Page features]&quot;)">runScenario("Sign in with emty email input", "Optional[Signin Page features]")</a> <!-- method navigator-link -->
                      </span>
                      <br/>
                      <span>
                        <img width="3%" src="failed.png"/>
                        <a href="#" class="method navigator-link" panel-name="suite-Surefire_suite" title="com.bdd.runner.TestRunner" hash-for-method="runScenario(&quot;Check seller, product details, Log out and cart icon number on home page&quot;, &quot;Optional[Product Page f...)">runScenario("Check seller, product details, Log out and cart icon number on home page", "Optional[Product Page f...)</a> <!-- method navigator-link -->
                      </span>
                      <br/>
                      <span>
                        <img width="3%" src="failed.png"/>
                        <a href="#" class="method navigator-link" panel-name="suite-Surefire_suite" title="com.bdd.runner.TestRunner" hash-for-method="runScenario(&quot;Warning message check&quot;, &quot;Optional[User panel page feature]&quot;)">runScenario("Warning message check", "Optional[User panel page feature]")</a> <!-- method navigator-link -->
                      </span>
                      <br/>
                      <span>
                        <img width="3%" src="failed.png"/>
                        <a href="#" class="method navigator-link" panel-name="suite-Surefire_suite" title="com.bdd.runner.TestRunner" hash-for-method="runScenario(&quot;Check carousel buttons&quot;, &quot;Optional[Home Page features]&quot;)">runScenario("Check carousel buttons", "Optional[Home Page features]")</a> <!-- method navigator-link -->
                      </span>
                      <br/>
                      <span>
                        <img width="3%" src="failed.png"/>
                        <a href="#" class="method navigator-link" panel-name="suite-Surefire_suite" title="com.bdd.runner.TestRunner" hash-for-method="runScenario(&quot;Business sign up with empty street field&quot;, &quot;Optional[Product Page features]&quot;)">runScenario("Business sign up with empty street field", "Optional[Product Page features]")</a> <!-- method navigator-link -->
                      </span>
                      <br/>
                      <span>
                        <img width="3%" src="failed.png"/>
                        <a href="#" class="method navigator-link" panel-name="suite-Surefire_suite" title="com.bdd.runner.TestRunner" hash-for-method="runScenario(&quot;Business sign up with empty Name field&quot;, &quot;Optional[Product Page features]&quot;)">runScenario("Business sign up with empty Name field", "Optional[Product Page features]")</a> <!-- method navigator-link -->
                      </span>
                      <br/>
                      <span>
                        <img width="3%" src="failed.png"/>
                        <a href="#" class="method navigator-link" panel-name="suite-Surefire_suite" title="com.bdd.runner.TestRunner" hash-for-method="runScenario(&quot;Recipients details error message check&quot;, &quot;Optional[Cart Page features]&quot;)">runScenario("Recipients details error message check", "Optional[Cart Page features]")</a> <!-- method navigator-link -->
                      </span>
                      <br/>
                      <span>
                        <img width="3%" src="failed.png"/>
                        <a href="#" class="method navigator-link" panel-name="suite-Surefire_suite" title="com.bdd.runner.TestRunner" hash-for-method="runScenario(&quot;Recipients details error message check&quot;, &quot;Optional[Cart Page features]&quot;)">runScenario("Recipients details error message check", "Optional[Cart Page features]")</a> <!-- method navigator-link -->
                      </span>
                      <br/>
                      <span>
                        <img width="3%" src="failed.png"/>
                        <a href="#" class="method navigator-link" panel-name="suite-Surefire_suite" title="com.bdd.runner.TestRunner" hash-for-method="runScenario(&quot;Search for product that no one Have&quot;, &quot;Optional[Product Page features]&quot;)">runScenario("Search for product that no one Have", "Optional[Product Page features]")</a> <!-- method navigator-link -->
                      </span>
                      <br/>
                      <span>
                        <img width="3%" src="failed.png"/>
                        <a href="#" class="method navigator-link" panel-name="suite-Surefire_suite" title="com.bdd.runner.TestRunner" hash-for-method="runScenario(&quot;Sign in with emty password input&quot;, &quot;Optional[Signin Page features]&quot;)">runScenario("Sign in with emty password input", "Optional[Signin Page features]")</a> <!-- method navigator-link -->
                      </span>
                      <br/>
                      <span>
                        <img width="3%" src="failed.png"/>
                        <a href="#" class="method navigator-link" panel-name="suite-Surefire_suite" title="com.bdd.runner.TestRunner" hash-for-method="runScenario(&quot;Buyers details filled in check&quot;, &quot;Optional[Cart Page features]&quot;)">runScenario("Buyers details filled in check", "Optional[Cart Page features]")</a> <!-- method navigator-link -->
                      </span>
                      <br/>
                      <span>
                        <img width="3%" src="failed.png"/>
                        <a href="#" class="method navigator-link" panel-name="suite-Surefire_suite" title="com.bdd.runner.TestRunner" hash-for-method="runScenario(&quot;Sign in with the same credentials&quot;, &quot;Optional[Signin Page features]&quot;)">runScenario("Sign in with the same credentials", "Optional[Signin Page features]")</a> <!-- method navigator-link -->
                      </span>
                      <br/>
                      <span>
                        <img width="3%" src="failed.png"/>
                        <a href="#" class="method navigator-link" panel-name="suite-Surefire_suite" title="com.bdd.runner.TestRunner" hash-for-method="runScenario(&quot;Business sign up with empty password field&quot;, &quot;Optional[Product Page features]&quot;)">runScenario("Business sign up with empty password field", "Optional[Product Page features]")</a> <!-- method navigator-link -->
                      </span>
                      <br/>
                    </div> <!-- method-list-content failed suite-Surefire_suite -->
                  </li>
                  <li>
                    <span class="method-list-title passed">Passed methods</span>
                    <span class="show-or-hide-methods passed">
                      <a href="#" panel-name="suite-Surefire_suite" class="hide-methods passed suite-Surefire_suite"> (hide)</a> <!-- hide-methods passed suite-Surefire_suite -->
                      <a href="#" panel-name="suite-Surefire_suite" class="show-methods passed suite-Surefire_suite"> (show)</a> <!-- show-methods passed suite-Surefire_suite -->
                    </span>
                    <div class="method-list-content passed suite-Surefire_suite">
                      <span>
                        <img width="3%" src="passed.png"/>
                        <a href="#" class="method navigator-link" panel-name="suite-Surefire_suite" title="com.bdd.runner.TestRunner" hash-for-method="runScenario(&quot;Check all links&quot;, &quot;Optional[Home Page features]&quot;)">runScenario("Check all links", "Optional[Home Page features]")</a> <!-- method navigator-link -->
                      </span>
                      <br/>
                      <span>
                        <img width="3%" src="passed.png"/>
                        <a href="#" class="method navigator-link" panel-name="suite-Surefire_suite" title="com.bdd.runner.TestRunner" hash-for-method="runScenario(&quot;Find apple product&quot;, &quot;Optional[Home Page features]&quot;)">runScenario("Find apple product", "Optional[Home Page features]")</a> <!-- method navigator-link -->
                      </span>
                      <br/>
                      <span>
                        <img width="3%" src="passed.png"/>
                        <a href="#" class="method navigator-link" panel-name="suite-Surefire_suite" title="com.bdd.runner.TestRunner" hash-for-method="runScenario(&quot;Check seller, product details and cart icon number then Log out&quot;, &quot;Optional[Home Page features]&quot;)">runScenario("Check seller, product details and cart icon number then Log out", "Optional[Home Page features]")</a> <!-- method navigator-link -->
                      </span>
                      <br/>
                      <span>
                        <img width="3%" src="passed.png"/>
                        <a href="#" class="method navigator-link" panel-name="suite-Surefire_suite" title="com.bdd.runner.TestRunner" hash-for-method="runScenario(&quot;Search for product that no one have&quot;, &quot;Optional[Home Page features]&quot;)">runScenario("Search for product that no one have", "Optional[Home Page features]")</a> <!-- method navigator-link -->
                      </span>
                      <br/>
                      <span>
                        <img width="3%" src="passed.png"/>
                        <a href="#" class="method navigator-link" panel-name="suite-Surefire_suite" title="com.bdd.runner.TestRunner" hash-for-method="runScenario(&quot;Check all links&quot;, &quot;Optional[Home Page features]&quot;)">runScenario("Check all links", "Optional[Home Page features]")</a> <!-- method navigator-link -->
                      </span>
                      <br/>
                      <span>
                        <img width="3%" src="passed.png"/>
                        <a href="#" class="method navigator-link" panel-name="suite-Surefire_suite" title="com.bdd.runner.TestRunner" hash-for-method="runScenario(&quot;Check all links&quot;, &quot;Optional[Home Page features]&quot;)">runScenario("Check all links", "Optional[Home Page features]")</a> <!-- method navigator-link -->
                      </span>
                      <br/>
                      <span>
                        <img width="3%" src="passed.png"/>
                        <a href="#" class="method navigator-link" panel-name="suite-Surefire_suite" title="com.bdd.runner.TestRunner" hash-for-method="runScenario(&quot;Check all links&quot;, &quot;Optional[Home Page features]&quot;)">runScenario("Check all links", "Optional[Home Page features]")</a> <!-- method navigator-link -->
                      </span>
                      <br/>
                      <span>
                        <img width="3%" src="passed.png"/>
                        <a href="#" class="method navigator-link" panel-name="suite-Surefire_suite" title="com.bdd.runner.TestRunner" hash-for-method="runScenario(&quot;Check all links&quot;, &quot;Optional[Home Page features]&quot;)">runScenario("Check all links", "Optional[Home Page features]")</a> <!-- method navigator-link -->
                      </span>
                      <br/>
                    </div> <!-- method-list-content passed suite-Surefire_suite -->
                  </li>
                </ul>
              </div> <!-- suite-section-content -->
            </div> <!-- result-section -->
          </div> <!-- navigator-suite-content -->
        </div> <!-- rounded-window -->
      </div> <!-- suite -->
    </div> <!-- navigator-root -->
    <div class="wrapper">
      <div class="main-panel-root">
        <div panel-name="suite-Surefire_suite" class="panel Surefire_suite">
          <div class="suite-Surefire_suite-class-failed">
            <div class="main-panel-header rounded-window-top">
              <img src="failed.png"/>
              <span class="class-name">com.bdd.runner.TestRunner</span>
            </div> <!-- main-panel-header rounded-window-top -->
            <div class="main-panel-content rounded-window-bottom">
              <div class="method">
                <div class="method-content">
                  <a name="runScenario(&quot;Recipients details error message check&quot;, &quot;Optional[Cart Page features]&quot;)">
                  </a> <!-- runScenario("Recipients details error message check", "Optional[Cart Page features]") -->
                  <span class="method-name">runScenario</span>
                  <span class="parameters">("Recipients details error message check", "Optional[Cart Page features]")</span>
                  <div class="stack-trace">io.cucumber.testng.UndefinedStepException: The step &apos;User navigates to the application&apos; and 2 other step(s) are undefined.
You can implement these steps using the snippet(s) below:

@Given(&quot;User navigates to the application&quot;)
public void user_navigates_to_the_application() {
    // Write code here that turns the phrase above into concrete actions
    throw new io.cucumber.java.PendingException();
}
@Then(&quot;Clicks on log out button&quot;)
public void clicks_on_log_out_button() {
    // Write code here that turns the phrase above into concrete actions
    throw new io.cucumber.java.PendingException();
}
@Then(&quot;Checks if there is sign in and sign up dropdown tab&quot;)
public void checks_if_there_is_sign_in_and_sign_up_dropdown_tab() {
    // Write code here that turns the phrase above into concrete actions
    throw new io.cucumber.java.PendingException();
}

	at io.cucumber.core.runtime.TestCaseResultObserver.assertTestCasePassed(TestCaseResultObserver.java:69)
	at io.cucumber.testng.TestCaseResultObserver.assertTestCasePassed(TestCaseResultObserver.java:23)
	at io.cucumber.testng.TestNGCucumberRunner.lambda$runScenario$1(TestNGCucumberRunner.java:133)
	at io.cucumber.core.runtime.CucumberExecutionContext.lambda$runTestCase$3(CucumberExecutionContext.java:110)
	at io.cucumber.core.runtime.RethrowingThrowableCollector.executeAndThrow(RethrowingThrowableCollector.java:23)
	at io.cucumber.core.runtime.CucumberExecutionContext.runTestCase(CucumberExecutionContext.java:110)
	at io.cucumber.testng.TestNGCucumberRunner.runScenario(TestNGCucumberRunner.java:129)
	at io.cucumber.testng.AbstractTestNGCucumberTests.runScenario(AbstractTestNGCucumberTests.java:35)
	at java.util.ArrayList.forEach(ArrayList.java:1257)
... Removed 31 stack frames
</div> <!-- stack-trace -->
                  <em>
(Runs Cucumber Scenarios)                  </em>
                </div> <!-- method-content -->
              </div> <!-- method -->
              <div class="method">
                <div class="method-content">
                  <a name="runScenario(&quot;Warning message check&quot;, &quot;Optional[User panel page feature]&quot;)">
                  </a> <!-- runScenario("Warning message check", "Optional[User panel page feature]") -->
                  <span class="method-name">runScenario</span>
                  <span class="parameters">("Warning message check", "Optional[User panel page feature]")</span>
                  <div class="stack-trace">io.cucumber.testng.UndefinedStepException: The step &apos;User navigates to the application&apos; and 2 other step(s) are undefined.
You can implement these steps using the snippet(s) below:

@Given(&quot;User navigates to the application&quot;)
public void user_navigates_to_the_application() {
    // Write code here that turns the phrase above into concrete actions
    throw new io.cucumber.java.PendingException();
}
@Then(&quot;Clicks on log out button&quot;)
public void clicks_on_log_out_button() {
    // Write code here that turns the phrase above into concrete actions
    throw new io.cucumber.java.PendingException();
}
@Then(&quot;Checks if there is sign in and sign up dropdown tab&quot;)
public void checks_if_there_is_sign_in_and_sign_up_dropdown_tab() {
    // Write code here that turns the phrase above into concrete actions
    throw new io.cucumber.java.PendingException();
}

	at io.cucumber.core.runtime.TestCaseResultObserver.assertTestCasePassed(TestCaseResultObserver.java:69)
	at io.cucumber.testng.TestCaseResultObserver.assertTestCasePassed(TestCaseResultObserver.java:23)
	at io.cucumber.testng.TestNGCucumberRunner.lambda$runScenario$1(TestNGCucumberRunner.java:133)
	at io.cucumber.core.runtime.CucumberExecutionContext.lambda$runTestCase$3(CucumberExecutionContext.java:110)
	at io.cucumber.core.runtime.RethrowingThrowableCollector.executeAndThrow(RethrowingThrowableCollector.java:23)
	at io.cucumber.core.runtime.CucumberExecutionContext.runTestCase(CucumberExecutionContext.java:110)
	at io.cucumber.testng.TestNGCucumberRunner.runScenario(TestNGCucumberRunner.java:129)
	at io.cucumber.testng.AbstractTestNGCucumberTests.runScenario(AbstractTestNGCucumberTests.java:35)
	at java.util.ArrayList.forEach(ArrayList.java:1257)
... Removed 31 stack frames
</div> <!-- stack-trace -->
                  <em>
(Runs Cucumber Scenarios)                  </em>
                </div> <!-- method-content -->
              </div> <!-- method -->
              <div class="method">
                <div class="method-content">
                  <a name="runScenario(&quot;Business sign up with empty city field&quot;, &quot;Optional[Product Page features]&quot;)">
                  </a> <!-- runScenario("Business sign up with empty city field", "Optional[Product Page features]") -->
                  <span class="method-name">runScenario</span>
                  <span class="parameters">("Business sign up with empty city field", "Optional[Product Page features]")</span>
                  <div class="stack-trace">io.cucumber.testng.UndefinedStepException: The step &apos;User navigates to the application&apos; and 3 other step(s) are undefined.
You can implement these steps using the snippet(s) below:

@Given(&quot;User navigates to the application&quot;)
public void user_navigates_to_the_application() {
    // Write code here that turns the phrase above into concrete actions
    throw new io.cucumber.java.PendingException();
}
@When(&quot;User clicks on the {string}&quot;)
public void user_clicks_on_the(String string) {
    // Write code here that turns the phrase above into concrete actions
    throw new io.cucumber.java.PendingException();
}
@Then(&quot;User is send to {string} page&quot;)
public void user_is_send_to_page(String string) {
    // Write code here that turns the phrase above into concrete actions
    throw new io.cucumber.java.PendingException();
}
@Then(&quot;Checks if there is sign in and sign up dropdown tab&quot;)
public void checks_if_there_is_sign_in_and_sign_up_dropdown_tab() {
    // Write code here that turns the phrase above into concrete actions
    throw new io.cucumber.java.PendingException();
}

	at io.cucumber.core.runtime.TestCaseResultObserver.assertTestCasePassed(TestCaseResultObserver.java:69)
	at io.cucumber.testng.TestCaseResultObserver.assertTestCasePassed(TestCaseResultObserver.java:23)
	at io.cucumber.testng.TestNGCucumberRunner.lambda$runScenario$1(TestNGCucumberRunner.java:133)
	at io.cucumber.core.runtime.CucumberExecutionContext.lambda$runTestCase$3(CucumberExecutionContext.java:110)
	at io.cucumber.core.runtime.RethrowingThrowableCollector.executeAndThrow(RethrowingThrowableCollector.java:23)
	at io.cucumber.core.runtime.CucumberExecutionContext.runTestCase(CucumberExecutionContext.java:110)
	at io.cucumber.testng.TestNGCucumberRunner.runScenario(TestNGCucumberRunner.java:129)
	at io.cucumber.testng.AbstractTestNGCucumberTests.runScenario(AbstractTestNGCucumberTests.java:35)
	at java.util.ArrayList.forEach(ArrayList.java:1257)
... Removed 32 stack frames
</div> <!-- stack-trace -->
                  <em>
(Runs Cucumber Scenarios)                  </em>
                </div> <!-- method-content -->
              </div> <!-- method -->
              <div class="method">
                <div class="method-content">
                  <a name="runScenario(&quot;Sign in with emty name input&quot;, &quot;Optional[Signin Page features]&quot;)">
                  </a> <!-- runScenario("Sign in with emty name input", "Optional[Signin Page features]") -->
                  <span class="method-name">runScenario</span>
                  <span class="parameters">("Sign in with emty name input", "Optional[Signin Page features]")</span>
                  <div class="stack-trace">io.cucumber.testng.UndefinedStepException: The step &apos;User navigates to the application&apos; and 2 other step(s) are undefined.
You can implement these steps using the snippet(s) below:

@Given(&quot;User navigates to the application&quot;)
public void user_navigates_to_the_application() {
    // Write code here that turns the phrase above into concrete actions
    throw new io.cucumber.java.PendingException();
}
@When(&quot;User clicks on the {string}&quot;)
public void user_clicks_on_the(String string) {
    // Write code here that turns the phrase above into concrete actions
    throw new io.cucumber.java.PendingException();
}
@Then(&quot;Checks if there is sign in and sign up dropdown tab&quot;)
public void checks_if_there_is_sign_in_and_sign_up_dropdown_tab() {
    // Write code here that turns the phrase above into concrete actions
    throw new io.cucumber.java.PendingException();
}

	at io.cucumber.core.runtime.TestCaseResultObserver.assertTestCasePassed(TestCaseResultObserver.java:69)
	at io.cucumber.testng.TestCaseResultObserver.assertTestCasePassed(TestCaseResultObserver.java:23)
	at io.cucumber.testng.TestNGCucumberRunner.lambda$runScenario$1(TestNGCucumberRunner.java:133)
	at io.cucumber.core.runtime.CucumberExecutionContext.lambda$runTestCase$3(CucumberExecutionContext.java:110)
	at io.cucumber.core.runtime.RethrowingThrowableCollector.executeAndThrow(RethrowingThrowableCollector.java:23)
	at io.cucumber.core.runtime.CucumberExecutionContext.runTestCase(CucumberExecutionContext.java:110)
	at io.cucumber.testng.TestNGCucumberRunner.runScenario(TestNGCucumberRunner.java:129)
	at io.cucumber.testng.AbstractTestNGCucumberTests.runScenario(AbstractTestNGCucumberTests.java:35)
	at java.util.ArrayList.forEach(ArrayList.java:1257)
... Removed 31 stack frames
</div> <!-- stack-trace -->
                  <em>
(Runs Cucumber Scenarios)                  </em>
                </div> <!-- method-content -->
              </div> <!-- method -->
              <div class="method">
                <div class="method-content">
                  <a name="runScenario(&quot;Price counter check&quot;, &quot;Optional[Cart Page features]&quot;)">
                  </a> <!-- runScenario("Price counter check", "Optional[Cart Page features]") -->
                  <span class="method-name">runScenario</span>
                  <span class="parameters">("Price counter check", "Optional[Cart Page features]")</span>
                  <div class="stack-trace">io.cucumber.testng.UndefinedStepException: The step &apos;User navigates to the application&apos; and 2 other step(s) are undefined.
You can implement these steps using the snippet(s) below:

@Given(&quot;User navigates to the application&quot;)
public void user_navigates_to_the_application() {
    // Write code here that turns the phrase above into concrete actions
    throw new io.cucumber.java.PendingException();
}
@Then(&quot;Clicks on log out button&quot;)
public void clicks_on_log_out_button() {
    // Write code here that turns the phrase above into concrete actions
    throw new io.cucumber.java.PendingException();
}
@Then(&quot;Checks if there is sign in and sign up dropdown tab&quot;)
public void checks_if_there_is_sign_in_and_sign_up_dropdown_tab() {
    // Write code here that turns the phrase above into concrete actions
    throw new io.cucumber.java.PendingException();
}

	at io.cucumber.core.runtime.TestCaseResultObserver.assertTestCasePassed(TestCaseResultObserver.java:69)
	at io.cucumber.testng.TestCaseResultObserver.assertTestCasePassed(TestCaseResultObserver.java:23)
	at io.cucumber.testng.TestNGCucumberRunner.lambda$runScenario$1(TestNGCucumberRunner.java:133)
	at io.cucumber.core.runtime.CucumberExecutionContext.lambda$runTestCase$3(CucumberExecutionContext.java:110)
	at io.cucumber.core.runtime.RethrowingThrowableCollector.executeAndThrow(RethrowingThrowableCollector.java:23)
	at io.cucumber.core.runtime.CucumberExecutionContext.runTestCase(CucumberExecutionContext.java:110)
	at io.cucumber.testng.TestNGCucumberRunner.runScenario(TestNGCucumberRunner.java:129)
	at io.cucumber.testng.AbstractTestNGCucumberTests.runScenario(AbstractTestNGCucumberTests.java:35)
	at java.util.ArrayList.forEach(ArrayList.java:1257)
... Removed 32 stack frames
</div> <!-- stack-trace -->
                  <em>
(Runs Cucumber Scenarios)                  </em>
                </div> <!-- method-content -->
              </div> <!-- method -->
              <div class="method">
                <div class="method-content">
                  <a name="runScenario(&quot;Sign in with corect credential&quot;, &quot;Optional[Signin Page features]&quot;)">
                  </a> <!-- runScenario("Sign in with corect credential", "Optional[Signin Page features]") -->
                  <span class="method-name">runScenario</span>
                  <span class="parameters">("Sign in with corect credential", "Optional[Signin Page features]")</span>
                  <div class="stack-trace">io.cucumber.testng.UndefinedStepException: The step &apos;User navigates to the application&apos; and 3 other step(s) are undefined.
You can implement these steps using the snippet(s) below:

@Given(&quot;User navigates to the application&quot;)
public void user_navigates_to_the_application() {
    // Write code here that turns the phrase above into concrete actions
    throw new io.cucumber.java.PendingException();
}
@When(&quot;User clicks on the {string}&quot;)
public void user_clicks_on_the(String string) {
    // Write code here that turns the phrase above into concrete actions
    throw new io.cucumber.java.PendingException();
}
@Then(&quot;Clicks on log out button&quot;)
public void clicks_on_log_out_button() {
    // Write code here that turns the phrase above into concrete actions
    throw new io.cucumber.java.PendingException();
}
@Then(&quot;Checks if there is sign in and sign up dropdown tab&quot;)
public void checks_if_there_is_sign_in_and_sign_up_dropdown_tab() {
    // Write code here that turns the phrase above into concrete actions
    throw new io.cucumber.java.PendingException();
}

	at io.cucumber.core.runtime.TestCaseResultObserver.assertTestCasePassed(TestCaseResultObserver.java:69)
	at io.cucumber.testng.TestCaseResultObserver.assertTestCasePassed(TestCaseResultObserver.java:23)
	at io.cucumber.testng.TestNGCucumberRunner.lambda$runScenario$1(TestNGCucumberRunner.java:133)
	at io.cucumber.core.runtime.CucumberExecutionContext.lambda$runTestCase$3(CucumberExecutionContext.java:110)
	at io.cucumber.core.runtime.RethrowingThrowableCollector.executeAndThrow(RethrowingThrowableCollector.java:23)
	at io.cucumber.core.runtime.CucumberExecutionContext.runTestCase(CucumberExecutionContext.java:110)
	at io.cucumber.testng.TestNGCucumberRunner.runScenario(TestNGCucumberRunner.java:129)
	at io.cucumber.testng.AbstractTestNGCucumberTests.runScenario(AbstractTestNGCucumberTests.java:35)
	at java.util.ArrayList.forEach(ArrayList.java:1257)
... Removed 31 stack frames
</div> <!-- stack-trace -->
                  <em>
(Runs Cucumber Scenarios)                  </em>
                </div> <!-- method-content -->
              </div> <!-- method -->
              <div class="method">
                <div class="method-content">
                  <a name="runScenario(&quot;Log in with incorect email&quot;, &quot;Optional[Login Page features]&quot;)">
                  </a> <!-- runScenario("Log in with incorect email", "Optional[Login Page features]") -->
                  <span class="method-name">runScenario</span>
                  <span class="parameters">("Log in with incorect email", "Optional[Login Page features]")</span>
                  <div class="stack-trace">io.cucumber.testng.UndefinedStepException: The step &apos;User navigates to the application&apos; and 2 other step(s) are undefined.
You can implement these steps using the snippet(s) below:

@Given(&quot;User navigates to the application&quot;)
public void user_navigates_to_the_application() {
    // Write code here that turns the phrase above into concrete actions
    throw new io.cucumber.java.PendingException();
}
@When(&quot;User clicks on the {string}&quot;)
public void user_clicks_on_the(String string) {
    // Write code here that turns the phrase above into concrete actions
    throw new io.cucumber.java.PendingException();
}
@Then(&quot;Checks if there is sign in and sign up dropdown tab&quot;)
public void checks_if_there_is_sign_in_and_sign_up_dropdown_tab() {
    // Write code here that turns the phrase above into concrete actions
    throw new io.cucumber.java.PendingException();
}

	at io.cucumber.core.runtime.TestCaseResultObserver.assertTestCasePassed(TestCaseResultObserver.java:69)
	at io.cucumber.testng.TestCaseResultObserver.assertTestCasePassed(TestCaseResultObserver.java:23)
	at io.cucumber.testng.TestNGCucumberRunner.lambda$runScenario$1(TestNGCucumberRunner.java:133)
	at io.cucumber.core.runtime.CucumberExecutionContext.lambda$runTestCase$3(CucumberExecutionContext.java:110)
	at io.cucumber.core.runtime.RethrowingThrowableCollector.executeAndThrow(RethrowingThrowableCollector.java:23)
	at io.cucumber.core.runtime.CucumberExecutionContext.runTestCase(CucumberExecutionContext.java:110)
	at io.cucumber.testng.TestNGCucumberRunner.runScenario(TestNGCucumberRunner.java:129)
	at io.cucumber.testng.AbstractTestNGCucumberTests.runScenario(AbstractTestNGCucumberTests.java:35)
	at java.util.ArrayList.forEach(ArrayList.java:1257)
... Removed 31 stack frames
</div> <!-- stack-trace -->
                  <em>
(Runs Cucumber Scenarios)                  </em>
                </div> <!-- method-content -->
              </div> <!-- method -->
              <div class="method">
                <div class="method-content">
                  <a name="runScenario(&quot;Recipients details error message check&quot;, &quot;Optional[Cart Page features]&quot;)">
                  </a> <!-- runScenario("Recipients details error message check", "Optional[Cart Page features]") -->
                  <span class="method-name">runScenario</span>
                  <span class="parameters">("Recipients details error message check", "Optional[Cart Page features]")</span>
                  <div class="stack-trace">io.cucumber.testng.UndefinedStepException: The step &apos;User navigates to the application&apos; and 2 other step(s) are undefined.
You can implement these steps using the snippet(s) below:

@Given(&quot;User navigates to the application&quot;)
public void user_navigates_to_the_application() {
    // Write code here that turns the phrase above into concrete actions
    throw new io.cucumber.java.PendingException();
}
@Then(&quot;Clicks on log out button&quot;)
public void clicks_on_log_out_button() {
    // Write code here that turns the phrase above into concrete actions
    throw new io.cucumber.java.PendingException();
}
@Then(&quot;Checks if there is sign in and sign up dropdown tab&quot;)
public void checks_if_there_is_sign_in_and_sign_up_dropdown_tab() {
    // Write code here that turns the phrase above into concrete actions
    throw new io.cucumber.java.PendingException();
}

	at io.cucumber.core.runtime.TestCaseResultObserver.assertTestCasePassed(TestCaseResultObserver.java:69)
	at io.cucumber.testng.TestCaseResultObserver.assertTestCasePassed(TestCaseResultObserver.java:23)
	at io.cucumber.testng.TestNGCucumberRunner.lambda$runScenario$1(TestNGCucumberRunner.java:133)
	at io.cucumber.core.runtime.CucumberExecutionContext.lambda$runTestCase$3(CucumberExecutionContext.java:110)
	at io.cucumber.core.runtime.RethrowingThrowableCollector.executeAndThrow(RethrowingThrowableCollector.java:23)
	at io.cucumber.core.runtime.CucumberExecutionContext.runTestCase(CucumberExecutionContext.java:110)
	at io.cucumber.testng.TestNGCucumberRunner.runScenario(TestNGCucumberRunner.java:129)
	at io.cucumber.testng.AbstractTestNGCucumberTests.runScenario(AbstractTestNGCucumberTests.java:35)
	at java.util.ArrayList.forEach(ArrayList.java:1257)
... Removed 32 stack frames
</div> <!-- stack-trace -->
                  <em>
(Runs Cucumber Scenarios)                  </em>
                </div> <!-- method-content -->
              </div> <!-- method -->
              <div class="method">
                <div class="method-content">
                  <a name="runScenario(&quot;Valid order check&quot;, &quot;Optional[Cart Page features]&quot;)">
                  </a> <!-- runScenario("Valid order check", "Optional[Cart Page features]") -->
                  <span class="method-name">runScenario</span>
                  <span class="parameters">("Valid order check", "Optional[Cart Page features]")</span>
                  <div class="stack-trace">io.cucumber.testng.UndefinedStepException: The step &apos;User navigates to the application&apos; and 2 other step(s) are undefined.
You can implement these steps using the snippet(s) below:

@Given(&quot;User navigates to the application&quot;)
public void user_navigates_to_the_application() {
    // Write code here that turns the phrase above into concrete actions
    throw new io.cucumber.java.PendingException();
}
@Then(&quot;Clicks on log out button&quot;)
public void clicks_on_log_out_button() {
    // Write code here that turns the phrase above into concrete actions
    throw new io.cucumber.java.PendingException();
}
@Then(&quot;Checks if there is sign in and sign up dropdown tab&quot;)
public void checks_if_there_is_sign_in_and_sign_up_dropdown_tab() {
    // Write code here that turns the phrase above into concrete actions
    throw new io.cucumber.java.PendingException();
}

	at io.cucumber.core.runtime.TestCaseResultObserver.assertTestCasePassed(TestCaseResultObserver.java:69)
	at io.cucumber.testng.TestCaseResultObserver.assertTestCasePassed(TestCaseResultObserver.java:23)
	at io.cucumber.testng.TestNGCucumberRunner.lambda$runScenario$1(TestNGCucumberRunner.java:133)
	at io.cucumber.core.runtime.CucumberExecutionContext.lambda$runTestCase$3(CucumberExecutionContext.java:110)
	at io.cucumber.core.runtime.RethrowingThrowableCollector.executeAndThrow(RethrowingThrowableCollector.java:23)
	at io.cucumber.core.runtime.CucumberExecutionContext.runTestCase(CucumberExecutionContext.java:110)
	at io.cucumber.testng.TestNGCucumberRunner.runScenario(TestNGCucumberRunner.java:129)
	at io.cucumber.testng.AbstractTestNGCucumberTests.runScenario(AbstractTestNGCucumberTests.java:35)
	at java.util.ArrayList.forEach(ArrayList.java:1257)
... Removed 31 stack frames
</div> <!-- stack-trace -->
                  <em>
(Runs Cucumber Scenarios)                  </em>
                </div> <!-- method-content -->
              </div> <!-- method -->
              <div class="method">
                <div class="method-content">
                  <a name="runScenario(&quot;Business sign up with invalid email&quot;, &quot;Optional[Product Page features]&quot;)">
                  </a> <!-- runScenario("Business sign up with invalid email", "Optional[Product Page features]") -->
                  <span class="method-name">runScenario</span>
                  <span class="parameters">("Business sign up with invalid email", "Optional[Product Page features]")</span>
                  <div class="stack-trace">io.cucumber.testng.UndefinedStepException: The step &apos;User navigates to the application&apos; and 3 other step(s) are undefined.
You can implement these steps using the snippet(s) below:

@Given(&quot;User navigates to the application&quot;)
public void user_navigates_to_the_application() {
    // Write code here that turns the phrase above into concrete actions
    throw new io.cucumber.java.PendingException();
}
@When(&quot;User clicks on the {string}&quot;)
public void user_clicks_on_the(String string) {
    // Write code here that turns the phrase above into concrete actions
    throw new io.cucumber.java.PendingException();
}
@Then(&quot;User is send to {string} page&quot;)
public void user_is_send_to_page(String string) {
    // Write code here that turns the phrase above into concrete actions
    throw new io.cucumber.java.PendingException();
}
@Then(&quot;Checks if there is sign in and sign up dropdown tab&quot;)
public void checks_if_there_is_sign_in_and_sign_up_dropdown_tab() {
    // Write code here that turns the phrase above into concrete actions
    throw new io.cucumber.java.PendingException();
}

	at io.cucumber.core.runtime.TestCaseResultObserver.assertTestCasePassed(TestCaseResultObserver.java:69)
	at io.cucumber.testng.TestCaseResultObserver.assertTestCasePassed(TestCaseResultObserver.java:23)
	at io.cucumber.testng.TestNGCucumberRunner.lambda$runScenario$1(TestNGCucumberRunner.java:133)
	at io.cucumber.core.runtime.CucumberExecutionContext.lambda$runTestCase$3(CucumberExecutionContext.java:110)
	at io.cucumber.core.runtime.RethrowingThrowableCollector.executeAndThrow(RethrowingThrowableCollector.java:23)
	at io.cucumber.core.runtime.CucumberExecutionContext.runTestCase(CucumberExecutionContext.java:110)
	at io.cucumber.testng.TestNGCucumberRunner.runScenario(TestNGCucumberRunner.java:129)
	at io.cucumber.testng.AbstractTestNGCucumberTests.runScenario(AbstractTestNGCucumberTests.java:35)
	at java.util.ArrayList.forEach(ArrayList.java:1257)
... Removed 32 stack frames
</div> <!-- stack-trace -->
                  <em>
(Runs Cucumber Scenarios)                  </em>
                </div> <!-- method-content -->
              </div> <!-- method -->
              <div class="method">
                <div class="method-content">
                  <a name="runScenario(&quot;Business sign up with empty email field&quot;, &quot;Optional[Product Page features]&quot;)">
                  </a> <!-- runScenario("Business sign up with empty email field", "Optional[Product Page features]") -->
                  <span class="method-name">runScenario</span>
                  <span class="parameters">("Business sign up with empty email field", "Optional[Product Page features]")</span>
                  <div class="stack-trace">io.cucumber.testng.UndefinedStepException: The step &apos;User navigates to the application&apos; and 3 other step(s) are undefined.
You can implement these steps using the snippet(s) below:

@Given(&quot;User navigates to the application&quot;)
public void user_navigates_to_the_application() {
    // Write code here that turns the phrase above into concrete actions
    throw new io.cucumber.java.PendingException();
}
@When(&quot;User clicks on the {string}&quot;)
public void user_clicks_on_the(String string) {
    // Write code here that turns the phrase above into concrete actions
    throw new io.cucumber.java.PendingException();
}
@Then(&quot;User is send to {string} page&quot;)
public void user_is_send_to_page(String string) {
    // Write code here that turns the phrase above into concrete actions
    throw new io.cucumber.java.PendingException();
}
@Then(&quot;Checks if there is sign in and sign up dropdown tab&quot;)
public void checks_if_there_is_sign_in_and_sign_up_dropdown_tab() {
    // Write code here that turns the phrase above into concrete actions
    throw new io.cucumber.java.PendingException();
}

	at io.cucumber.core.runtime.TestCaseResultObserver.assertTestCasePassed(TestCaseResultObserver.java:69)
	at io.cucumber.testng.TestCaseResultObserver.assertTestCasePassed(TestCaseResultObserver.java:23)
	at io.cucumber.testng.TestNGCucumberRunner.lambda$runScenario$1(TestNGCucumberRunner.java:133)
	at io.cucumber.core.runtime.CucumberExecutionContext.lambda$runTestCase$3(CucumberExecutionContext.java:110)
	at io.cucumber.core.runtime.RethrowingThrowableCollector.executeAndThrow(RethrowingThrowableCollector.java:23)
	at io.cucumber.core.runtime.CucumberExecutionContext.runTestCase(CucumberExecutionContext.java:110)
	at io.cucumber.testng.TestNGCucumberRunner.runScenario(TestNGCucumberRunner.java:129)
	at io.cucumber.testng.AbstractTestNGCucumberTests.runScenario(AbstractTestNGCucumberTests.java:35)
	at java.util.ArrayList.forEach(ArrayList.java:1257)
... Removed 32 stack frames
</div> <!-- stack-trace -->
                  <em>
(Runs Cucumber Scenarios)                  </em>
                </div> <!-- method-content -->
              </div> <!-- method -->
              <div class="method">
                <div class="method-content">
                  <a name="runScenario(&quot;Log in with correct email and password&quot;, &quot;Optional[Login Page features]&quot;)">
                  </a> <!-- runScenario("Log in with correct email and password", "Optional[Login Page features]") -->
                  <span class="method-name">runScenario</span>
                  <span class="parameters">("Log in with correct email and password", "Optional[Login Page features]")</span>
                  <div class="stack-trace">io.cucumber.testng.UndefinedStepException: The step &apos;User navigates to the application&apos; and 4 other step(s) are undefined.
You can implement these steps using the snippet(s) below:

@Given(&quot;User navigates to the application&quot;)
public void user_navigates_to_the_application() {
    // Write code here that turns the phrase above into concrete actions
    throw new io.cucumber.java.PendingException();
}
@When(&quot;User clicks on the {string}&quot;)
public void user_clicks_on_the(String string) {
    // Write code here that turns the phrase above into concrete actions
    throw new io.cucumber.java.PendingException();
}
@When(&quot;Log in with correct credential&quot;)
public void log_in_with_correct_credential() {
    // Write code here that turns the phrase above into concrete actions
    throw new io.cucumber.java.PendingException();
}
@Then(&quot;Clicks on log out button&quot;)
public void clicks_on_log_out_button() {
    // Write code here that turns the phrase above into concrete actions
    throw new io.cucumber.java.PendingException();
}
@Then(&quot;Checks if there is sign in and sign up dropdown tab&quot;)
public void checks_if_there_is_sign_in_and_sign_up_dropdown_tab() {
    // Write code here that turns the phrase above into concrete actions
    throw new io.cucumber.java.PendingException();
}

	at io.cucumber.core.runtime.TestCaseResultObserver.assertTestCasePassed(TestCaseResultObserver.java:69)
	at io.cucumber.testng.TestCaseResultObserver.assertTestCasePassed(TestCaseResultObserver.java:23)
	at io.cucumber.testng.TestNGCucumberRunner.lambda$runScenario$1(TestNGCucumberRunner.java:133)
	at io.cucumber.core.runtime.CucumberExecutionContext.lambda$runTestCase$3(CucumberExecutionContext.java:110)
	at io.cucumber.core.runtime.RethrowingThrowableCollector.executeAndThrow(RethrowingThrowableCollector.java:23)
	at io.cucumber.core.runtime.CucumberExecutionContext.runTestCase(CucumberExecutionContext.java:110)
	at io.cucumber.testng.TestNGCucumberRunner.runScenario(TestNGCucumberRunner.java:129)
	at io.cucumber.testng.AbstractTestNGCucumberTests.runScenario(AbstractTestNGCucumberTests.java:35)
	at java.util.ArrayList.forEach(ArrayList.java:1257)
... Removed 31 stack frames
</div> <!-- stack-trace -->
                  <em>
(Runs Cucumber Scenarios)                  </em>
                </div> <!-- method-content -->
              </div> <!-- method -->
              <div class="method">
                <div class="method-content">
                  <a name="runScenario(&quot;log in private user and check if panel is displayed&quot;, &quot;Optional[User panel page feature]&quot;)">
                  </a> <!-- runScenario("log in private user and check if panel is displayed", "Optional[User panel page feature]") -->
                  <span class="method-name">runScenario</span>
                  <span class="parameters">("log in private user and check if panel is displayed", "Optional[User panel page feature]")</span>
                  <div class="stack-trace">io.cucumber.testng.UndefinedStepException: The step &apos;User navigates to the application&apos; and 2 other step(s) are undefined.
You can implement these steps using the snippet(s) below:

@Given(&quot;User navigates to the application&quot;)
public void user_navigates_to_the_application() {
    // Write code here that turns the phrase above into concrete actions
    throw new io.cucumber.java.PendingException();
}
@Then(&quot;Clicks on log out button&quot;)
public void clicks_on_log_out_button() {
    // Write code here that turns the phrase above into concrete actions
    throw new io.cucumber.java.PendingException();
}
@Then(&quot;Checks if there is sign in and sign up dropdown tab&quot;)
public void checks_if_there_is_sign_in_and_sign_up_dropdown_tab() {
    // Write code here that turns the phrase above into concrete actions
    throw new io.cucumber.java.PendingException();
}

	at io.cucumber.core.runtime.TestCaseResultObserver.assertTestCasePassed(TestCaseResultObserver.java:69)
	at io.cucumber.testng.TestCaseResultObserver.assertTestCasePassed(TestCaseResultObserver.java:23)
	at io.cucumber.testng.TestNGCucumberRunner.lambda$runScenario$1(TestNGCucumberRunner.java:133)
	at io.cucumber.core.runtime.CucumberExecutionContext.lambda$runTestCase$3(CucumberExecutionContext.java:110)
	at io.cucumber.core.runtime.RethrowingThrowableCollector.executeAndThrow(RethrowingThrowableCollector.java:23)
	at io.cucumber.core.runtime.CucumberExecutionContext.runTestCase(CucumberExecutionContext.java:110)
	at io.cucumber.testng.TestNGCucumberRunner.runScenario(TestNGCucumberRunner.java:129)
	at io.cucumber.testng.AbstractTestNGCucumberTests.runScenario(AbstractTestNGCucumberTests.java:35)
	at java.util.ArrayList.forEach(ArrayList.java:1257)
... Removed 31 stack frames
</div> <!-- stack-trace -->
                  <em>
(Runs Cucumber Scenarios)                  </em>
                </div> <!-- method-content -->
              </div> <!-- method -->
              <div class="method">
                <div class="method-content">
                  <a name="runScenario(&quot;Warning message check&quot;, &quot;Optional[User panel page feature]&quot;)">
                  </a> <!-- runScenario("Warning message check", "Optional[User panel page feature]") -->
                  <span class="method-name">runScenario</span>
                  <span class="parameters">("Warning message check", "Optional[User panel page feature]")</span>
                  <div class="stack-trace">io.cucumber.testng.UndefinedStepException: The step &apos;User navigates to the application&apos; and 2 other step(s) are undefined.
You can implement these steps using the snippet(s) below:

@Given(&quot;User navigates to the application&quot;)
public void user_navigates_to_the_application() {
    // Write code here that turns the phrase above into concrete actions
    throw new io.cucumber.java.PendingException();
}
@Then(&quot;Clicks on log out button&quot;)
public void clicks_on_log_out_button() {
    // Write code here that turns the phrase above into concrete actions
    throw new io.cucumber.java.PendingException();
}
@Then(&quot;Checks if there is sign in and sign up dropdown tab&quot;)
public void checks_if_there_is_sign_in_and_sign_up_dropdown_tab() {
    // Write code here that turns the phrase above into concrete actions
    throw new io.cucumber.java.PendingException();
}

	at io.cucumber.core.runtime.TestCaseResultObserver.assertTestCasePassed(TestCaseResultObserver.java:69)
	at io.cucumber.testng.TestCaseResultObserver.assertTestCasePassed(TestCaseResultObserver.java:23)
	at io.cucumber.testng.TestNGCucumberRunner.lambda$runScenario$1(TestNGCucumberRunner.java:133)
	at io.cucumber.core.runtime.CucumberExecutionContext.lambda$runTestCase$3(CucumberExecutionContext.java:110)
	at io.cucumber.core.runtime.RethrowingThrowableCollector.executeAndThrow(RethrowingThrowableCollector.java:23)
	at io.cucumber.core.runtime.CucumberExecutionContext.runTestCase(CucumberExecutionContext.java:110)
	at io.cucumber.testng.TestNGCucumberRunner.runScenario(TestNGCucumberRunner.java:129)
	at io.cucumber.testng.AbstractTestNGCucumberTests.runScenario(AbstractTestNGCucumberTests.java:35)
	at java.util.ArrayList.forEach(ArrayList.java:1257)
... Removed 31 stack frames
</div> <!-- stack-trace -->
                  <em>
(Runs Cucumber Scenarios)                  </em>
                </div> <!-- method-content -->
              </div> <!-- method -->
              <div class="method">
                <div class="method-content">
                  <a name="runScenario(&quot;Find product, apple&quot;, &quot;Optional[Product Page features]&quot;)">
                  </a> <!-- runScenario("Find product, apple", "Optional[Product Page features]") -->
                  <span class="method-name">runScenario</span>
                  <span class="parameters">("Find product, apple", "Optional[Product Page features]")</span>
                  <div class="stack-trace">io.cucumber.testng.UndefinedStepException: The step &apos;User navigates to the application&apos; and 4 other step(s) are undefined.
You can implement these steps using the snippet(s) below:

@Given(&quot;User navigates to the application&quot;)
public void user_navigates_to_the_application() {
    // Write code here that turns the phrase above into concrete actions
    throw new io.cucumber.java.PendingException();
}
@When(&quot;User clicks on the {string}&quot;)
public void user_clicks_on_the(String string) {
    // Write code here that turns the phrase above into concrete actions
    throw new io.cucumber.java.PendingException();
}
@Then(&quot;User is send to {string} page&quot;)
public void user_is_send_to_page(String string) {
    // Write code here that turns the phrase above into concrete actions
    throw new io.cucumber.java.PendingException();
}
@When(&quot;User types {string} name&quot;)
public void user_types_name(String string) {
    // Write code here that turns the phrase above into concrete actions
    throw new io.cucumber.java.PendingException();
}
@When(&quot;Choose product&quot;)
public void choose_product() {
    // Write code here that turns the phrase above into concrete actions
    throw new io.cucumber.java.PendingException();
}

	at io.cucumber.core.runtime.TestCaseResultObserver.assertTestCasePassed(TestCaseResultObserver.java:69)
	at io.cucumber.testng.TestCaseResultObserver.assertTestCasePassed(TestCaseResultObserver.java:23)
	at io.cucumber.testng.TestNGCucumberRunner.lambda$runScenario$1(TestNGCucumberRunner.java:133)
	at io.cucumber.core.runtime.CucumberExecutionContext.lambda$runTestCase$3(CucumberExecutionContext.java:110)
	at io.cucumber.core.runtime.RethrowingThrowableCollector.executeAndThrow(RethrowingThrowableCollector.java:23)
	at io.cucumber.core.runtime.CucumberExecutionContext.runTestCase(CucumberExecutionContext.java:110)
	at io.cucumber.testng.TestNGCucumberRunner.runScenario(TestNGCucumberRunner.java:129)
	at io.cucumber.testng.AbstractTestNGCucumberTests.runScenario(AbstractTestNGCucumberTests.java:35)
	at java.util.ArrayList.forEach(ArrayList.java:1257)
... Removed 31 stack frames
</div> <!-- stack-trace -->
                  <em>
(Runs Cucumber Scenarios)                  </em>
                </div> <!-- method-content -->
              </div> <!-- method -->
              <div class="method">
                <div class="method-content">
                  <a name="runScenario(&quot;Required delivery method check&quot;, &quot;Optional[Cart Page features]&quot;)">
                  </a> <!-- runScenario("Required delivery method check", "Optional[Cart Page features]") -->
                  <span class="method-name">runScenario</span>
                  <span class="parameters">("Required delivery method check", "Optional[Cart Page features]")</span>
                  <div class="stack-trace">io.cucumber.testng.UndefinedStepException: The step &apos;User navigates to the application&apos; and 2 other step(s) are undefined.
You can implement these steps using the snippet(s) below:

@Given(&quot;User navigates to the application&quot;)
public void user_navigates_to_the_application() {
    // Write code here that turns the phrase above into concrete actions
    throw new io.cucumber.java.PendingException();
}
@Then(&quot;Clicks on log out button&quot;)
public void clicks_on_log_out_button() {
    // Write code here that turns the phrase above into concrete actions
    throw new io.cucumber.java.PendingException();
}
@Then(&quot;Checks if there is sign in and sign up dropdown tab&quot;)
public void checks_if_there_is_sign_in_and_sign_up_dropdown_tab() {
    // Write code here that turns the phrase above into concrete actions
    throw new io.cucumber.java.PendingException();
}

	at io.cucumber.core.runtime.TestCaseResultObserver.assertTestCasePassed(TestCaseResultObserver.java:69)
	at io.cucumber.testng.TestCaseResultObserver.assertTestCasePassed(TestCaseResultObserver.java:23)
	at io.cucumber.testng.TestNGCucumberRunner.lambda$runScenario$1(TestNGCucumberRunner.java:133)
	at io.cucumber.core.runtime.CucumberExecutionContext.lambda$runTestCase$3(CucumberExecutionContext.java:110)
	at io.cucumber.core.runtime.RethrowingThrowableCollector.executeAndThrow(RethrowingThrowableCollector.java:23)
	at io.cucumber.core.runtime.CucumberExecutionContext.runTestCase(CucumberExecutionContext.java:110)
	at io.cucumber.testng.TestNGCucumberRunner.runScenario(TestNGCucumberRunner.java:129)
	at io.cucumber.testng.AbstractTestNGCucumberTests.runScenario(AbstractTestNGCucumberTests.java:35)
	at java.util.ArrayList.forEach(ArrayList.java:1257)
... Removed 32 stack frames
</div> <!-- stack-trace -->
                  <em>
(Runs Cucumber Scenarios)                  </em>
                </div> <!-- method-content -->
              </div> <!-- method -->
              <div class="method">
                <div class="method-content">
                  <a name="runScenario(&quot;Business sign up with empty Name field&quot;, &quot;Optional[Product Page features]&quot;)">
                  </a> <!-- runScenario("Business sign up with empty Name field", "Optional[Product Page features]") -->
                  <span class="method-name">runScenario</span>
                  <span class="parameters">("Business sign up with empty Name field", "Optional[Product Page features]")</span>
                  <div class="stack-trace">io.cucumber.testng.UndefinedStepException: The step &apos;User navigates to the application&apos; and 3 other step(s) are undefined.
You can implement these steps using the snippet(s) below:

@Given(&quot;User navigates to the application&quot;)
public void user_navigates_to_the_application() {
    // Write code here that turns the phrase above into concrete actions
    throw new io.cucumber.java.PendingException();
}
@When(&quot;User clicks on the {string}&quot;)
public void user_clicks_on_the(String string) {
    // Write code here that turns the phrase above into concrete actions
    throw new io.cucumber.java.PendingException();
}
@Then(&quot;User is send to {string} page&quot;)
public void user_is_send_to_page(String string) {
    // Write code here that turns the phrase above into concrete actions
    throw new io.cucumber.java.PendingException();
}
@Then(&quot;Checks if there is sign in and sign up dropdown tab&quot;)
public void checks_if_there_is_sign_in_and_sign_up_dropdown_tab() {
    // Write code here that turns the phrase above into concrete actions
    throw new io.cucumber.java.PendingException();
}

	at io.cucumber.core.runtime.TestCaseResultObserver.assertTestCasePassed(TestCaseResultObserver.java:69)
	at io.cucumber.testng.TestCaseResultObserver.assertTestCasePassed(TestCaseResultObserver.java:23)
	at io.cucumber.testng.TestNGCucumberRunner.lambda$runScenario$1(TestNGCucumberRunner.java:133)
	at io.cucumber.core.runtime.CucumberExecutionContext.lambda$runTestCase$3(CucumberExecutionContext.java:110)
	at io.cucumber.core.runtime.RethrowingThrowableCollector.executeAndThrow(RethrowingThrowableCollector.java:23)
	at io.cucumber.core.runtime.CucumberExecutionContext.runTestCase(CucumberExecutionContext.java:110)
	at io.cucumber.testng.TestNGCucumberRunner.runScenario(TestNGCucumberRunner.java:129)
	at io.cucumber.testng.AbstractTestNGCucumberTests.runScenario(AbstractTestNGCucumberTests.java:35)
	at java.util.ArrayList.forEach(ArrayList.java:1257)
... Removed 32 stack frames
</div> <!-- stack-trace -->
                  <em>
(Runs Cucumber Scenarios)                  </em>
                </div> <!-- method-content -->
              </div> <!-- method -->
              <div class="method">
                <div class="method-content">
                  <a name="runScenario(&quot;Warning message check&quot;, &quot;Optional[User panel page feature]&quot;)">
                  </a> <!-- runScenario("Warning message check", "Optional[User panel page feature]") -->
                  <span class="method-name">runScenario</span>
                  <span class="parameters">("Warning message check", "Optional[User panel page feature]")</span>
                  <div class="stack-trace">io.cucumber.testng.UndefinedStepException: The step &apos;User navigates to the application&apos; and 8 other step(s) are undefined.
You can implement these steps using the snippet(s) below:

@Given(&quot;User navigates to the application&quot;)
public void user_navigates_to_the_application() {
    // Write code here that turns the phrase above into concrete actions
    throw new io.cucumber.java.PendingException();
}
@Then(&quot;Navigate to the home page&quot;)
public void navigate_to_the_home_page() {
    // Write code here that turns the phrase above into concrete actions
    throw new io.cucumber.java.PendingException();
}
@Then(&quot;User types {string} name&quot;)
public void user_types_name(String string) {
    // Write code here that turns the phrase above into concrete actions
    throw new io.cucumber.java.PendingException();
}
@Then(&quot;Choose product&quot;)
public void choose_product() {
    // Write code here that turns the phrase above into concrete actions
    throw new io.cucumber.java.PendingException();
}
@Then(&quot;Clicks on the product details button&quot;)
public void clicks_on_the_product_details_button() {
    // Write code here that turns the phrase above into concrete actions
    throw new io.cucumber.java.PendingException();
}
@Then(&quot;User is send to product seller details tab&quot;)
public void user_is_send_to_product_seller_details_tab() {
    // Write code here that turns the phrase above into concrete actions
    throw new io.cucumber.java.PendingException();
}
@Then(&quot;Add products to cart, one of each kind&quot;)
public void add_products_to_cart_one_of_each_kind() {
    // Write code here that turns the phrase above into concrete actions
    throw new io.cucumber.java.PendingException();
}
@Then(&quot;Clicks on log out button&quot;)
public void clicks_on_log_out_button() {
    // Write code here that turns the phrase above into concrete actions
    throw new io.cucumber.java.PendingException();
}
@Then(&quot;Checks if there is sign in and sign up dropdown tab&quot;)
public void checks_if_there_is_sign_in_and_sign_up_dropdown_tab() {
    // Write code here that turns the phrase above into concrete actions
    throw new io.cucumber.java.PendingException();
}

	at io.cucumber.core.runtime.TestCaseResultObserver.assertTestCasePassed(TestCaseResultObserver.java:69)
	at io.cucumber.testng.TestCaseResultObserver.assertTestCasePassed(TestCaseResultObserver.java:23)
	at io.cucumber.testng.TestNGCucumberRunner.lambda$runScenario$1(TestNGCucumberRunner.java:133)
	at io.cucumber.core.runtime.CucumberExecutionContext.lambda$runTestCase$3(CucumberExecutionContext.java:110)
	at io.cucumber.core.runtime.RethrowingThrowableCollector.executeAndThrow(RethrowingThrowableCollector.java:23)
	at io.cucumber.core.runtime.CucumberExecutionContext.runTestCase(CucumberExecutionContext.java:110)
	at io.cucumber.testng.TestNGCucumberRunner.runScenario(TestNGCucumberRunner.java:129)
	at io.cucumber.testng.AbstractTestNGCucumberTests.runScenario(AbstractTestNGCucumberTests.java:35)
	at java.util.ArrayList.forEach(ArrayList.java:1257)
... Removed 31 stack frames
</div> <!-- stack-trace -->
                  <em>
(Runs Cucumber Scenarios)                  </em>
                </div> <!-- method-content -->
              </div> <!-- method -->
              <div class="method">
                <div class="method-content">
                  <a name="runScenario(&quot;Recipients details error message check&quot;, &quot;Optional[Cart Page features]&quot;)">
                  </a> <!-- runScenario("Recipients details error message check", "Optional[Cart Page features]") -->
                  <span class="method-name">runScenario</span>
                  <span class="parameters">("Recipients details error message check", "Optional[Cart Page features]")</span>
                  <div class="stack-trace">io.cucumber.testng.UndefinedStepException: The step &apos;User navigates to the application&apos; and 2 other step(s) are undefined.
You can implement these steps using the snippet(s) below:

@Given(&quot;User navigates to the application&quot;)
public void user_navigates_to_the_application() {
    // Write code here that turns the phrase above into concrete actions
    throw new io.cucumber.java.PendingException();
}
@Then(&quot;Clicks on log out button&quot;)
public void clicks_on_log_out_button() {
    // Write code here that turns the phrase above into concrete actions
    throw new io.cucumber.java.PendingException();
}
@Then(&quot;Checks if there is sign in and sign up dropdown tab&quot;)
public void checks_if_there_is_sign_in_and_sign_up_dropdown_tab() {
    // Write code here that turns the phrase above into concrete actions
    throw new io.cucumber.java.PendingException();
}

	at io.cucumber.core.runtime.TestCaseResultObserver.assertTestCasePassed(TestCaseResultObserver.java:69)
	at io.cucumber.testng.TestCaseResultObserver.assertTestCasePassed(TestCaseResultObserver.java:23)
	at io.cucumber.testng.TestNGCucumberRunner.lambda$runScenario$1(TestNGCucumberRunner.java:133)
	at io.cucumber.core.runtime.CucumberExecutionContext.lambda$runTestCase$3(CucumberExecutionContext.java:110)
	at io.cucumber.core.runtime.RethrowingThrowableCollector.executeAndThrow(RethrowingThrowableCollector.java:23)
	at io.cucumber.core.runtime.CucumberExecutionContext.runTestCase(CucumberExecutionContext.java:110)
	at io.cucumber.testng.TestNGCucumberRunner.runScenario(TestNGCucumberRunner.java:129)
	at io.cucumber.testng.AbstractTestNGCucumberTests.runScenario(AbstractTestNGCucumberTests.java:35)
	at java.util.ArrayList.forEach(ArrayList.java:1257)
... Removed 31 stack frames
</div> <!-- stack-trace -->
                  <em>
(Runs Cucumber Scenarios)                  </em>
                </div> <!-- method-content -->
              </div> <!-- method -->
              <div class="method">
                <div class="method-content">
                  <a name="runScenario(&quot;Recipients details error message check&quot;, &quot;Optional[Cart Page features]&quot;)">
                  </a> <!-- runScenario("Recipients details error message check", "Optional[Cart Page features]") -->
                  <span class="method-name">runScenario</span>
                  <span class="parameters">("Recipients details error message check", "Optional[Cart Page features]")</span>
                  <div class="stack-trace">io.cucumber.testng.UndefinedStepException: The step &apos;User navigates to the application&apos; and 2 other step(s) are undefined.
You can implement these steps using the snippet(s) below:

@Given(&quot;User navigates to the application&quot;)
public void user_navigates_to_the_application() {
    // Write code here that turns the phrase above into concrete actions
    throw new io.cucumber.java.PendingException();
}
@Then(&quot;Clicks on log out button&quot;)
public void clicks_on_log_out_button() {
    // Write code here that turns the phrase above into concrete actions
    throw new io.cucumber.java.PendingException();
}
@Then(&quot;Checks if there is sign in and sign up dropdown tab&quot;)
public void checks_if_there_is_sign_in_and_sign_up_dropdown_tab() {
    // Write code here that turns the phrase above into concrete actions
    throw new io.cucumber.java.PendingException();
}

	at io.cucumber.core.runtime.TestCaseResultObserver.assertTestCasePassed(TestCaseResultObserver.java:69)
	at io.cucumber.testng.TestCaseResultObserver.assertTestCasePassed(TestCaseResultObserver.java:23)
	at io.cucumber.testng.TestNGCucumberRunner.lambda$runScenario$1(TestNGCucumberRunner.java:133)
	at io.cucumber.core.runtime.CucumberExecutionContext.lambda$runTestCase$3(CucumberExecutionContext.java:110)
	at io.cucumber.core.runtime.RethrowingThrowableCollector.executeAndThrow(RethrowingThrowableCollector.java:23)
	at io.cucumber.core.runtime.CucumberExecutionContext.runTestCase(CucumberExecutionContext.java:110)
	at io.cucumber.testng.TestNGCucumberRunner.runScenario(TestNGCucumberRunner.java:129)
	at io.cucumber.testng.AbstractTestNGCucumberTests.runScenario(AbstractTestNGCucumberTests.java:35)
	at java.util.ArrayList.forEach(ArrayList.java:1257)
... Removed 31 stack frames
</div> <!-- stack-trace -->
                  <em>
(Runs Cucumber Scenarios)                  </em>
                </div> <!-- method-content -->
              </div> <!-- method -->
              <div class="method">
                <div class="method-content">
                  <a name="runScenario(&quot;Log in with incorect password&quot;, &quot;Optional[Login Page features]&quot;)">
                  </a> <!-- runScenario("Log in with incorect password", "Optional[Login Page features]") -->
                  <span class="method-name">runScenario</span>
                  <span class="parameters">("Log in with incorect password", "Optional[Login Page features]")</span>
                  <div class="stack-trace">io.cucumber.testng.UndefinedStepException: The step &apos;User navigates to the application&apos; and 2 other step(s) are undefined.
You can implement these steps using the snippet(s) below:

@Given(&quot;User navigates to the application&quot;)
public void user_navigates_to_the_application() {
    // Write code here that turns the phrase above into concrete actions
    throw new io.cucumber.java.PendingException();
}
@When(&quot;User clicks on the {string}&quot;)
public void user_clicks_on_the(String string) {
    // Write code here that turns the phrase above into concrete actions
    throw new io.cucumber.java.PendingException();
}
@Then(&quot;Checks if there is sign in and sign up dropdown tab&quot;)
public void checks_if_there_is_sign_in_and_sign_up_dropdown_tab() {
    // Write code here that turns the phrase above into concrete actions
    throw new io.cucumber.java.PendingException();
}

	at io.cucumber.core.runtime.TestCaseResultObserver.assertTestCasePassed(TestCaseResultObserver.java:69)
	at io.cucumber.testng.TestCaseResultObserver.assertTestCasePassed(TestCaseResultObserver.java:23)
	at io.cucumber.testng.TestNGCucumberRunner.lambda$runScenario$1(TestNGCucumberRunner.java:133)
	at io.cucumber.core.runtime.CucumberExecutionContext.lambda$runTestCase$3(CucumberExecutionContext.java:110)
	at io.cucumber.core.runtime.RethrowingThrowableCollector.executeAndThrow(RethrowingThrowableCollector.java:23)
	at io.cucumber.core.runtime.CucumberExecutionContext.runTestCase(CucumberExecutionContext.java:110)
	at io.cucumber.testng.TestNGCucumberRunner.runScenario(TestNGCucumberRunner.java:129)
	at io.cucumber.testng.AbstractTestNGCucumberTests.runScenario(AbstractTestNGCucumberTests.java:35)
	at java.util.ArrayList.forEach(ArrayList.java:1257)
... Removed 31 stack frames
</div> <!-- stack-trace -->
                  <em>
(Runs Cucumber Scenarios)                  </em>
                </div> <!-- method-content -->
              </div> <!-- method -->
              <div class="method">
                <div class="method-content">
                  <a name="runScenario(&quot;Add and delete items&quot;, &quot;Optional[Cart Page features]&quot;)">
                  </a> <!-- runScenario("Add and delete items", "Optional[Cart Page features]") -->
                  <span class="method-name">runScenario</span>
                  <span class="parameters">("Add and delete items", "Optional[Cart Page features]")</span>
                  <div class="stack-trace">io.cucumber.testng.UndefinedStepException: The step &apos;User navigates to the application&apos; and 2 other step(s) are undefined.
You can implement these steps using the snippet(s) below:

@Given(&quot;User navigates to the application&quot;)
public void user_navigates_to_the_application() {
    // Write code here that turns the phrase above into concrete actions
    throw new io.cucumber.java.PendingException();
}
@Then(&quot;Clicks on log out button&quot;)
public void clicks_on_log_out_button() {
    // Write code here that turns the phrase above into concrete actions
    throw new io.cucumber.java.PendingException();
}
@Then(&quot;Checks if there is sign in and sign up dropdown tab&quot;)
public void checks_if_there_is_sign_in_and_sign_up_dropdown_tab() {
    // Write code here that turns the phrase above into concrete actions
    throw new io.cucumber.java.PendingException();
}

	at io.cucumber.core.runtime.TestCaseResultObserver.assertTestCasePassed(TestCaseResultObserver.java:69)
	at io.cucumber.testng.TestCaseResultObserver.assertTestCasePassed(TestCaseResultObserver.java:23)
	at io.cucumber.testng.TestNGCucumberRunner.lambda$runScenario$1(TestNGCucumberRunner.java:133)
	at io.cucumber.core.runtime.CucumberExecutionContext.lambda$runTestCase$3(CucumberExecutionContext.java:110)
	at io.cucumber.core.runtime.RethrowingThrowableCollector.executeAndThrow(RethrowingThrowableCollector.java:23)
	at io.cucumber.core.runtime.CucumberExecutionContext.runTestCase(CucumberExecutionContext.java:110)
	at io.cucumber.testng.TestNGCucumberRunner.runScenario(TestNGCucumberRunner.java:129)
	at io.cucumber.testng.AbstractTestNGCucumberTests.runScenario(AbstractTestNGCucumberTests.java:35)
	at java.util.ArrayList.forEach(ArrayList.java:1257)
... Removed 32 stack frames
</div> <!-- stack-trace -->
                  <em>
(Runs Cucumber Scenarios)                  </em>
                </div> <!-- method-content -->
              </div> <!-- method -->
              <div class="method">
                <div class="method-content">
                  <a name="runScenario(&quot;Business sign up with empty postcode field&quot;, &quot;Optional[Product Page features]&quot;)">
                  </a> <!-- runScenario("Business sign up with empty postcode field", "Optional[Product Page features]") -->
                  <span class="method-name">runScenario</span>
                  <span class="parameters">("Business sign up with empty postcode field", "Optional[Product Page features]")</span>
                  <div class="stack-trace">io.cucumber.testng.UndefinedStepException: The step &apos;User navigates to the application&apos; and 3 other step(s) are undefined.
You can implement these steps using the snippet(s) below:

@Given(&quot;User navigates to the application&quot;)
public void user_navigates_to_the_application() {
    // Write code here that turns the phrase above into concrete actions
    throw new io.cucumber.java.PendingException();
}
@When(&quot;User clicks on the {string}&quot;)
public void user_clicks_on_the(String string) {
    // Write code here that turns the phrase above into concrete actions
    throw new io.cucumber.java.PendingException();
}
@Then(&quot;User is send to {string} page&quot;)
public void user_is_send_to_page(String string) {
    // Write code here that turns the phrase above into concrete actions
    throw new io.cucumber.java.PendingException();
}
@Then(&quot;Checks if there is sign in and sign up dropdown tab&quot;)
public void checks_if_there_is_sign_in_and_sign_up_dropdown_tab() {
    // Write code here that turns the phrase above into concrete actions
    throw new io.cucumber.java.PendingException();
}

	at io.cucumber.core.runtime.TestCaseResultObserver.assertTestCasePassed(TestCaseResultObserver.java:69)
	at io.cucumber.testng.TestCaseResultObserver.assertTestCasePassed(TestCaseResultObserver.java:23)
	at io.cucumber.testng.TestNGCucumberRunner.lambda$runScenario$1(TestNGCucumberRunner.java:133)
	at io.cucumber.core.runtime.CucumberExecutionContext.lambda$runTestCase$3(CucumberExecutionContext.java:110)
	at io.cucumber.core.runtime.RethrowingThrowableCollector.executeAndThrow(RethrowingThrowableCollector.java:23)
	at io.cucumber.core.runtime.CucumberExecutionContext.runTestCase(CucumberExecutionContext.java:110)
	at io.cucumber.testng.TestNGCucumberRunner.runScenario(TestNGCucumberRunner.java:129)
	at io.cucumber.testng.AbstractTestNGCucumberTests.runScenario(AbstractTestNGCucumberTests.java:35)
	at java.util.ArrayList.forEach(ArrayList.java:1257)
... Removed 32 stack frames
</div> <!-- stack-trace -->
                  <em>
(Runs Cucumber Scenarios)                  </em>
                </div> <!-- method-content -->
              </div> <!-- method -->
              <div class="method">
                <div class="method-content">
                  <a name="runScenario(&quot;Business sign up with correct credentials&quot;, &quot;Optional[Product Page features]&quot;)">
                  </a> <!-- runScenario("Business sign up with correct credentials", "Optional[Product Page features]") -->
                  <span class="method-name">runScenario</span>
                  <span class="parameters">("Business sign up with correct credentials", "Optional[Product Page features]")</span>
                  <div class="stack-trace">io.cucumber.testng.UndefinedStepException: The step &apos;User navigates to the application&apos; and 3 other step(s) are undefined.
You can implement these steps using the snippet(s) below:

@Given(&quot;User navigates to the application&quot;)
public void user_navigates_to_the_application() {
    // Write code here that turns the phrase above into concrete actions
    throw new io.cucumber.java.PendingException();
}
@When(&quot;User clicks on the {string}&quot;)
public void user_clicks_on_the(String string) {
    // Write code here that turns the phrase above into concrete actions
    throw new io.cucumber.java.PendingException();
}
@Then(&quot;User is send to {string} page&quot;)
public void user_is_send_to_page(String string) {
    // Write code here that turns the phrase above into concrete actions
    throw new io.cucumber.java.PendingException();
}
@Then(&quot;Clicks on log out button&quot;)
public void clicks_on_log_out_button() {
    // Write code here that turns the phrase above into concrete actions
    throw new io.cucumber.java.PendingException();
}

	at io.cucumber.core.runtime.TestCaseResultObserver.assertTestCasePassed(TestCaseResultObserver.java:69)
	at io.cucumber.testng.TestCaseResultObserver.assertTestCasePassed(TestCaseResultObserver.java:23)
	at io.cucumber.testng.TestNGCucumberRunner.lambda$runScenario$1(TestNGCucumberRunner.java:133)
	at io.cucumber.core.runtime.CucumberExecutionContext.lambda$runTestCase$3(CucumberExecutionContext.java:110)
	at io.cucumber.core.runtime.RethrowingThrowableCollector.executeAndThrow(RethrowingThrowableCollector.java:23)
	at io.cucumber.core.runtime.CucumberExecutionContext.runTestCase(CucumberExecutionContext.java:110)
	at io.cucumber.testng.TestNGCucumberRunner.runScenario(TestNGCucumberRunner.java:129)
	at io.cucumber.testng.AbstractTestNGCucumberTests.runScenario(AbstractTestNGCucumberTests.java:35)
	at java.util.ArrayList.forEach(ArrayList.java:1257)
... Removed 32 stack frames
</div> <!-- stack-trace -->
                  <em>
(Runs Cucumber Scenarios)                  </em>
                </div> <!-- method-content -->
              </div> <!-- method -->
              <div class="method">
                <div class="method-content">
                  <a name="runScenario(&quot;Sign in with emty email input&quot;, &quot;Optional[Signin Page features]&quot;)">
                  </a> <!-- runScenario("Sign in with emty email input", "Optional[Signin Page features]") -->
                  <span class="method-name">runScenario</span>
                  <span class="parameters">("Sign in with emty email input", "Optional[Signin Page features]")</span>
                  <div class="stack-trace">io.cucumber.testng.UndefinedStepException: The step &apos;User navigates to the application&apos; and 2 other step(s) are undefined.
You can implement these steps using the snippet(s) below:

@Given(&quot;User navigates to the application&quot;)
public void user_navigates_to_the_application() {
    // Write code here that turns the phrase above into concrete actions
    throw new io.cucumber.java.PendingException();
}
@When(&quot;User clicks on the {string}&quot;)
public void user_clicks_on_the(String string) {
    // Write code here that turns the phrase above into concrete actions
    throw new io.cucumber.java.PendingException();
}
@Then(&quot;Checks if there is sign in and sign up dropdown tab&quot;)
public void checks_if_there_is_sign_in_and_sign_up_dropdown_tab() {
    // Write code here that turns the phrase above into concrete actions
    throw new io.cucumber.java.PendingException();
}

	at io.cucumber.core.runtime.TestCaseResultObserver.assertTestCasePassed(TestCaseResultObserver.java:69)
	at io.cucumber.testng.TestCaseResultObserver.assertTestCasePassed(TestCaseResultObserver.java:23)
	at io.cucumber.testng.TestNGCucumberRunner.lambda$runScenario$1(TestNGCucumberRunner.java:133)
	at io.cucumber.core.runtime.CucumberExecutionContext.lambda$runTestCase$3(CucumberExecutionContext.java:110)
	at io.cucumber.core.runtime.RethrowingThrowableCollector.executeAndThrow(RethrowingThrowableCollector.java:23)
	at io.cucumber.core.runtime.CucumberExecutionContext.runTestCase(CucumberExecutionContext.java:110)
	at io.cucumber.testng.TestNGCucumberRunner.runScenario(TestNGCucumberRunner.java:129)
	at io.cucumber.testng.AbstractTestNGCucumberTests.runScenario(AbstractTestNGCucumberTests.java:35)
	at java.util.ArrayList.forEach(ArrayList.java:1257)
... Removed 31 stack frames
</div> <!-- stack-trace -->
                  <em>
(Runs Cucumber Scenarios)                  </em>
                </div> <!-- method-content -->
              </div> <!-- method -->
              <div class="method">
                <div class="method-content">
                  <a name="runScenario(&quot;Check seller, product details, Log out and cart icon number on home page&quot;, &quot;Optional[Product Page f...)">
                  </a> <!-- runScenario("Check seller, product details, Log out and cart icon number on home page", "Optional[Product Page f...) -->
                  <span class="method-name">runScenario</span>
                  <span class="parameters">("Check seller, product details, Log out and cart icon number on home page", "Optional[Product Page features]")</span>
                  <div class="stack-trace">io.cucumber.testng.UndefinedStepException: The step &apos;User navigates to the application&apos; and 14 other step(s) are undefined.
You can implement these steps using the snippet(s) below:

@Given(&quot;User navigates to the application&quot;)
public void user_navigates_to_the_application() {
    // Write code here that turns the phrase above into concrete actions
    throw new io.cucumber.java.PendingException();
}
@When(&quot;User clicks on the {string}&quot;)
public void user_clicks_on_the(String string) {
    // Write code here that turns the phrase above into concrete actions
    throw new io.cucumber.java.PendingException();
}
@When(&quot;Log in with correct credential&quot;)
public void log_in_with_correct_credential() {
    // Write code here that turns the phrase above into concrete actions
    throw new io.cucumber.java.PendingException();
}
@Then(&quot;User is send to {string} page&quot;)
public void user_is_send_to_page(String string) {
    // Write code here that turns the phrase above into concrete actions
    throw new io.cucumber.java.PendingException();
}
@When(&quot;User types {string} name&quot;)
public void user_types_name(String string) {
    // Write code here that turns the phrase above into concrete actions
    throw new io.cucumber.java.PendingException();
}
@When(&quot;Choose product&quot;)
public void choose_product() {
    // Write code here that turns the phrase above into concrete actions
    throw new io.cucumber.java.PendingException();
}
@Then(&quot;Clicks on the product details button&quot;)
public void clicks_on_the_product_details_button() {
    // Write code here that turns the phrase above into concrete actions
    throw new io.cucumber.java.PendingException();
}
@When(&quot;User is send to product seller details tab&quot;)
public void user_is_send_to_product_seller_details_tab() {
    // Write code here that turns the phrase above into concrete actions
    throw new io.cucumber.java.PendingException();
}
@When(&quot;Checks, if backward button works&quot;)
public void checks_if_backward_button_works() {
    // Write code here that turns the phrase above into concrete actions
    throw new io.cucumber.java.PendingException();
}
@Then(&quot;Add products to cart, one of each kind&quot;)
public void add_products_to_cart_one_of_each_kind() {
    // Write code here that turns the phrase above into concrete actions
    throw new io.cucumber.java.PendingException();
}
@Then(&quot;Checks, if cart logo number is updated correctly&quot;)
public void checks_if_cart_logo_number_is_updated_correctly() {
    // Write code here that turns the phrase above into concrete actions
    throw new io.cucumber.java.PendingException();
}
@Then(&quot;Clicks on log out button&quot;)
public void clicks_on_log_out_button() {
    // Write code here that turns the phrase above into concrete actions
    throw new io.cucumber.java.PendingException();
}
@Then(&quot;Checks if there is sign in and sign up dropdown tab&quot;)
public void checks_if_there_is_sign_in_and_sign_up_dropdown_tab() {
    // Write code here that turns the phrase above into concrete actions
    throw new io.cucumber.java.PendingException();
}

	at io.cucumber.core.runtime.TestCaseResultObserver.assertTestCasePassed(TestCaseResultObserver.java:69)
	at io.cucumber.testng.TestCaseResultObserver.assertTestCasePassed(TestCaseResultObserver.java:23)
	at io.cucumber.testng.TestNGCucumberRunner.lambda$runScenario$1(TestNGCucumberRunner.java:133)
	at io.cucumber.core.runtime.CucumberExecutionContext.lambda$runTestCase$3(CucumberExecutionContext.java:110)
	at io.cucumber.core.runtime.RethrowingThrowableCollector.executeAndThrow(RethrowingThrowableCollector.java:23)
	at io.cucumber.core.runtime.CucumberExecutionContext.runTestCase(CucumberExecutionContext.java:110)
	at io.cucumber.testng.TestNGCucumberRunner.runScenario(TestNGCucumberRunner.java:129)
	at io.cucumber.testng.AbstractTestNGCucumberTests.runScenario(AbstractTestNGCucumberTests.java:35)
	at java.util.ArrayList.forEach(ArrayList.java:1257)
... Removed 31 stack frames
</div> <!-- stack-trace -->
                  <em>
(Runs Cucumber Scenarios)                  </em>
                </div> <!-- method-content -->
              </div> <!-- method -->
              <div class="method">
                <div class="method-content">
                  <a name="runScenario(&quot;Warning message check&quot;, &quot;Optional[User panel page feature]&quot;)">
                  </a> <!-- runScenario("Warning message check", "Optional[User panel page feature]") -->
                  <span class="method-name">runScenario</span>
                  <span class="parameters">("Warning message check", "Optional[User panel page feature]")</span>
                  <div class="stack-trace">io.cucumber.testng.UndefinedStepException: The step &apos;User navigates to the application&apos; and 2 other step(s) are undefined.
You can implement these steps using the snippet(s) below:

@Given(&quot;User navigates to the application&quot;)
public void user_navigates_to_the_application() {
    // Write code here that turns the phrase above into concrete actions
    throw new io.cucumber.java.PendingException();
}
@Then(&quot;Clicks on log out button&quot;)
public void clicks_on_log_out_button() {
    // Write code here that turns the phrase above into concrete actions
    throw new io.cucumber.java.PendingException();
}
@Then(&quot;Checks if there is sign in and sign up dropdown tab&quot;)
public void checks_if_there_is_sign_in_and_sign_up_dropdown_tab() {
    // Write code here that turns the phrase above into concrete actions
    throw new io.cucumber.java.PendingException();
}

	at io.cucumber.core.runtime.TestCaseResultObserver.assertTestCasePassed(TestCaseResultObserver.java:69)
	at io.cucumber.testng.TestCaseResultObserver.assertTestCasePassed(TestCaseResultObserver.java:23)
	at io.cucumber.testng.TestNGCucumberRunner.lambda$runScenario$1(TestNGCucumberRunner.java:133)
	at io.cucumber.core.runtime.CucumberExecutionContext.lambda$runTestCase$3(CucumberExecutionContext.java:110)
	at io.cucumber.core.runtime.RethrowingThrowableCollector.executeAndThrow(RethrowingThrowableCollector.java:23)
	at io.cucumber.core.runtime.CucumberExecutionContext.runTestCase(CucumberExecutionContext.java:110)
	at io.cucumber.testng.TestNGCucumberRunner.runScenario(TestNGCucumberRunner.java:129)
	at io.cucumber.testng.AbstractTestNGCucumberTests.runScenario(AbstractTestNGCucumberTests.java:35)
	at java.util.ArrayList.forEach(ArrayList.java:1257)
... Removed 31 stack frames
</div> <!-- stack-trace -->
                  <em>
(Runs Cucumber Scenarios)                  </em>
                </div> <!-- method-content -->
              </div> <!-- method -->
              <div class="method">
                <div class="method-content">
                  <a name="runScenario(&quot;Check carousel buttons&quot;, &quot;Optional[Home Page features]&quot;)">
                  </a> <!-- runScenario("Check carousel buttons", "Optional[Home Page features]") -->
                  <span class="method-name">runScenario</span>
                  <span class="parameters">("Check carousel buttons", "Optional[Home Page features]")</span>
                  <div class="stack-trace">io.cucumber.testng.UndefinedStepException: The step &apos;I click on the left carusel arrow button&apos; and 1 other step(s) are undefined.
You can implement these steps using the snippet(s) below:

@When(&quot;I click on the left carusel arrow button&quot;)
public void i_click_on_the_left_carusel_arrow_button() {
    // Write code here that turns the phrase above into concrete actions
    throw new io.cucumber.java.PendingException();
}
@Then(&quot;I click on the right corusel arrow button&quot;)
public void i_click_on_the_right_corusel_arrow_button() {
    // Write code here that turns the phrase above into concrete actions
    throw new io.cucumber.java.PendingException();
}

	at io.cucumber.core.runtime.TestCaseResultObserver.assertTestCasePassed(TestCaseResultObserver.java:69)
	at io.cucumber.testng.TestCaseResultObserver.assertTestCasePassed(TestCaseResultObserver.java:23)
	at io.cucumber.testng.TestNGCucumberRunner.lambda$runScenario$1(TestNGCucumberRunner.java:133)
	at io.cucumber.core.runtime.CucumberExecutionContext.lambda$runTestCase$3(CucumberExecutionContext.java:110)
	at io.cucumber.core.runtime.RethrowingThrowableCollector.executeAndThrow(RethrowingThrowableCollector.java:23)
	at io.cucumber.core.runtime.CucumberExecutionContext.runTestCase(CucumberExecutionContext.java:110)
	at io.cucumber.testng.TestNGCucumberRunner.runScenario(TestNGCucumberRunner.java:129)
	at io.cucumber.testng.AbstractTestNGCucumberTests.runScenario(AbstractTestNGCucumberTests.java:35)
	at java.util.ArrayList.forEach(ArrayList.java:1257)
... Removed 31 stack frames
</div> <!-- stack-trace -->
                  <em>
(Runs Cucumber Scenarios)                  </em>
                </div> <!-- method-content -->
              </div> <!-- method -->
              <div class="method">
                <div class="method-content">
                  <a name="runScenario(&quot;Business sign up with empty street field&quot;, &quot;Optional[Product Page features]&quot;)">
                  </a> <!-- runScenario("Business sign up with empty street field", "Optional[Product Page features]") -->
                  <span class="method-name">runScenario</span>
                  <span class="parameters">("Business sign up with empty street field", "Optional[Product Page features]")</span>
                  <div class="stack-trace">io.cucumber.testng.UndefinedStepException: The step &apos;User navigates to the application&apos; and 3 other step(s) are undefined.
You can implement these steps using the snippet(s) below:

@Given(&quot;User navigates to the application&quot;)
public void user_navigates_to_the_application() {
    // Write code here that turns the phrase above into concrete actions
    throw new io.cucumber.java.PendingException();
}
@When(&quot;User clicks on the {string}&quot;)
public void user_clicks_on_the(String string) {
    // Write code here that turns the phrase above into concrete actions
    throw new io.cucumber.java.PendingException();
}
@Then(&quot;User is send to {string} page&quot;)
public void user_is_send_to_page(String string) {
    // Write code here that turns the phrase above into concrete actions
    throw new io.cucumber.java.PendingException();
}
@Then(&quot;Checks if there is sign in and sign up dropdown tab&quot;)
public void checks_if_there_is_sign_in_and_sign_up_dropdown_tab() {
    // Write code here that turns the phrase above into concrete actions
    throw new io.cucumber.java.PendingException();
}

	at io.cucumber.core.runtime.TestCaseResultObserver.assertTestCasePassed(TestCaseResultObserver.java:69)
	at io.cucumber.testng.TestCaseResultObserver.assertTestCasePassed(TestCaseResultObserver.java:23)
	at io.cucumber.testng.TestNGCucumberRunner.lambda$runScenario$1(TestNGCucumberRunner.java:133)
	at io.cucumber.core.runtime.CucumberExecutionContext.lambda$runTestCase$3(CucumberExecutionContext.java:110)
	at io.cucumber.core.runtime.RethrowingThrowableCollector.executeAndThrow(RethrowingThrowableCollector.java:23)
	at io.cucumber.core.runtime.CucumberExecutionContext.runTestCase(CucumberExecutionContext.java:110)
	at io.cucumber.testng.TestNGCucumberRunner.runScenario(TestNGCucumberRunner.java:129)
	at io.cucumber.testng.AbstractTestNGCucumberTests.runScenario(AbstractTestNGCucumberTests.java:35)
	at java.util.ArrayList.forEach(ArrayList.java:1257)
... Removed 32 stack frames
</div> <!-- stack-trace -->
                  <em>
(Runs Cucumber Scenarios)                  </em>
                </div> <!-- method-content -->
              </div> <!-- method -->
              <div class="method">
                <div class="method-content">
                  <a name="runScenario(&quot;Business sign up with empty Name field&quot;, &quot;Optional[Product Page features]&quot;)">
                  </a> <!-- runScenario("Business sign up with empty Name field", "Optional[Product Page features]") -->
                  <span class="method-name">runScenario</span>
                  <span class="parameters">("Business sign up with empty Name field", "Optional[Product Page features]")</span>
                  <div class="stack-trace">io.cucumber.testng.UndefinedStepException: The step &apos;User navigates to the application&apos; and 3 other step(s) are undefined.
You can implement these steps using the snippet(s) below:

@Given(&quot;User navigates to the application&quot;)
public void user_navigates_to_the_application() {
    // Write code here that turns the phrase above into concrete actions
    throw new io.cucumber.java.PendingException();
}
@When(&quot;User clicks on the {string}&quot;)
public void user_clicks_on_the(String string) {
    // Write code here that turns the phrase above into concrete actions
    throw new io.cucumber.java.PendingException();
}
@Then(&quot;User is send to {string} page&quot;)
public void user_is_send_to_page(String string) {
    // Write code here that turns the phrase above into concrete actions
    throw new io.cucumber.java.PendingException();
}
@Then(&quot;Checks if there is sign in and sign up dropdown tab&quot;)
public void checks_if_there_is_sign_in_and_sign_up_dropdown_tab() {
    // Write code here that turns the phrase above into concrete actions
    throw new io.cucumber.java.PendingException();
}

	at io.cucumber.core.runtime.TestCaseResultObserver.assertTestCasePassed(TestCaseResultObserver.java:69)
	at io.cucumber.testng.TestCaseResultObserver.assertTestCasePassed(TestCaseResultObserver.java:23)
	at io.cucumber.testng.TestNGCucumberRunner.lambda$runScenario$1(TestNGCucumberRunner.java:133)
	at io.cucumber.core.runtime.CucumberExecutionContext.lambda$runTestCase$3(CucumberExecutionContext.java:110)
	at io.cucumber.core.runtime.RethrowingThrowableCollector.executeAndThrow(RethrowingThrowableCollector.java:23)
	at io.cucumber.core.runtime.CucumberExecutionContext.runTestCase(CucumberExecutionContext.java:110)
	at io.cucumber.testng.TestNGCucumberRunner.runScenario(TestNGCucumberRunner.java:129)
	at io.cucumber.testng.AbstractTestNGCucumberTests.runScenario(AbstractTestNGCucumberTests.java:35)
	at java.util.ArrayList.forEach(ArrayList.java:1257)
... Removed 32 stack frames
</div> <!-- stack-trace -->
                  <em>
(Runs Cucumber Scenarios)                  </em>
                </div> <!-- method-content -->
              </div> <!-- method -->
              <div class="method">
                <div class="method-content">
                  <a name="runScenario(&quot;Recipients details error message check&quot;, &quot;Optional[Cart Page features]&quot;)">
                  </a> <!-- runScenario("Recipients details error message check", "Optional[Cart Page features]") -->
                  <span class="method-name">runScenario</span>
                  <span class="parameters">("Recipients details error message check", "Optional[Cart Page features]")</span>
                  <div class="stack-trace">io.cucumber.testng.UndefinedStepException: The step &apos;User navigates to the application&apos; and 2 other step(s) are undefined.
You can implement these steps using the snippet(s) below:

@Given(&quot;User navigates to the application&quot;)
public void user_navigates_to_the_application() {
    // Write code here that turns the phrase above into concrete actions
    throw new io.cucumber.java.PendingException();
}
@Then(&quot;Clicks on log out button&quot;)
public void clicks_on_log_out_button() {
    // Write code here that turns the phrase above into concrete actions
    throw new io.cucumber.java.PendingException();
}
@Then(&quot;Checks if there is sign in and sign up dropdown tab&quot;)
public void checks_if_there_is_sign_in_and_sign_up_dropdown_tab() {
    // Write code here that turns the phrase above into concrete actions
    throw new io.cucumber.java.PendingException();
}

	at io.cucumber.core.runtime.TestCaseResultObserver.assertTestCasePassed(TestCaseResultObserver.java:69)
	at io.cucumber.testng.TestCaseResultObserver.assertTestCasePassed(TestCaseResultObserver.java:23)
	at io.cucumber.testng.TestNGCucumberRunner.lambda$runScenario$1(TestNGCucumberRunner.java:133)
	at io.cucumber.core.runtime.CucumberExecutionContext.lambda$runTestCase$3(CucumberExecutionContext.java:110)
	at io.cucumber.core.runtime.RethrowingThrowableCollector.executeAndThrow(RethrowingThrowableCollector.java:23)
	at io.cucumber.core.runtime.CucumberExecutionContext.runTestCase(CucumberExecutionContext.java:110)
	at io.cucumber.testng.TestNGCucumberRunner.runScenario(TestNGCucumberRunner.java:129)
	at io.cucumber.testng.AbstractTestNGCucumberTests.runScenario(AbstractTestNGCucumberTests.java:35)
	at java.util.ArrayList.forEach(ArrayList.java:1257)
... Removed 32 stack frames
</div> <!-- stack-trace -->
                  <em>
(Runs Cucumber Scenarios)                  </em>
                </div> <!-- method-content -->
              </div> <!-- method -->
              <div class="method">
                <div class="method-content">
                  <a name="runScenario(&quot;Recipients details error message check&quot;, &quot;Optional[Cart Page features]&quot;)">
                  </a> <!-- runScenario("Recipients details error message check", "Optional[Cart Page features]") -->
                  <span class="method-name">runScenario</span>
                  <span class="parameters">("Recipients details error message check", "Optional[Cart Page features]")</span>
                  <div class="stack-trace">io.cucumber.testng.UndefinedStepException: The step &apos;User navigates to the application&apos; and 2 other step(s) are undefined.
You can implement these steps using the snippet(s) below:

@Given(&quot;User navigates to the application&quot;)
public void user_navigates_to_the_application() {
    // Write code here that turns the phrase above into concrete actions
    throw new io.cucumber.java.PendingException();
}
@Then(&quot;Clicks on log out button&quot;)
public void clicks_on_log_out_button() {
    // Write code here that turns the phrase above into concrete actions
    throw new io.cucumber.java.PendingException();
}
@Then(&quot;Checks if there is sign in and sign up dropdown tab&quot;)
public void checks_if_there_is_sign_in_and_sign_up_dropdown_tab() {
    // Write code here that turns the phrase above into concrete actions
    throw new io.cucumber.java.PendingException();
}

	at io.cucumber.core.runtime.TestCaseResultObserver.assertTestCasePassed(TestCaseResultObserver.java:69)
	at io.cucumber.testng.TestCaseResultObserver.assertTestCasePassed(TestCaseResultObserver.java:23)
	at io.cucumber.testng.TestNGCucumberRunner.lambda$runScenario$1(TestNGCucumberRunner.java:133)
	at io.cucumber.core.runtime.CucumberExecutionContext.lambda$runTestCase$3(CucumberExecutionContext.java:110)
	at io.cucumber.core.runtime.RethrowingThrowableCollector.executeAndThrow(RethrowingThrowableCollector.java:23)
	at io.cucumber.core.runtime.CucumberExecutionContext.runTestCase(CucumberExecutionContext.java:110)
	at io.cucumber.testng.TestNGCucumberRunner.runScenario(TestNGCucumberRunner.java:129)
	at io.cucumber.testng.AbstractTestNGCucumberTests.runScenario(AbstractTestNGCucumberTests.java:35)
	at java.util.ArrayList.forEach(ArrayList.java:1257)
... Removed 32 stack frames
</div> <!-- stack-trace -->
                  <em>
(Runs Cucumber Scenarios)                  </em>
                </div> <!-- method-content -->
              </div> <!-- method -->
              <div class="method">
                <div class="method-content">
                  <a name="runScenario(&quot;Search for product that no one Have&quot;, &quot;Optional[Product Page features]&quot;)">
                  </a> <!-- runScenario("Search for product that no one Have", "Optional[Product Page features]") -->
                  <span class="method-name">runScenario</span>
                  <span class="parameters">("Search for product that no one Have", "Optional[Product Page features]")</span>
                  <div class="stack-trace">io.cucumber.testng.UndefinedStepException: The step &apos;User navigates to the application&apos; and 4 other step(s) are undefined.
You can implement these steps using the snippet(s) below:

@Given(&quot;User navigates to the application&quot;)
public void user_navigates_to_the_application() {
    // Write code here that turns the phrase above into concrete actions
    throw new io.cucumber.java.PendingException();
}
@When(&quot;User clicks on the {string}&quot;)
public void user_clicks_on_the(String string) {
    // Write code here that turns the phrase above into concrete actions
    throw new io.cucumber.java.PendingException();
}
@Then(&quot;User is send to {string} page&quot;)
public void user_is_send_to_page(String string) {
    // Write code here that turns the phrase above into concrete actions
    throw new io.cucumber.java.PendingException();
}
@When(&quot;User types {string} name&quot;)
public void user_types_name(String string) {
    // Write code here that turns the phrase above into concrete actions
    throw new io.cucumber.java.PendingException();
}
@When(&quot;Choose product&quot;)
public void choose_product() {
    // Write code here that turns the phrase above into concrete actions
    throw new io.cucumber.java.PendingException();
}

	at io.cucumber.core.runtime.TestCaseResultObserver.assertTestCasePassed(TestCaseResultObserver.java:69)
	at io.cucumber.testng.TestCaseResultObserver.assertTestCasePassed(TestCaseResultObserver.java:23)
	at io.cucumber.testng.TestNGCucumberRunner.lambda$runScenario$1(TestNGCucumberRunner.java:133)
	at io.cucumber.core.runtime.CucumberExecutionContext.lambda$runTestCase$3(CucumberExecutionContext.java:110)
	at io.cucumber.core.runtime.RethrowingThrowableCollector.executeAndThrow(RethrowingThrowableCollector.java:23)
	at io.cucumber.core.runtime.CucumberExecutionContext.runTestCase(CucumberExecutionContext.java:110)
	at io.cucumber.testng.TestNGCucumberRunner.runScenario(TestNGCucumberRunner.java:129)
	at io.cucumber.testng.AbstractTestNGCucumberTests.runScenario(AbstractTestNGCucumberTests.java:35)
	at java.util.ArrayList.forEach(ArrayList.java:1257)
... Removed 31 stack frames
</div> <!-- stack-trace -->
                  <em>
(Runs Cucumber Scenarios)                  </em>
                </div> <!-- method-content -->
              </div> <!-- method -->
              <div class="method">
                <div class="method-content">
                  <a name="runScenario(&quot;Sign in with emty password input&quot;, &quot;Optional[Signin Page features]&quot;)">
                  </a> <!-- runScenario("Sign in with emty password input", "Optional[Signin Page features]") -->
                  <span class="method-name">runScenario</span>
                  <span class="parameters">("Sign in with emty password input", "Optional[Signin Page features]")</span>
                  <div class="stack-trace">io.cucumber.testng.UndefinedStepException: The step &apos;User navigates to the application&apos; and 2 other step(s) are undefined.
You can implement these steps using the snippet(s) below:

@Given(&quot;User navigates to the application&quot;)
public void user_navigates_to_the_application() {
    // Write code here that turns the phrase above into concrete actions
    throw new io.cucumber.java.PendingException();
}
@When(&quot;User clicks on the {string}&quot;)
public void user_clicks_on_the(String string) {
    // Write code here that turns the phrase above into concrete actions
    throw new io.cucumber.java.PendingException();
}
@Then(&quot;Checks if there is sign in and sign up dropdown tab&quot;)
public void checks_if_there_is_sign_in_and_sign_up_dropdown_tab() {
    // Write code here that turns the phrase above into concrete actions
    throw new io.cucumber.java.PendingException();
}

	at io.cucumber.core.runtime.TestCaseResultObserver.assertTestCasePassed(TestCaseResultObserver.java:69)
	at io.cucumber.testng.TestCaseResultObserver.assertTestCasePassed(TestCaseResultObserver.java:23)
	at io.cucumber.testng.TestNGCucumberRunner.lambda$runScenario$1(TestNGCucumberRunner.java:133)
	at io.cucumber.core.runtime.CucumberExecutionContext.lambda$runTestCase$3(CucumberExecutionContext.java:110)
	at io.cucumber.core.runtime.RethrowingThrowableCollector.executeAndThrow(RethrowingThrowableCollector.java:23)
	at io.cucumber.core.runtime.CucumberExecutionContext.runTestCase(CucumberExecutionContext.java:110)
	at io.cucumber.testng.TestNGCucumberRunner.runScenario(TestNGCucumberRunner.java:129)
	at io.cucumber.testng.AbstractTestNGCucumberTests.runScenario(AbstractTestNGCucumberTests.java:35)
	at java.util.ArrayList.forEach(ArrayList.java:1257)
... Removed 31 stack frames
</div> <!-- stack-trace -->
                  <em>
(Runs Cucumber Scenarios)                  </em>
                </div> <!-- method-content -->
              </div> <!-- method -->
              <div class="method">
                <div class="method-content">
                  <a name="runScenario(&quot;Buyers details filled in check&quot;, &quot;Optional[Cart Page features]&quot;)">
                  </a> <!-- runScenario("Buyers details filled in check", "Optional[Cart Page features]") -->
                  <span class="method-name">runScenario</span>
                  <span class="parameters">("Buyers details filled in check", "Optional[Cart Page features]")</span>
                  <div class="stack-trace">io.cucumber.testng.UndefinedStepException: The step &apos;User navigates to the application&apos; and 2 other step(s) are undefined.
You can implement these steps using the snippet(s) below:

@Given(&quot;User navigates to the application&quot;)
public void user_navigates_to_the_application() {
    // Write code here that turns the phrase above into concrete actions
    throw new io.cucumber.java.PendingException();
}
@Then(&quot;Clicks on log out button&quot;)
public void clicks_on_log_out_button() {
    // Write code here that turns the phrase above into concrete actions
    throw new io.cucumber.java.PendingException();
}
@Then(&quot;Checks if there is sign in and sign up dropdown tab&quot;)
public void checks_if_there_is_sign_in_and_sign_up_dropdown_tab() {
    // Write code here that turns the phrase above into concrete actions
    throw new io.cucumber.java.PendingException();
}

	at io.cucumber.core.runtime.TestCaseResultObserver.assertTestCasePassed(TestCaseResultObserver.java:69)
	at io.cucumber.testng.TestCaseResultObserver.assertTestCasePassed(TestCaseResultObserver.java:23)
	at io.cucumber.testng.TestNGCucumberRunner.lambda$runScenario$1(TestNGCucumberRunner.java:133)
	at io.cucumber.core.runtime.CucumberExecutionContext.lambda$runTestCase$3(CucumberExecutionContext.java:110)
	at io.cucumber.core.runtime.RethrowingThrowableCollector.executeAndThrow(RethrowingThrowableCollector.java:23)
	at io.cucumber.core.runtime.CucumberExecutionContext.runTestCase(CucumberExecutionContext.java:110)
	at io.cucumber.testng.TestNGCucumberRunner.runScenario(TestNGCucumberRunner.java:129)
	at io.cucumber.testng.AbstractTestNGCucumberTests.runScenario(AbstractTestNGCucumberTests.java:35)
	at java.util.ArrayList.forEach(ArrayList.java:1257)
... Removed 32 stack frames
</div> <!-- stack-trace -->
                  <em>
(Runs Cucumber Scenarios)                  </em>
                </div> <!-- method-content -->
              </div> <!-- method -->
              <div class="method">
                <div class="method-content">
                  <a name="runScenario(&quot;Sign in with the same credentials&quot;, &quot;Optional[Signin Page features]&quot;)">
                  </a> <!-- runScenario("Sign in with the same credentials", "Optional[Signin Page features]") -->
                  <span class="method-name">runScenario</span>
                  <span class="parameters">("Sign in with the same credentials", "Optional[Signin Page features]")</span>
                  <div class="stack-trace">io.cucumber.testng.UndefinedStepException: The step &apos;User navigates to the application&apos; and 2 other step(s) are undefined.
You can implement these steps using the snippet(s) below:

@Given(&quot;User navigates to the application&quot;)
public void user_navigates_to_the_application() {
    // Write code here that turns the phrase above into concrete actions
    throw new io.cucumber.java.PendingException();
}
@When(&quot;User clicks on the {string}&quot;)
public void user_clicks_on_the(String string) {
    // Write code here that turns the phrase above into concrete actions
    throw new io.cucumber.java.PendingException();
}
@Then(&quot;Checks if there is sign in and sign up dropdown tab&quot;)
public void checks_if_there_is_sign_in_and_sign_up_dropdown_tab() {
    // Write code here that turns the phrase above into concrete actions
    throw new io.cucumber.java.PendingException();
}

	at io.cucumber.core.runtime.TestCaseResultObserver.assertTestCasePassed(TestCaseResultObserver.java:69)
	at io.cucumber.testng.TestCaseResultObserver.assertTestCasePassed(TestCaseResultObserver.java:23)
	at io.cucumber.testng.TestNGCucumberRunner.lambda$runScenario$1(TestNGCucumberRunner.java:133)
	at io.cucumber.core.runtime.CucumberExecutionContext.lambda$runTestCase$3(CucumberExecutionContext.java:110)
	at io.cucumber.core.runtime.RethrowingThrowableCollector.executeAndThrow(RethrowingThrowableCollector.java:23)
	at io.cucumber.core.runtime.CucumberExecutionContext.runTestCase(CucumberExecutionContext.java:110)
	at io.cucumber.testng.TestNGCucumberRunner.runScenario(TestNGCucumberRunner.java:129)
	at io.cucumber.testng.AbstractTestNGCucumberTests.runScenario(AbstractTestNGCucumberTests.java:35)
	at java.util.ArrayList.forEach(ArrayList.java:1257)
... Removed 31 stack frames
</div> <!-- stack-trace -->
                  <em>
(Runs Cucumber Scenarios)                  </em>
                </div> <!-- method-content -->
              </div> <!-- method -->
              <div class="method">
                <div class="method-content">
                  <a name="runScenario(&quot;Business sign up with empty password field&quot;, &quot;Optional[Product Page features]&quot;)">
                  </a> <!-- runScenario("Business sign up with empty password field", "Optional[Product Page features]") -->
                  <span class="method-name">runScenario</span>
                  <span class="parameters">("Business sign up with empty password field", "Optional[Product Page features]")</span>
                  <div class="stack-trace">io.cucumber.testng.UndefinedStepException: The step &apos;User navigates to the application&apos; and 3 other step(s) are undefined.
You can implement these steps using the snippet(s) below:

@Given(&quot;User navigates to the application&quot;)
public void user_navigates_to_the_application() {
    // Write code here that turns the phrase above into concrete actions
    throw new io.cucumber.java.PendingException();
}
@When(&quot;User clicks on the {string}&quot;)
public void user_clicks_on_the(String string) {
    // Write code here that turns the phrase above into concrete actions
    throw new io.cucumber.java.PendingException();
}
@Then(&quot;User is send to {string} page&quot;)
public void user_is_send_to_page(String string) {
    // Write code here that turns the phrase above into concrete actions
    throw new io.cucumber.java.PendingException();
}
@Then(&quot;Checks if there is sign in and sign up dropdown tab&quot;)
public void checks_if_there_is_sign_in_and_sign_up_dropdown_tab() {
    // Write code here that turns the phrase above into concrete actions
    throw new io.cucumber.java.PendingException();
}

	at io.cucumber.core.runtime.TestCaseResultObserver.assertTestCasePassed(TestCaseResultObserver.java:69)
	at io.cucumber.testng.TestCaseResultObserver.assertTestCasePassed(TestCaseResultObserver.java:23)
	at io.cucumber.testng.TestNGCucumberRunner.lambda$runScenario$1(TestNGCucumberRunner.java:133)
	at io.cucumber.core.runtime.CucumberExecutionContext.lambda$runTestCase$3(CucumberExecutionContext.java:110)
	at io.cucumber.core.runtime.RethrowingThrowableCollector.executeAndThrow(RethrowingThrowableCollector.java:23)
	at io.cucumber.core.runtime.CucumberExecutionContext.runTestCase(CucumberExecutionContext.java:110)
	at io.cucumber.testng.TestNGCucumberRunner.runScenario(TestNGCucumberRunner.java:129)
	at io.cucumber.testng.AbstractTestNGCucumberTests.runScenario(AbstractTestNGCucumberTests.java:35)
	at java.util.ArrayList.forEach(ArrayList.java:1257)
... Removed 32 stack frames
</div> <!-- stack-trace -->
                  <em>
(Runs Cucumber Scenarios)                  </em>
                </div> <!-- method-content -->
              </div> <!-- method -->
            </div> <!-- main-panel-content rounded-window-bottom -->
          </div> <!-- suite-Surefire_suite-class-failed -->
          <div class="suite-Surefire_suite-class-passed">
            <div class="main-panel-header rounded-window-top">
              <img src="passed.png"/>
              <span class="class-name">com.bdd.runner.TestRunner</span>
            </div> <!-- main-panel-header rounded-window-top -->
            <div class="main-panel-content rounded-window-bottom">
              <div class="method">
                <div class="method-content">
                  <a name="runScenario(&quot;Check all links&quot;, &quot;Optional[Home Page features]&quot;)">
                  </a> <!-- runScenario("Check all links", "Optional[Home Page features]") -->
                  <span class="method-name">runScenario</span>
                  <span class="parameters">("Check all links", "Optional[Home Page features]")</span>
                  <em>
(Runs Cucumber Scenarios)                  </em>
                </div> <!-- method-content -->
              </div> <!-- method -->
              <div class="method">
                <div class="method-content">
                  <a name="runScenario(&quot;Find apple product&quot;, &quot;Optional[Home Page features]&quot;)">
                  </a> <!-- runScenario("Find apple product", "Optional[Home Page features]") -->
                  <span class="method-name">runScenario</span>
                  <span class="parameters">("Find apple product", "Optional[Home Page features]")</span>
                  <em>
(Runs Cucumber Scenarios)                  </em>
                </div> <!-- method-content -->
              </div> <!-- method -->
              <div class="method">
                <div class="method-content">
                  <a name="runScenario(&quot;Check seller, product details and cart icon number then Log out&quot;, &quot;Optional[Home Page features]&quot;)">
                  </a> <!-- runScenario("Check seller, product details and cart icon number then Log out", "Optional[Home Page features]") -->
                  <span class="method-name">runScenario</span>
                  <span class="parameters">("Check seller, product details and cart icon number then Log out", "Optional[Home Page features]")</span>
                  <em>
(Runs Cucumber Scenarios)                  </em>
                </div> <!-- method-content -->
              </div> <!-- method -->
              <div class="method">
                <div class="method-content">
                  <a name="runScenario(&quot;Search for product that no one have&quot;, &quot;Optional[Home Page features]&quot;)">
                  </a> <!-- runScenario("Search for product that no one have", "Optional[Home Page features]") -->
                  <span class="method-name">runScenario</span>
                  <span class="parameters">("Search for product that no one have", "Optional[Home Page features]")</span>
                  <em>
(Runs Cucumber Scenarios)                  </em>
                </div> <!-- method-content -->
              </div> <!-- method -->
              <div class="method">
                <div class="method-content">
                  <a name="runScenario(&quot;Check all links&quot;, &quot;Optional[Home Page features]&quot;)">
                  </a> <!-- runScenario("Check all links", "Optional[Home Page features]") -->
                  <span class="method-name">runScenario</span>
                  <span class="parameters">("Check all links", "Optional[Home Page features]")</span>
                  <em>
(Runs Cucumber Scenarios)                  </em>
                </div> <!-- method-content -->
              </div> <!-- method -->
              <div class="method">
                <div class="method-content">
                  <a name="runScenario(&quot;Check all links&quot;, &quot;Optional[Home Page features]&quot;)">
                  </a> <!-- runScenario("Check all links", "Optional[Home Page features]") -->
                  <span class="method-name">runScenario</span>
                  <span class="parameters">("Check all links", "Optional[Home Page features]")</span>
                  <em>
(Runs Cucumber Scenarios)                  </em>
                </div> <!-- method-content -->
              </div> <!-- method -->
              <div class="method">
                <div class="method-content">
                  <a name="runScenario(&quot;Check all links&quot;, &quot;Optional[Home Page features]&quot;)">
                  </a> <!-- runScenario("Check all links", "Optional[Home Page features]") -->
                  <span class="method-name">runScenario</span>
                  <span class="parameters">("Check all links", "Optional[Home Page features]")</span>
                  <em>
(Runs Cucumber Scenarios)                  </em>
                </div> <!-- method-content -->
              </div> <!-- method -->
              <div class="method">
                <div class="method-content">
                  <a name="runScenario(&quot;Check all links&quot;, &quot;Optional[Home Page features]&quot;)">
                  </a> <!-- runScenario("Check all links", "Optional[Home Page features]") -->
                  <span class="method-name">runScenario</span>
                  <span class="parameters">("Check all links", "Optional[Home Page features]")</span>
                  <em>
(Runs Cucumber Scenarios)                  </em>
                </div> <!-- method-content -->
              </div> <!-- method -->
            </div> <!-- main-panel-content rounded-window-bottom -->
          </div> <!-- suite-Surefire_suite-class-passed -->
        </div> <!-- panel Surefire_suite -->
        <div panel-name="test-xml-Surefire_suite" class="panel">
          <div class="main-panel-header rounded-window-top">
          </div> <!-- main-panel-header rounded-window-top -->
          <div class="main-panel-content rounded-window-bottom">
            <pre>
&lt;?xml version=&quot;1.0&quot; encoding=&quot;UTF-8&quot;?&gt;
&lt;!DOCTYPE suite SYSTEM &quot;https://testng.org/testng-1.0.dtd&quot;&gt;
&lt;suite thread-count=&quot;1&quot; verbose=&quot;0&quot; name=&quot;Surefire suite&quot;&gt;
  &lt;test thread-count=&quot;1&quot; verbose=&quot;0&quot; name=&quot;Surefire test&quot;&gt;
    &lt;classes&gt;
      &lt;class name=&quot;com.bdd.runner.TestRunner&quot;/&gt;
    &lt;/classes&gt;
  &lt;/test&gt; &lt;!-- Surefire test --&gt;
&lt;/suite&gt; &lt;!-- Surefire suite --&gt;
            </pre>
          </div> <!-- main-panel-content rounded-window-bottom -->
        </div> <!-- panel -->
        <div panel-name="testlist-Surefire_suite" class="panel">
          <div class="main-panel-header rounded-window-top">
            <span class="header-content">Tests for Surefire suite</span>
          </div> <!-- main-panel-header rounded-window-top -->
          <div class="main-panel-content rounded-window-bottom">
            <ul>
              <li>
                <span class="test-name">Surefire test (1 class)</span>
              </li>
            </ul>
          </div> <!-- main-panel-content rounded-window-bottom -->
        </div> <!-- panel -->
        <div panel-name="group-Surefire_suite" class="panel">
          <div class="main-panel-header rounded-window-top">
            <span class="header-content">Groups for Surefire suite</span>
          </div> <!-- main-panel-header rounded-window-top -->
          <div class="main-panel-content rounded-window-bottom">
            <div class="test-group">
              <span class="test-group-name">cucumber</span>
              <br/>
              <div class="method-in-group">
                <span class="method-in-group-name">runScenario</span>
                <br/>
              </div> <!-- method-in-group -->
            </div> <!-- test-group -->
          </div> <!-- main-panel-content rounded-window-bottom -->
        </div> <!-- panel -->
        <div panel-name="times-Surefire_suite" class="panel">
          <div class="main-panel-header rounded-window-top">
            <span class="header-content">Times for Surefire suite</span>
          </div> <!-- main-panel-header rounded-window-top -->
          <div class="main-panel-content rounded-window-bottom">
            <div class="times-div">
              <script type="text/javascript">
suiteTableInitFunctions.push('tableData_Surefire_suite');
function tableData_Surefire_suite() {
var data = new google.visualization.DataTable();
data.addColumn('number', 'Number');
data.addColumn('string', 'Method');
data.addColumn('string', 'Class');
data.addColumn('number', 'Time (ms)');
data.addRows(45);
data.setCell(0, 0, 0)
data.setCell(0, 1, 'runScenario')
data.setCell(0, 2, 'com.bdd.runner.TestRunner')
data.setCell(0, 3, 5608);
data.setCell(1, 0, 1)
data.setCell(1, 1, 'runScenario')
data.setCell(1, 2, 'com.bdd.runner.TestRunner')
data.setCell(1, 3, 3320);
data.setCell(2, 0, 2)
data.setCell(2, 1, 'runScenario')
data.setCell(2, 2, 'com.bdd.runner.TestRunner')
data.setCell(2, 3, 1333);
data.setCell(3, 0, 3)
data.setCell(3, 1, 'runScenario')
data.setCell(3, 2, 'com.bdd.runner.TestRunner')
data.setCell(3, 3, 762);
data.setCell(4, 0, 4)
data.setCell(4, 1, 'runScenario')
data.setCell(4, 2, 'com.bdd.runner.TestRunner')
data.setCell(4, 3, 682);
data.setCell(5, 0, 5)
data.setCell(5, 1, 'runScenario')
data.setCell(5, 2, 'com.bdd.runner.TestRunner')
data.setCell(5, 3, 527);
data.setCell(6, 0, 6)
data.setCell(6, 1, 'runScenario')
data.setCell(6, 2, 'com.bdd.runner.TestRunner')
data.setCell(6, 3, 406);
data.setCell(7, 0, 7)
data.setCell(7, 1, 'runScenario')
data.setCell(7, 2, 'com.bdd.runner.TestRunner')
data.setCell(7, 3, 324);
data.setCell(8, 0, 8)
data.setCell(8, 1, 'runScenario')
data.setCell(8, 2, 'com.bdd.runner.TestRunner')
data.setCell(8, 3, 201);
data.setCell(9, 0, 9)
data.setCell(9, 1, 'runScenario')
data.setCell(9, 2, 'com.bdd.runner.TestRunner')
data.setCell(9, 3, 160);
data.setCell(10, 0, 10)
data.setCell(10, 1, 'runScenario')
data.setCell(10, 2, 'com.bdd.runner.TestRunner')
data.setCell(10, 3, 56);
data.setCell(11, 0, 11)
data.setCell(11, 1, 'runScenario')
data.setCell(11, 2, 'com.bdd.runner.TestRunner')
data.setCell(11, 3, 52);
data.setCell(12, 0, 12)
data.setCell(12, 1, 'runScenario')
data.setCell(12, 2, 'com.bdd.runner.TestRunner')
data.setCell(12, 3, 51);
data.setCell(13, 0, 13)
data.setCell(13, 1, 'runScenario')
data.setCell(13, 2, 'com.bdd.runner.TestRunner')
data.setCell(13, 3, 48);
data.setCell(14, 0, 14)
data.setCell(14, 1, 'runScenario')
data.setCell(14, 2, 'com.bdd.runner.TestRunner')
data.setCell(14, 3, 45);
data.setCell(15, 0, 15)
data.setCell(15, 1, 'runScenario')
data.setCell(15, 2, 'com.bdd.runner.TestRunner')
data.setCell(15, 3, 43);
data.setCell(16, 0, 16)
data.setCell(16, 1, 'runScenario')
data.setCell(16, 2, 'com.bdd.runner.TestRunner')
data.setCell(16, 3, 43);
data.setCell(17, 0, 17)
data.setCell(17, 1, 'runScenario')
data.setCell(17, 2, 'com.bdd.runner.TestRunner')
data.setCell(17, 3, 40);
data.setCell(18, 0, 18)
data.setCell(18, 1, 'runScenario')
data.setCell(18, 2, 'com.bdd.runner.TestRunner')
data.setCell(18, 3, 38);
data.setCell(19, 0, 19)
data.setCell(19, 1, 'runScenario')
data.setCell(19, 2, 'com.bdd.runner.TestRunner')
data.setCell(19, 3, 37);
data.setCell(20, 0, 20)
data.setCell(20, 1, 'runScenario')
data.setCell(20, 2, 'com.bdd.runner.TestRunner')
data.setCell(20, 3, 36);
data.setCell(21, 0, 21)
data.setCell(21, 1, 'runScenario')
data.setCell(21, 2, 'com.bdd.runner.TestRunner')
data.setCell(21, 3, 35);
data.setCell(22, 0, 22)
data.setCell(22, 1, 'runScenario')
data.setCell(22, 2, 'com.bdd.runner.TestRunner')
data.setCell(22, 3, 35);
data.setCell(23, 0, 23)
data.setCell(23, 1, 'runScenario')
data.setCell(23, 2, 'com.bdd.runner.TestRunner')
data.setCell(23, 3, 35);
data.setCell(24, 0, 24)
data.setCell(24, 1, 'runScenario')
data.setCell(24, 2, 'com.bdd.runner.TestRunner')
data.setCell(24, 3, 33);
data.setCell(25, 0, 25)
data.setCell(25, 1, 'runScenario')
data.setCell(25, 2, 'com.bdd.runner.TestRunner')
data.setCell(25, 3, 32);
data.setCell(26, 0, 26)
data.setCell(26, 1, 'runScenario')
data.setCell(26, 2, 'com.bdd.runner.TestRunner')
data.setCell(26, 3, 31);
data.setCell(27, 0, 27)
data.setCell(27, 1, 'runScenario')
data.setCell(27, 2, 'com.bdd.runner.TestRunner')
data.setCell(27, 3, 28);
data.setCell(28, 0, 28)
data.setCell(28, 1, 'runScenario')
data.setCell(28, 2, 'com.bdd.runner.TestRunner')
data.setCell(28, 3, 27);
data.setCell(29, 0, 29)
data.setCell(29, 1, 'runScenario')
data.setCell(29, 2, 'com.bdd.runner.TestRunner')
data.setCell(29, 3, 23);
data.setCell(30, 0, 30)
data.setCell(30, 1, 'runScenario')
data.setCell(30, 2, 'com.bdd.runner.TestRunner')
data.setCell(30, 3, 23);
data.setCell(31, 0, 31)
data.setCell(31, 1, 'runScenario')
data.setCell(31, 2, 'com.bdd.runner.TestRunner')
data.setCell(31, 3, 23);
data.setCell(32, 0, 32)
data.setCell(32, 1, 'runScenario')
data.setCell(32, 2, 'com.bdd.runner.TestRunner')
data.setCell(32, 3, 23);
data.setCell(33, 0, 33)
data.setCell(33, 1, 'runScenario')
data.setCell(33, 2, 'com.bdd.runner.TestRunner')
data.setCell(33, 3, 22);
data.setCell(34, 0, 34)
data.setCell(34, 1, 'runScenario')
data.setCell(34, 2, 'com.bdd.runner.TestRunner')
data.setCell(34, 3, 22);
data.setCell(35, 0, 35)
data.setCell(35, 1, 'runScenario')
data.setCell(35, 2, 'com.bdd.runner.TestRunner')
data.setCell(35, 3, 21);
data.setCell(36, 0, 36)
data.setCell(36, 1, 'runScenario')
data.setCell(36, 2, 'com.bdd.runner.TestRunner')
data.setCell(36, 3, 20);
data.setCell(37, 0, 37)
data.setCell(37, 1, 'runScenario')
data.setCell(37, 2, 'com.bdd.runner.TestRunner')
data.setCell(37, 3, 20);
data.setCell(38, 0, 38)
data.setCell(38, 1, 'runScenario')
data.setCell(38, 2, 'com.bdd.runner.TestRunner')
data.setCell(38, 3, 18);
data.setCell(39, 0, 39)
data.setCell(39, 1, 'runScenario')
data.setCell(39, 2, 'com.bdd.runner.TestRunner')
data.setCell(39, 3, 18);
data.setCell(40, 0, 40)
data.setCell(40, 1, 'runScenario')
data.setCell(40, 2, 'com.bdd.runner.TestRunner')
data.setCell(40, 3, 18);
data.setCell(41, 0, 41)
data.setCell(41, 1, 'runScenario')
data.setCell(41, 2, 'com.bdd.runner.TestRunner')
data.setCell(41, 3, 17);
data.setCell(42, 0, 42)
data.setCell(42, 1, 'runScenario')
data.setCell(42, 2, 'com.bdd.runner.TestRunner')
data.setCell(42, 3, 17);
data.setCell(43, 0, 43)
data.setCell(43, 1, 'runScenario')
data.setCell(43, 2, 'com.bdd.runner.TestRunner')
data.setCell(43, 3, 15);
data.setCell(44, 0, 44)
data.setCell(44, 1, 'runScenario')
data.setCell(44, 2, 'com.bdd.runner.TestRunner')
data.setCell(44, 3, 14);
window.suiteTableData['Surefire_suite']= { tableData: data, tableDiv: 'times-div-Surefire_suite'}
return data;
}
              </script>
              <span class="suite-total-time">Total running time: 14 seconds</span>
              <div id="times-div-Surefire_suite">
              </div> <!-- times-div-Surefire_suite -->
            </div> <!-- times-div -->
          </div> <!-- main-panel-content rounded-window-bottom -->
        </div> <!-- panel -->
        <div panel-name="reporter-Surefire_suite" class="panel">
          <div class="main-panel-header rounded-window-top">
            <span class="header-content">Reporter output for Surefire suite</span>
          </div> <!-- main-panel-header rounded-window-top -->
          <div class="main-panel-content rounded-window-bottom">
          </div> <!-- main-panel-content rounded-window-bottom -->
        </div> <!-- panel -->
        <div panel-name="ignored-methods-Surefire_suite" class="panel">
          <div class="main-panel-header rounded-window-top">
            <span class="header-content">0 ignored methods</span>
          </div> <!-- main-panel-header rounded-window-top -->
          <div class="main-panel-content rounded-window-bottom">
          </div> <!-- main-panel-content rounded-window-bottom -->
        </div> <!-- panel -->
        <div panel-name="chronological-Surefire_suite" class="panel">
          <div class="main-panel-header rounded-window-top">
            <span class="header-content">Methods in chronological order</span>
          </div> <!-- main-panel-header rounded-window-top -->
          <div class="main-panel-content rounded-window-bottom">
            <div class="chronological-class">
              <div class="chronological-class-name">com.bdd.runner.TestRunner</div> <!-- chronological-class-name -->
              <div class="configuration-class before">
                <span class="method-name">setUpClass(org.testng.TestRunner@4d8286c4)</span>
                <span class="method-start">0 ms</span>
              </div> <!-- configuration-class before -->
              <div class="test-method">
                <img src="failed.png">
                </img>
                <span class="method-name">runScenario("Business sign up with empty Name field", "Optional[Product Page features]")</span>
                <span class="method-start">140 ms</span>
              </div> <!-- test-method -->
              <div class="test-method">
                <img src="failed.png">
                </img>
                <span class="method-name">runScenario("Business sign up with invalid email", "Optional[Product Page features]")</span>
                <span class="method-start">356 ms</span>
              </div> <!-- test-method -->
              <div class="test-method">
                <img src="failed.png">
                </img>
                <span class="method-name">runScenario("Business sign up with empty Name field", "Optional[Product Page features]")</span>
                <span class="method-start">401 ms</span>
              </div> <!-- test-method -->
              <div class="test-method">
                <img src="failed.png">
                </img>
                <span class="method-name">runScenario("Business sign up with empty password field", "Optional[Product Page features]")</span>
                <span class="method-start">445 ms</span>
              </div> <!-- test-method -->
              <div class="test-method">
                <img src="failed.png">
                </img>
                <span class="method-name">runScenario("Business sign up with empty email field", "Optional[Product Page features]")</span>
                <span class="method-start">497 ms</span>
              </div> <!-- test-method -->
              <div class="test-method">
                <img src="failed.png">
                </img>
                <span class="method-name">runScenario("Business sign up with empty postcode field", "Optional[Product Page features]")</span>
                <span class="method-start">532 ms</span>
              </div> <!-- test-method -->
              <div class="test-method">
                <img src="failed.png">
                </img>
                <span class="method-name">runScenario("Business sign up with empty city field", "Optional[Product Page features]")</span>
                <span class="method-start">571 ms</span>
              </div> <!-- test-method -->
              <div class="test-method">
                <img src="failed.png">
                </img>
                <span class="method-name">runScenario("Business sign up with empty street field", "Optional[Product Page features]")</span>
                <span class="method-start">621 ms</span>
              </div> <!-- test-method -->
              <div class="test-method">
                <img src="failed.png">
                </img>
                <span class="method-name">runScenario("Business sign up with correct credentials", "Optional[Product Page features]")</span>
                <span class="method-start">662 ms</span>
              </div> <!-- test-method -->
              <div class="test-method">
                <img src="failed.png">
                </img>
                <span class="method-name">runScenario("Add and delete items", "Optional[Cart Page features]")</span>
                <span class="method-start">726 ms</span>
              </div> <!-- test-method -->
              <div class="test-method">
                <img src="failed.png">
                </img>
                <span class="method-name">runScenario("Price counter check", "Optional[Cart Page features]")</span>
                <span class="method-start">772 ms</span>
              </div> <!-- test-method -->
              <div class="test-method">
                <img src="failed.png">
                </img>
                <span class="method-name">runScenario("Required delivery method check", "Optional[Cart Page features]")</span>
                <span class="method-start">811 ms</span>
              </div> <!-- test-method -->
              <div class="test-method">
                <img src="failed.png">
                </img>
                <span class="method-name">runScenario("Buyers details filled in check", "Optional[Cart Page features]")</span>
                <span class="method-start">848 ms</span>
              </div> <!-- test-method -->
              <div class="test-method">
                <img src="failed.png">
                </img>
                <span class="method-name">runScenario("Recipients details error message check", "Optional[Cart Page features]")</span>
                <span class="method-start">876 ms</span>
              </div> <!-- test-method -->
              <div class="test-method">
                <img src="failed.png">
                </img>
                <span class="method-name">runScenario("Recipients details error message check", "Optional[Cart Page features]")</span>
                <span class="method-start">910 ms</span>
              </div> <!-- test-method -->
              <div class="test-method">
                <img src="failed.png">
                </img>
                <span class="method-name">runScenario("Recipients details error message check", "Optional[Cart Page features]")</span>
                <span class="method-start">930 ms</span>
              </div> <!-- test-method -->
              <div class="test-method">
                <img src="failed.png">
                </img>
                <span class="method-name">runScenario("Recipients details error message check", "Optional[Cart Page features]")</span>
                <span class="method-start">962 ms</span>
              </div> <!-- test-method -->
              <div class="test-method">
                <img src="failed.png">
                </img>
                <span class="method-name">runScenario("Recipients details error message check", "Optional[Cart Page features]")</span>
                <span class="method-start">985 ms</span>
              </div> <!-- test-method -->
              <div class="test-method">
                <img src="failed.png">
                </img>
                <span class="method-name">runScenario("Recipients details error message check", "Optional[Cart Page features]")</span>
                <span class="method-start">1014 ms</span>
              </div> <!-- test-method -->
              <div class="test-method">
                <img src="failed.png">
                </img>
                <span class="method-name">runScenario("Valid order check", "Optional[Cart Page features]")</span>
                <span class="method-start">1049 ms</span>
              </div> <!-- test-method -->
              <div class="test-method">
                <span class="method-name">runScenario("Check all links", "Optional[Home Page features]")</span>
                <span class="method-start">1068 ms</span>
              </div> <!-- test-method -->
              <div class="test-method">
                <span class="method-name">runScenario("Check all links", "Optional[Home Page features]")</span>
                <span class="method-start">6676 ms</span>
              </div> <!-- test-method -->
              <div class="test-method">
                <span class="method-name">runScenario("Check all links", "Optional[Home Page features]")</span>
                <span class="method-start">7205 ms</span>
              </div> <!-- test-method -->
              <div class="test-method">
                <span class="method-name">runScenario("Check all links", "Optional[Home Page features]")</span>
                <span class="method-start">7530 ms</span>
              </div> <!-- test-method -->
              <div class="test-method">
                <span class="method-name">runScenario("Check all links", "Optional[Home Page features]")</span>
                <span class="method-start">7937 ms</span>
              </div> <!-- test-method -->
              <div class="test-method">
                <span class="method-name">runScenario("Find apple product", "Optional[Home Page features]")</span>
                <span class="method-start">8700 ms</span>
              </div> <!-- test-method -->
              <div class="test-method">
                <span class="method-name">runScenario("Search for product that no one have", "Optional[Home Page features]")</span>
                <span class="method-start">10033 ms</span>
              </div> <!-- test-method -->
              <div class="test-method">
                <img src="failed.png">
                </img>
                <span class="method-name">runScenario("Check carousel buttons", "Optional[Home Page features]")</span>
                <span class="method-start">10716 ms</span>
              </div> <!-- test-method -->
              <div class="test-method">
                <span class="method-name">runScenario("Check seller, product details and cart icon number then Log out", "Optional[Home Page features]")</span>
                <span class="method-start">10877 ms</span>
              </div> <!-- test-method -->
              <div class="test-method">
                <img src="failed.png">
                </img>
                <span class="method-name">runScenario("Log in with correct email and password", "Optional[Login Page features]")</span>
                <span class="method-start">14198 ms</span>
              </div> <!-- test-method -->
              <div class="test-method">
                <img src="failed.png">
                </img>
                <span class="method-name">runScenario("Log in with incorect email", "Optional[Login Page features]")</span>
                <span class="method-start">14213 ms</span>
              </div> <!-- test-method -->
              <div class="test-method">
                <img src="failed.png">
                </img>
                <span class="method-name">runScenario("Log in with incorect password", "Optional[Login Page features]")</span>
                <span class="method-start">14229 ms</span>
              </div> <!-- test-method -->
              <div class="test-method">
                <img src="failed.png">
                </img>
                <span class="method-name">runScenario("Find product, apple", "Optional[Product Page features]")</span>
                <span class="method-start">14253 ms</span>
              </div> <!-- test-method -->
              <div class="test-method">
                <img src="failed.png">
                </img>
                <span class="method-name">runScenario("Search for product that no one Have", "Optional[Product Page features]")</span>
                <span class="method-start">14274 ms</span>
              </div> <!-- test-method -->
              <div class="test-method">
                <img src="failed.png">
                </img>
                <span class="method-name">runScenario("Check seller, product details, Log out and cart icon number on home page", "Optional[Product Page f...)</span>
                <span class="method-start">14298 ms</span>
              </div> <!-- test-method -->
              <div class="test-method">
                <img src="failed.png">
                </img>
                <span class="method-name">runScenario("Sign in with corect credential", "Optional[Signin Page features]")</span>
                <span class="method-start">14355 ms</span>
              </div> <!-- test-method -->
              <div class="test-method">
                <img src="failed.png">
                </img>
                <span class="method-name">runScenario("Sign in with the same credentials", "Optional[Signin Page features]")</span>
                <span class="method-start">14379 ms</span>
              </div> <!-- test-method -->
              <div class="test-method">
                <img src="failed.png">
                </img>
                <span class="method-name">runScenario("Sign in with emty name input", "Optional[Signin Page features]")</span>
                <span class="method-start">14403 ms</span>
              </div> <!-- test-method -->
              <div class="test-method">
                <img src="failed.png">
                </img>
                <span class="method-name">runScenario("Sign in with emty email input", "Optional[Signin Page features]")</span>
                <span class="method-start">14424 ms</span>
              </div> <!-- test-method -->
              <div class="test-method">
                <img src="failed.png">
                </img>
                <span class="method-name">runScenario("Sign in with emty password input", "Optional[Signin Page features]")</span>
                <span class="method-start">14444 ms</span>
              </div> <!-- test-method -->
              <div class="test-method">
                <img src="failed.png">
                </img>
                <span class="method-name">runScenario("Warning message check", "Optional[User panel page feature]")</span>
                <span class="method-start">14464 ms</span>
              </div> <!-- test-method -->
              <div class="test-method">
                <img src="failed.png">
                </img>
                <span class="method-name">runScenario("Warning message check", "Optional[User panel page feature]")</span>
                <span class="method-start">14481 ms</span>
              </div> <!-- test-method -->
              <div class="test-method">
                <img src="failed.png">
                </img>
                <span class="method-name">runScenario("Warning message check", "Optional[User panel page feature]")</span>
                <span class="method-start">14504 ms</span>
              </div> <!-- test-method -->
              <div class="test-method">
                <img src="failed.png">
                </img>
                <span class="method-name">runScenario("Warning message check", "Optional[User panel page feature]")</span>
                <span class="method-start">14525 ms</span>
              </div> <!-- test-method -->
              <div class="test-method">
                <img src="failed.png">
                </img>
                <span class="method-name">runScenario("log in private user and check if panel is displayed", "Optional[User panel page feature]")</span>
                <span class="method-start">14562 ms</span>
              </div> <!-- test-method -->
              <div class="configuration-class after">
                <span class="method-name">tearDownClass</span>
                <span class="method-start">14598 ms</span>
              </div> <!-- configuration-class after -->
          </div> <!-- main-panel-content rounded-window-bottom -->
        </div> <!-- panel -->
      </div> <!-- main-panel-root -->
    </div> <!-- wrapper -->
  </body>
<script type="text/javascript" src="testng-reports2.js"></script>
</html>
