[{"line":2,"elements":[{"start_timestamp":"2021-12-10T19:34:23.796Z","line":21,"name":"Business sign up with empty Name field","description":"","id":"product-page-features;business-sign-up-with-empty-name-field;;2","type":"scenario","keyword":"Scenario Outline","steps":[{"result":{"duration":2871187100,"status":"passed"},"line":6,"name":"User navigates to the application","match":{"location":"com.bdd.steps.CoomonSteps.user_navigates_to_the_application()"},"keyword":"Given "},{"result":{"duration":164226100,"status":"passed"},"line":7,"name":"User clicks on the \"sell\"","match":{"arguments":[{"val":"\"sell\"","offset":19}],"location":"com.bdd.steps.CoomonSteps.user_clicks_on_the_Link(java.lang.String)"},"keyword":"When "},{"result":{"duration":18948200,"status":"passed"},"line":8,"name":"User is send to \"businessSignUp\" page","match":{"arguments":[{"val":"\"businessSignUp\"","offset":16}],"location":"com.bdd.steps.CoomonSteps.user_is_send_to_next_page(java.lang.String)"},"keyword":"Then "},{"result":{"duration":1582205100,"status":"passed"},"line":9,"name":"User fill in credentials with empty password Field","match":{"location":"com.bdd.steps.BusinessSignupPageSteps.user_fill_in_credentials_with_empty_password_field()"},"keyword":"When "},{"result":{"duration":729930000,"status":"passed"},"line":10,"name":"Add product \"kalafior\"","match":{"arguments":[{"val":"\"kalafior\"","offset":12}],"location":"com.bdd.steps.BusinessSignupPageSteps.add_products(java.lang.String)"},"keyword":"And "},{"result":{"duration":61528000,"status":"passed"},"line":11,"name":"\"kalafior\" is added to seller offer, appears on the page","match":{"arguments":[{"val":"\"kalafior\"","offset":0}],"location":"com.bdd.steps.BusinessSignupPageSteps.product_is_added_to_seller_offer_appears_on_the_page(java.lang.String)"},"keyword":"Then "},{"result":{"duration":101637700,"status":"passed"},"line":12,"name":"User clicks red cancel button to delete product","match":{"location":"com.bdd.steps.BusinessSignupPageSteps.user_clicks_red_cancel_button_to_delete_product()"},"keyword":"When "},{"result":{"duration":21707500,"status":"passed"},"line":13,"name":"Product disappears from the list","match":{"location":"com.bdd.steps.BusinessSignupPageSteps.product_disappears_from_the_list()"},"keyword":"Then "},{"result":{"duration":496018700,"status":"passed"},"line":14,"name":"Add product \"kalafior\"","match":{"arguments":[{"val":"\"kalafior\"","offset":12}],"location":"com.bdd.steps.BusinessSignupPageSteps.add_products(java.lang.String)"},"keyword":"And "},{"result":{"duration":51787100,"status":"passed"},"line":15,"name":"\"kalafior\" is added to seller offer, appears on the page","match":{"arguments":[{"val":"\"kalafior\"","offset":0}],"location":"com.bdd.steps.BusinessSignupPageSteps.product_is_added_to_seller_offer_appears_on_the_page(java.lang.String)"},"keyword":"Then "},{"result":{"duration":88820600,"status":"passed"},"line":16,"name":"User clicks submit button","match":{"location":"com.bdd.steps.BusinessSignupPageSteps.user_clicks_submit_button()"},"keyword":"When "},{"result":{"duration":70378100,"status":"passed"},"line":17,"name":"Checks if there is sign in and sign up dropdown tab","match":{"location":"com.bdd.steps.CoomonSteps.checks_if_logo_button_changed_on_sign_in_and_sign_up_dropdown_tab()"},"keyword":"Then "}],"tags":[{"name":"@allAppFeatures"},{"name":"@businessSignupPageFeatures"},{"name":"@businessSignUpWithEmptyNameField"}]},{"start_timestamp":"2021-12-10T19:34:30.135Z","line":40,"name":"Business sign up with empty password field","description":"","id":"product-page-features;business-sign-up-with-empty-password-field;;2","type":"scenario","keyword":"Scenario Outline","steps":[{"result":{"duration":220393800,"status":"passed"},"line":25,"name":"User navigates to the application","match":{"location":"com.bdd.steps.CoomonSteps.user_navigates_to_the_application()"},"keyword":"Given "},{"result":{"duration":135626600,"status":"passed"},"line":26,"name":"User clicks on the \"sell\"","match":{"arguments":[{"val":"\"sell\"","offset":19}],"location":"com.bdd.steps.CoomonSteps.user_clicks_on_the_Link(java.lang.String)"},"keyword":"When "},{"result":{"duration":21940200,"status":"passed"},"line":27,"name":"User is send to \"businessSignUp\" page","match":{"arguments":[{"val":"\"businessSignUp\"","offset":16}],"location":"com.bdd.steps.CoomonSteps.user_is_send_to_next_page(java.lang.String)"},"keyword":"Then "},{"result":{"duration":1115744600,"status":"passed"},"line":28,"name":"User fill in credentials with empty Name Field","match":{"location":"com.bdd.steps.BusinessSignupPageSteps.user_fill_in_credentials_with_empty_name_field()"},"keyword":"When "},{"result":{"duration":662160800,"status":"passed"},"line":29,"name":"Add product \"kalafior\"","match":{"arguments":[{"val":"\"kalafior\"","offset":12}],"location":"com.bdd.steps.BusinessSignupPageSteps.add_products(java.lang.String)"},"keyword":"And "},{"result":{"duration":49788200,"status":"passed"},"line":30,"name":"\"kalafior\" is added to seller offer, appears on the page","match":{"arguments":[{"val":"\"kalafior\"","offset":0}],"location":"com.bdd.steps.BusinessSignupPageSteps.product_is_added_to_seller_offer_appears_on_the_page(java.lang.String)"},"keyword":"Then "},{"result":{"duration":78655000,"status":"passed"},"line":31,"name":"User clicks red cancel button to delete product","match":{"location":"com.bdd.steps.BusinessSignupPageSteps.user_clicks_red_cancel_button_to_delete_product()"},"keyword":"When "},{"result":{"duration":14961400,"status":"passed"},"line":32,"name":"Product disappears from the list","match":{"location":"com.bdd.steps.BusinessSignupPageSteps.product_disappears_from_the_list()"},"keyword":"Then "},{"result":{"duration":468345100,"status":"passed"},"line":33,"name":"Add product \"kalafior\"","match":{"arguments":[{"val":"\"kalafior\"","offset":12}],"location":"com.bdd.steps.BusinessSignupPageSteps.add_products(java.lang.String)"},"keyword":"And "},{"result":{"duration":48302100,"status":"passed"},"line":34,"name":"\"kalafior\" is added to seller offer, appears on the page","match":{"arguments":[{"val":"\"kalafior\"","offset":0}],"location":"com.bdd.steps.BusinessSignupPageSteps.product_is_added_to_seller_offer_appears_on_the_page(java.lang.String)"},"keyword":"Then "},{"result":{"duration":80758500,"status":"passed"},"line":35,"name":"User clicks submit button","match":{"location":"com.bdd.steps.BusinessSignupPageSteps.user_clicks_submit_button()"},"keyword":"When "},{"result":{"duration":55880300,"status":"passed"},"line":36,"name":"Checks if there is sign in and sign up dropdown tab","match":{"location":"com.bdd.steps.CoomonSteps.checks_if_logo_button_changed_on_sign_in_and_sign_up_dropdown_tab()"},"keyword":"Then "}],"tags":[{"name":"@allAppFeatures"},{"name":"@businessSignupPageFeatures"},{"name":"@businessSignUpWithEmptyPasswordField"}]},{"start_timestamp":"2021-12-10T19:34:33.113Z","line":59,"name":"Business sign up with empty password field","description":"","id":"product-page-features;business-sign-up-with-empty-password-field;;2","type":"scenario","keyword":"Scenario Outline","steps":[{"result":{"duration":266062200,"status":"passed"},"line":44,"name":"User navigates to the application","match":{"location":"com.bdd.steps.CoomonSteps.user_navigates_to_the_application()"},"keyword":"Given "},{"result":{"duration":137617400,"status":"passed"},"line":45,"name":"User clicks on the \"sell\"","match":{"arguments":[{"val":"\"sell\"","offset":19}],"location":"com.bdd.steps.CoomonSteps.user_clicks_on_the_Link(java.lang.String)"},"keyword":"When "},{"result":{"duration":87766500,"status":"passed"},"line":46,"name":"User is send to \"businessSignUp\" page","match":{"arguments":[{"val":"\"businessSignUp\"","offset":16}],"location":"com.bdd.steps.CoomonSteps.user_is_send_to_next_page(java.lang.String)"},"keyword":"Then "},{"result":{"duration":1029073500,"status":"passed"},"line":47,"name":"User fill in credentials with empty email Field","match":{"location":"com.bdd.steps.BusinessSignupPageSteps.user_fill_in_credentials_with_empty_email_field()"},"keyword":"When "},{"result":{"duration":662471100,"status":"passed"},"line":48,"name":"Add product \"kalafior\"","match":{"arguments":[{"val":"\"kalafior\"","offset":12}],"location":"com.bdd.steps.BusinessSignupPageSteps.add_products(java.lang.String)"},"keyword":"And "},{"result":{"duration":47880000,"status":"passed"},"line":49,"name":"\"kalafior\" is added to seller offer, appears on the page","match":{"arguments":[{"val":"\"kalafior\"","offset":0}],"location":"com.bdd.steps.BusinessSignupPageSteps.product_is_added_to_seller_offer_appears_on_the_page(java.lang.String)"},"keyword":"Then "},{"result":{"duration":81330100,"status":"passed"},"line":50,"name":"User clicks red cancel button to delete product","match":{"location":"com.bdd.steps.BusinessSignupPageSteps.user_clicks_red_cancel_button_to_delete_product()"},"keyword":"When "},{"result":{"duration":12011000,"status":"passed"},"line":51,"name":"Product disappears from the list","match":{"location":"com.bdd.steps.BusinessSignupPageSteps.product_disappears_from_the_list()"},"keyword":"Then "},{"result":{"duration":483897700,"status":"passed"},"line":52,"name":"Add product \"kalafior\"","match":{"arguments":[{"val":"\"kalafior\"","offset":12}],"location":"com.bdd.steps.BusinessSignupPageSteps.add_products(java.lang.String)"},"keyword":"And "},{"result":{"duration":47022700,"status":"passed"},"line":53,"name":"\"kalafior\" is added to seller offer, appears on the page","match":{"arguments":[{"val":"\"kalafior\"","offset":0}],"location":"com.bdd.steps.BusinessSignupPageSteps.product_is_added_to_seller_offer_appears_on_the_page(java.lang.String)"},"keyword":"Then "},{"result":{"duration":82409200,"status":"passed"},"line":54,"name":"User clicks submit button","match":{"location":"com.bdd.steps.BusinessSignupPageSteps.user_clicks_submit_button()"},"keyword":"When "},{"result":{"duration":53051000,"status":"passed"},"line":55,"name":"Checks if there is sign in and sign up dropdown tab","match":{"location":"com.bdd.steps.CoomonSteps.checks_if_logo_button_changed_on_sign_in_and_sign_up_dropdown_tab()"},"keyword":"Then "}],"tags":[{"name":"@allAppFeatures"},{"name":"@businessSignupPageFeatures"},{"name":"@businessSignUpWithEmptyEmailField"}]},{"start_timestamp":"2021-12-10T19:34:36.129Z","line":78,"name":"Business sign up with empty password field","description":"","id":"product-page-features;business-sign-up-with-empty-password-field;;2","type":"scenario","keyword":"Scenario Outline","steps":[{"result":{"duration":170118500,"status":"passed"},"line":63,"name":"User navigates to the application","match":{"location":"com.bdd.steps.CoomonSteps.user_navigates_to_the_application()"},"keyword":"Given "},{"result":{"duration":145197900,"status":"passed"},"line":64,"name":"User clicks on the \"sell\"","match":{"arguments":[{"val":"\"sell\"","offset":19}],"location":"com.bdd.steps.CoomonSteps.user_clicks_on_the_Link(java.lang.String)"},"keyword":"When "},{"result":{"duration":61217500,"status":"passed"},"line":65,"name":"User is send to \"businessSignUp\" page","match":{"arguments":[{"val":"\"businessSignUp\"","offset":16}],"location":"com.bdd.steps.CoomonSteps.user_is_send_to_next_page(java.lang.String)"},"keyword":"Then "},{"result":{"duration":1064286200,"status":"passed"},"line":66,"name":"User fill in credentials with empty postecode Field","match":{"location":"com.bdd.steps.BusinessSignupPageSteps.user_fill_in_credentials_with_empty_postecode_field()"},"keyword":"When "},{"result":{"duration":675321700,"status":"passed"},"line":67,"name":"Add product \"kalafior\"","match":{"arguments":[{"val":"\"kalafior\"","offset":12}],"location":"com.bdd.steps.BusinessSignupPageSteps.add_products(java.lang.String)"},"keyword":"And "},{"result":{"duration":55846500,"status":"passed"},"line":68,"name":"\"kalafior\" is added to seller offer, appears on the page","match":{"arguments":[{"val":"\"kalafior\"","offset":0}],"location":"com.bdd.steps.BusinessSignupPageSteps.product_is_added_to_seller_offer_appears_on_the_page(java.lang.String)"},"keyword":"Then "},{"result":{"duration":78585300,"status":"passed"},"line":69,"name":"User clicks red cancel button to delete product","match":{"location":"com.bdd.steps.BusinessSignupPageSteps.user_clicks_red_cancel_button_to_delete_product()"},"keyword":"When "},{"result":{"duration":9971300,"status":"passed"},"line":70,"name":"Product disappears from the list","match":{"location":"com.bdd.steps.BusinessSignupPageSteps.product_disappears_from_the_list()"},"keyword":"Then "},{"result":{"duration":468985600,"status":"passed"},"line":71,"name":"Add product \"kalafior\"","match":{"arguments":[{"val":"\"kalafior\"","offset":12}],"location":"com.bdd.steps.BusinessSignupPageSteps.add_products(java.lang.String)"},"keyword":"And "},{"result":{"duration":45455100,"status":"passed"},"line":72,"name":"\"kalafior\" is added to seller offer, appears on the page","match":{"arguments":[{"val":"\"kalafior\"","offset":0}],"location":"com.bdd.steps.BusinessSignupPageSteps.product_is_added_to_seller_offer_appears_on_the_page(java.lang.String)"},"keyword":"Then "},{"result":{"duration":80702700,"status":"passed"},"line":73,"name":"User clicks submit button","match":{"location":"com.bdd.steps.BusinessSignupPageSteps.user_clicks_submit_button()"},"keyword":"When "},{"result":{"duration":73321900,"status":"passed"},"line":74,"name":"Checks if there is sign in and sign up dropdown tab","match":{"location":"com.bdd.steps.CoomonSteps.checks_if_logo_button_changed_on_sign_in_and_sign_up_dropdown_tab()"},"keyword":"Then "}],"tags":[{"name":"@allAppFeatures"},{"name":"@businessSignupPageFeatures"},{"name":"@businessSignUpWithPostecodeField"}]},{"start_timestamp":"2021-12-10T19:34:39.097Z","line":98,"name":"Business sign up with correct credentials","description":"","id":"product-page-features;business-sign-up-with-correct-credentials;;2","type":"scenario","keyword":"Scenario Outline","steps":[{"result":{"duration":167424500,"status":"passed"},"line":82,"name":"User navigates to the application","match":{"location":"com.bdd.steps.CoomonSteps.user_navigates_to_the_application()"},"keyword":"Given "},{"result":{"duration":131637400,"status":"passed"},"line":83,"name":"User clicks on the \"sell\"","match":{"arguments":[{"val":"\"sell\"","offset":19}],"location":"com.bdd.steps.CoomonSteps.user_clicks_on_the_Link(java.lang.String)"},"keyword":"When "},{"result":{"duration":63831800,"status":"passed"},"line":84,"name":"User is send to \"businessSignUp\" page","match":{"arguments":[{"val":"\"businessSignUp\"","offset":16}],"location":"com.bdd.steps.CoomonSteps.user_is_send_to_next_page(java.lang.String)"},"keyword":"Then "},{"result":{"duration":1133761900,"status":"passed"},"line":85,"name":"User fill in credentials fields with correct data","match":{"location":"com.bdd.steps.BusinessSignupPageSteps.user_fill_in_credentials_fields_with_correct_data()"},"keyword":"When "},{"result":{"duration":653378100,"status":"passed"},"line":86,"name":"Add product \"kalafior\"","match":{"arguments":[{"val":"\"kalafior\"","offset":12}],"location":"com.bdd.steps.BusinessSignupPageSteps.add_products(java.lang.String)"},"keyword":"And "},{"result":{"duration":55634300,"status":"passed"},"line":87,"name":"\"kalafior\" is added to seller offer, appears on the page","match":{"arguments":[{"val":"\"kalafior\"","offset":0}],"location":"com.bdd.steps.BusinessSignupPageSteps.product_is_added_to_seller_offer_appears_on_the_page(java.lang.String)"},"keyword":"Then "},{"result":{"duration":77095100,"status":"passed"},"line":88,"name":"User clicks red cancel button to delete product","match":{"location":"com.bdd.steps.BusinessSignupPageSteps.user_clicks_red_cancel_button_to_delete_product()"},"keyword":"When "},{"result":{"duration":10974300,"status":"passed"},"line":89,"name":"Product disappears from the list","match":{"location":"com.bdd.steps.BusinessSignupPageSteps.product_disappears_from_the_list()"},"keyword":"Then "},{"result":{"duration":472312700,"status":"passed"},"line":90,"name":"Add product \"kalafior\"","match":{"arguments":[{"val":"\"kalafior\"","offset":12}],"location":"com.bdd.steps.BusinessSignupPageSteps.add_products(java.lang.String)"},"keyword":"And "},{"result":{"duration":46199800,"status":"passed"},"line":91,"name":"\"kalafior\" is added to seller offer, appears on the page","match":{"arguments":[{"val":"\"kalafior\"","offset":0}],"location":"com.bdd.steps.BusinessSignupPageSteps.product_is_added_to_seller_offer_appears_on_the_page(java.lang.String)"},"keyword":"Then "},{"result":{"duration":82183000,"status":"passed"},"line":92,"name":"User clicks submit button","match":{"location":"com.bdd.steps.BusinessSignupPageSteps.user_clicks_submit_button()"},"keyword":"When "},{"result":{"duration":1562394800,"status":"passed"},"line":93,"name":"Accepts alert message","match":{"location":"com.bdd.steps.CoomonSteps.Accept_alert_message()"},"keyword":"And "},{"result":{"duration":114278500,"status":"passed"},"line":94,"name":"User is signed in, confirmation inscription appears","match":{"location":"com.bdd.steps.BusinessSignupPageSteps.user_is_signed_in_confirmation_inscription_appears()"},"keyword":"Then "}],"tags":[{"name":"@allAppFeatures"},{"name":"@businessSignupPageFeatures"},{"name":"@businessSignUpWithCorrectCredentials"}]}],"name":"Product Page features","description":"","id":"product-page-features","keyword":"Feature","uri":"file:src/test/resources/features/BusinessSignupPage.feature","tags":[{"name":"@allAppFeatures","type":"Tag","location":{"line":1,"column":1}},{"name":"@businessSignupPageFeatures","type":"Tag","location":{"line":1,"column":17}}]},{"line":2,"elements":[{"start_timestamp":"2021-12-10T19:34:43.685Z","line":12,"name":"Check all links","description":"","id":"home-page-features;check-all-links;;2","type":"scenario","keyword":"Scenario Outline","steps":[{"result":{"duration":211418500,"status":"passed"},"line":6,"name":"User navigates to the application","match":{"location":"com.bdd.steps.CoomonSteps.user_navigates_to_the_application()"},"keyword":"Given "},{"result":{"duration":186348500,"status":"passed"},"line":7,"name":"User clicks on the \"login\"","match":{"arguments":[{"val":"\"login\"","offset":19}],"location":"com.bdd.steps.CoomonSteps.user_clicks_on_the_Link(java.lang.String)"},"keyword":"When "},{"result":{"duration":29809300,"status":"passed"},"line":8,"name":"User is send to \"login\" page","match":{"arguments":[{"val":"\"login\"","offset":16}],"location":"com.bdd.steps.CoomonSteps.user_is_send_to_next_page(java.lang.String)"},"keyword":"Then "}],"tags":[{"name":"@allAppFeatures"},{"name":"@homePageFeatures"},{"name":"@checkAllLinks"}]},{"start_timestamp":"2021-12-10T19:34:44.131Z","line":13,"name":"Check all links","description":"","id":"home-page-features;check-all-links;;3","type":"scenario","keyword":"Scenario Outline","steps":[{"result":{"duration":140205500,"status":"passed"},"line":6,"name":"User navigates to the application","match":{"location":"com.bdd.steps.CoomonSteps.user_navigates_to_the_application()"},"keyword":"Given "},{"result":{"error_message":"org.openqa.selenium.StaleElementReferenceException: stale element reference: element is not attached to the page document\n  (Session info: chrome=96.0.4664.93)\nFor documentation on this error, please visit: https://www.seleniumhq.org/exceptions/stale_element_reference.html\nBuild info: version: '3.141.59', revision: 'e82be7d358', time: '2018-11-14T08:17:03'\nSystem info: host: 'LAPTOP-Q1P4S741', ip: '192.168.56.1', os.name: 'Windows 10', os.arch: 'amd64', os.version: '10.0', java.version: '16.0.2'\nDriver info: org.openqa.selenium.chrome.ChromeDriver\nCapabilities {acceptInsecureCerts: false, browserName: chrome, browserVersion: 96.0.4664.93, chrome: {chromedriverVersion: 96.0.4664.45 (76e4c1bb2ab46..., userDataDir: C:\\Users\\Marian\\AppData\\Loc...}, goog:chromeOptions: {debuggerAddress: localhost:65460}, javascriptEnabled: true, networkConnectionEnabled: false, pageLoadStrategy: normal, platform: WINDOWS, platformName: WINDOWS, proxy: Proxy(), setWindowRect: true, strictFileInteractability: false, timeouts: {implicit: 0, pageLoad: 300000, script: 30000}, unhandledPromptBehavior: dismiss and notify, webauthn:extension:credBlob: true, webauthn:extension:largeBlob: true, webauthn:virtualAuthenticators: true}\nSession ID: b130e40a2807adfede52fbf81f6be45a\r\n\tat java.base/jdk.internal.reflect.NativeConstructorAccessorImpl.newInstance0(Native Method)\r\n\tat java.base/jdk.internal.reflect.NativeConstructorAccessorImpl.newInstance(NativeConstructorAccessorImpl.java:78)\r\n\tat java.base/jdk.internal.reflect.DelegatingConstructorAccessorImpl.newInstance(DelegatingConstructorAccessorImpl.java:45)\r\n\tat java.base/java.lang.reflect.Constructor.newInstanceWithCaller(Constructor.java:499)\r\n\tat java.base/java.lang.reflect.Constructor.newInstance(Constructor.java:480)\r\n\tat org.openqa.selenium.remote.http.W3CHttpResponseCodec.createException(W3CHttpResponseCodec.java:187)\r\n\tat org.openqa.selenium.remote.http.W3CHttpResponseCodec.decode(W3CHttpResponseCodec.java:122)\r\n\tat org.openqa.selenium.remote.http.W3CHttpResponseCodec.decode(W3CHttpResponseCodec.java:49)\r\n\tat org.openqa.selenium.remote.HttpCommandExecutor.execute(HttpCommandExecutor.java:158)\r\n\tat org.openqa.selenium.remote.service.DriverCommandExecutor.execute(DriverCommandExecutor.java:83)\r\n\tat org.openqa.selenium.remote.RemoteWebDriver.execute(RemoteWebDriver.java:552)\r\n\tat org.openqa.selenium.remote.RemoteWebElement.execute(RemoteWebElement.java:285)\r\n\tat org.openqa.selenium.remote.RemoteWebElement.click(RemoteWebElement.java:84)\r\n\tat com.bdd.utils.ReusableAndGlobalFunctionalities.Click(ReusableAndGlobalFunctionalities.java:47)\r\n\tat com.bdd.utils.ReusableAndGlobalFunctionalities.goToLoginSignUpPage(ReusableAndGlobalFunctionalities.java:121)\r\n\tat com.bdd.utils.ReusableAndGlobalFunctionalities.checkAllLinks(ReusableAndGlobalFunctionalities.java:81)\r\n\tat com.bdd.steps.CoomonSteps.user_clicks_on_the_Link(CoomonSteps.java:27)\r\n\tat ✽.User clicks on the \"signUp\"(file:///C:/Users/Marian/Desktop/automatyzacja/java/project/TestCucumberJavaFarmMarket/src/test/resources/features/HomePage.feature:7)\r\n","duration":216594900,"status":"failed"},"line":7,"name":"User clicks on the \"signUp\"","match":{"arguments":[{"val":"\"signUp\"","offset":19}],"location":"com.bdd.steps.CoomonSteps.user_clicks_on_the_Link(java.lang.String)"},"keyword":"When "},{"result":{"status":"skipped"},"line":8,"name":"User is send to \"signUp\" page","match":{"arguments":[{"val":"\"signUp\"","offset":16}],"location":"com.bdd.steps.CoomonSteps.user_is_send_to_next_page(java.lang.String)"},"keyword":"Then "}],"tags":[{"name":"@allAppFeatures"},{"name":"@homePageFeatures"},{"name":"@checkAllLinks"}]},{"start_timestamp":"2021-12-10T19:34:44.502Z","line":14,"name":"Check all links","description":"","id":"home-page-features;check-all-links;;4","type":"scenario","keyword":"Scenario Outline","steps":[{"result":{"duration":177600000,"status":"passed"},"line":6,"name":"User navigates to the application","match":{"location":"com.bdd.steps.CoomonSteps.user_navigates_to_the_application()"},"keyword":"Given "},{"result":{"duration":98206900,"status":"passed"},"line":7,"name":"User clicks on the \"buy\"","match":{"arguments":[{"val":"\"buy\"","offset":19}],"location":"com.bdd.steps.CoomonSteps.user_clicks_on_the_Link(java.lang.String)"},"keyword":"When "},{"result":{"duration":7648900,"status":"passed"},"line":8,"name":"User is send to \"products\" page","match":{"arguments":[{"val":"\"products\"","offset":16}],"location":"com.bdd.steps.CoomonSteps.user_is_send_to_next_page(java.lang.String)"},"keyword":"Then "}],"tags":[{"name":"@allAppFeatures"},{"name":"@homePageFeatures"},{"name":"@checkAllLinks"}]},{"start_timestamp":"2021-12-10T19:34:44.800Z","line":15,"name":"Check all links","description":"","id":"home-page-features;check-all-links;;5","type":"scenario","keyword":"Scenario Outline","steps":[{"result":{"duration":134129000,"status":"passed"},"line":6,"name":"User navigates to the application","match":{"location":"com.bdd.steps.CoomonSteps.user_navigates_to_the_application()"},"keyword":"Given "},{"result":{"duration":145726800,"status":"passed"},"line":7,"name":"User clicks on the \"sell\"","match":{"arguments":[{"val":"\"sell\"","offset":19}],"location":"com.bdd.steps.CoomonSteps.user_clicks_on_the_Link(java.lang.String)"},"keyword":"When "},{"result":{"duration":60222000,"status":"passed"},"line":8,"name":"User is send to \"businessSignUp\" page","match":{"arguments":[{"val":"\"businessSignUp\"","offset":16}],"location":"com.bdd.steps.CoomonSteps.user_is_send_to_next_page(java.lang.String)"},"keyword":"Then "}],"tags":[{"name":"@allAppFeatures"},{"name":"@homePageFeatures"},{"name":"@checkAllLinks"}]},{"start_timestamp":"2021-12-10T19:34:45.156Z","line":16,"name":"Check all links","description":"","id":"home-page-features;check-all-links;;6","type":"scenario","keyword":"Scenario Outline","steps":[{"result":{"duration":135639500,"status":"passed"},"line":6,"name":"User navigates to the application","match":{"location":"com.bdd.steps.CoomonSteps.user_navigates_to_the_application()"},"keyword":"Given "},{"result":{"duration":106993100,"status":"passed"},"line":7,"name":"User clicks on the \"cart\"","match":{"arguments":[{"val":"\"cart\"","offset":19}],"location":"com.bdd.steps.CoomonSteps.user_clicks_on_the_Link(java.lang.String)"},"keyword":"When "},{"result":{"duration":356583600,"status":"passed"},"line":8,"name":"User is send to \"cart\" page","match":{"arguments":[{"val":"\"cart\"","offset":16}],"location":"com.bdd.steps.CoomonSteps.user_is_send_to_next_page(java.lang.String)"},"keyword":"Then "}],"tags":[{"name":"@allAppFeatures"},{"name":"@homePageFeatures"},{"name":"@checkAllLinks"}]},{"start_timestamp":"2021-12-10T19:34:45.778Z","line":27,"name":"Find product, apple","description":"","id":"home-page-features;find-product--apple;;2","type":"scenario","keyword":"Scenario Outline","steps":[{"result":{"duration":146841000,"status":"passed"},"line":20,"name":"User navigates to the application","match":{"location":"com.bdd.steps.CoomonSteps.user_navigates_to_the_application()"},"keyword":"Given "},{"result":{"duration":126144700,"status":"passed"},"line":21,"name":"User types \"jabłko\" name","match":{"arguments":[{"val":"\"jabłko\"","offset":11}],"location":"com.bdd.steps.CoomonSteps.user_types_product_name(java.lang.String)"},"keyword":"When "},{"result":{"duration":273900700,"status":"passed"},"line":22,"name":"Choose product","match":{"location":"com.bdd.steps.CoomonSteps.click_on_search_button()"},"keyword":"And "},{"result":{"duration":580584300,"status":"passed"},"line":23,"name":"Product description appears on the page","match":{"location":"com.bdd.steps.HomePageSteps.product_description_appears_on_the_page()"},"keyword":"Then "}],"tags":[{"name":"@allAppFeatures"},{"name":"@homePageFeatures"},{"name":"@searchProduct"}]},{"start_timestamp":"2021-12-10T19:34:46.917Z","line":38,"name":"Search for product that no one Have","description":"","id":"home-page-features;search-for-product-that-no-one-have;;2","type":"scenario","keyword":"Scenario Outline","steps":[{"result":{"duration":159409100,"status":"passed"},"line":31,"name":"User navigates to the application","match":{"location":"com.bdd.steps.CoomonSteps.user_navigates_to_the_application()"},"keyword":"Given "},{"result":{"duration":122642400,"status":"passed"},"line":32,"name":"User types \"cebula\" name","match":{"arguments":[{"val":"\"cebula\"","offset":11}],"location":"com.bdd.steps.CoomonSteps.user_types_product_name(java.lang.String)"},"keyword":"When "},{"result":{"duration":215589100,"status":"passed"},"line":33,"name":"Choose product","match":{"location":"com.bdd.steps.CoomonSteps.click_on_search_button()"},"keyword":"And "},{"result":{"duration":48542900,"status":"passed"},"line":34,"name":"No product description appears on the page","match":{"location":"com.bdd.steps.HomePageSteps.no_product_description_appears_on_the_page()"},"keyword":"Then "}],"tags":[{"name":"@allAppFeatures"},{"name":"@homePageFeatures"},{"name":"@searchForProductNoOneHave"}]},{"start_timestamp":"2021-12-10T19:34:47.477Z","line":41,"name":"Check carousel Buttons","description":"","id":"home-page-features;check-carousel-buttons","type":"scenario","keyword":"Scenario Outline","steps":[{"result":{"duration":121725400,"status":"passed"},"line":42,"name":"User navigates to the application","match":{"location":"com.bdd.steps.CoomonSteps.user_navigates_to_the_application()"},"keyword":"Given "},{"result":{"duration":136292800,"status":"passed"},"line":43,"name":"User clicks on left carusel arrow button","match":{"location":"com.bdd.steps.HomePageSteps.user_clicks_on_left_carusel_arrow_button()"},"keyword":"When "},{"result":{"duration":2556246700,"status":"passed"},"line":44,"name":"Carousel goes left","match":{"location":"com.bdd.steps.HomePageSteps.carousel_goes_left()"},"keyword":"Then "},{"result":{"duration":82771000,"status":"passed"},"line":45,"name":"User clicks on right corusel arrow Button","match":{"location":"com.bdd.steps.HomePageSteps.user_clicks_on_right_corusel_arrow_button()"},"keyword":"When "},{"result":{"duration":2549302600,"status":"passed"},"line":46,"name":"carusel goes right","match":{"location":"com.bdd.steps.HomePageSteps.carusel_goes_right()"},"keyword":"Then "}],"tags":[{"name":"@allAppFeatures"},{"name":"@homePageFeatures"},{"name":"@checkCarouselButtons"}]},{"start_timestamp":"2021-12-10T19:34:52.966Z","line":67,"name":"Check seller, product details, Log out and cart icon number on home page","description":"","id":"home-page-features;check-seller--product-details--log-out-and-cart-icon-number-on-home-page;;2","type":"scenario","keyword":"Scenario Outline","steps":[{"result":{"duration":234638700,"status":"passed"},"line":50,"name":"User navigates to the application","match":{"location":"com.bdd.steps.CoomonSteps.user_navigates_to_the_application()"},"keyword":"Given "},{"result":{"duration":198454700,"status":"passed"},"line":51,"name":"User clicks on the \"login\"","match":{"arguments":[{"val":"\"login\"","offset":19}],"location":"com.bdd.steps.CoomonSteps.user_clicks_on_the_Link(java.lang.String)"},"keyword":"When "},{"result":{"error_message":"org.openqa.selenium.TimeoutException: Expected condition failed: waiting for visibility of element located by By.cssSelector: .form-control[placeholder='e-mail'] (tried for 20 second(s) with 500 milliseconds interval)\r\n\tat org.openqa.selenium.support.ui.WebDriverWait.timeoutException(WebDriverWait.java:95)\r\n\tat org.openqa.selenium.support.ui.FluentWait.until(FluentWait.java:272)\r\n\tat com.bdd.utils.ReusableAndGlobalFunctionalities.SendKeys(ReusableAndGlobalFunctionalities.java:58)\r\n\tat com.bdd.pages.LoginPage.logIn(LoginPage.java:18)\r\n\tat com.bdd.steps.LoginPageSteps.log_in_with_correct_credentials(LoginPageSteps.java:18)\r\n\tat ✽.Log in with correct credential(file:///C:/Users/Marian/Desktop/automatyzacja/java/project/TestCucumberJavaFarmMarket/src/test/resources/features/HomePage.feature:52)\r\nCaused by: org.openqa.selenium.NoSuchElementException: no such element: Unable to locate element: {\"method\":\"css selector\",\"selector\":\".form-control[placeholder='e-mail']\"}\n  (Session info: chrome=96.0.4664.93)\nFor documentation on this error, please visit: https://www.seleniumhq.org/exceptions/no_such_element.html\nBuild info: version: '3.141.59', revision: 'e82be7d358', time: '2018-11-14T08:17:03'\nSystem info: host: 'LAPTOP-Q1P4S741', ip: '192.168.56.1', os.name: 'Windows 10', os.arch: 'amd64', os.version: '10.0', java.version: '16.0.2'\nDriver info: org.openqa.selenium.chrome.ChromeDriver\nCapabilities {acceptInsecureCerts: false, browserName: chrome, browserVersion: 96.0.4664.93, chrome: {chromedriverVersion: 96.0.4664.45 (76e4c1bb2ab46..., userDataDir: C:\\Users\\Marian\\AppData\\Loc...}, goog:chromeOptions: {debuggerAddress: localhost:65460}, javascriptEnabled: true, networkConnectionEnabled: false, pageLoadStrategy: normal, platform: WINDOWS, platformName: WINDOWS, proxy: Proxy(), setWindowRect: true, strictFileInteractability: false, timeouts: {implicit: 0, pageLoad: 300000, script: 30000}, unhandledPromptBehavior: dismiss and notify, webauthn:extension:credBlob: true, webauthn:extension:largeBlob: true, webauthn:virtualAuthenticators: true}\nSession ID: b130e40a2807adfede52fbf81f6be45a\n*** Element info: {Using=css selector, value=.form-control[placeholder='e-mail']}\r\n\tat jdk.internal.reflect.GeneratedConstructorAccessor11.newInstance(Unknown Source)\r\n\tat java.base/jdk.internal.reflect.DelegatingConstructorAccessorImpl.newInstance(DelegatingConstructorAccessorImpl.java:45)\r\n\tat java.base/java.lang.reflect.Constructor.newInstanceWithCaller(Constructor.java:499)\r\n\tat java.base/java.lang.reflect.Constructor.newInstance(Constructor.java:480)\r\n\tat org.openqa.selenium.remote.http.W3CHttpResponseCodec.createException(W3CHttpResponseCodec.java:187)\r\n\tat org.openqa.selenium.remote.http.W3CHttpResponseCodec.decode(W3CHttpResponseCodec.java:122)\r\n\tat org.openqa.selenium.remote.http.W3CHttpResponseCodec.decode(W3CHttpResponseCodec.java:49)\r\n\tat org.openqa.selenium.remote.HttpCommandExecutor.execute(HttpCommandExecutor.java:158)\r\n\tat org.openqa.selenium.remote.service.DriverCommandExecutor.execute(DriverCommandExecutor.java:83)\r\n\tat org.openqa.selenium.remote.RemoteWebDriver.execute(RemoteWebDriver.java:552)\r\n\tat org.openqa.selenium.remote.RemoteWebDriver.findElement(RemoteWebDriver.java:323)\r\n\tat org.openqa.selenium.remote.RemoteWebDriver.findElementByCssSelector(RemoteWebDriver.java:420)\r\n\tat org.openqa.selenium.By$ByCssSelector.findElement(By.java:431)\r\n\tat org.openqa.selenium.remote.RemoteWebDriver.findElement(RemoteWebDriver.java:315)\r\n\tat org.openqa.selenium.support.ui.ExpectedConditions$7.apply(ExpectedConditions.java:205)\r\n\tat org.openqa.selenium.support.ui.ExpectedConditions$7.apply(ExpectedConditions.java:201)\r\n\tat org.openqa.selenium.support.ui.FluentWait.until(FluentWait.java:249)\r\n\tat com.bdd.utils.ReusableAndGlobalFunctionalities.SendKeys(ReusableAndGlobalFunctionalities.java:58)\r\n\tat com.bdd.pages.LoginPage.logIn(LoginPage.java:18)\r\n\tat com.bdd.steps.LoginPageSteps.log_in_with_correct_credentials(LoginPageSteps.java:18)\r\n\tat java.base/jdk.internal.reflect.NativeMethodAccessorImpl.invoke0(Native Method)\r\n\tat java.base/jdk.internal.reflect.NativeMethodAccessorImpl.invoke(NativeMethodAccessorImpl.java:78)\r\n\tat java.base/jdk.internal.reflect.DelegatingMethodAccessorImpl.invoke(DelegatingMethodAccessorImpl.java:43)\r\n\tat java.base/java.lang.reflect.Method.invoke(Method.java:567)\r\n\tat io.cucumber.java.Invoker.doInvoke(Invoker.java:66)\r\n\tat io.cucumber.java.Invoker.invoke(Invoker.java:24)\r\n\tat io.cucumber.java.AbstractGlueDefinition.invokeMethod(AbstractGlueDefinition.java:47)\r\n\tat io.cucumber.java.JavaStepDefinition.execute(JavaStepDefinition.java:29)\r\n\tat io.cucumber.core.runner.CoreStepDefinition.execute(CoreStepDefinition.java:66)\r\n\tat io.cucumber.core.runner.PickleStepDefinitionMatch.runStep(PickleStepDefinitionMatch.java:63)\r\n\tat io.cucumber.core.runner.ExecutionMode$1.execute(ExecutionMode.java:10)\r\n\tat io.cucumber.core.runner.TestStep.executeStep(TestStep.java:86)\r\n\tat io.cucumber.core.runner.TestStep.run(TestStep.java:57)\r\n\tat io.cucumber.core.runner.PickleStepTestStep.run(PickleStepTestStep.java:51)\r\n\tat io.cucumber.core.runner.TestCase.run(TestCase.java:95)\r\n\tat io.cucumber.core.runner.Runner.runPickle(Runner.java:75)\r\n\tat io.cucumber.testng.TestNGCucumberRunner.lambda$runScenario$1(TestNGCucumberRunner.java:132)\r\n\tat io.cucumber.core.runtime.CucumberExecutionContext.lambda$runTestCase$3(CucumberExecutionContext.java:110)\r\n\tat io.cucumber.core.runtime.RethrowingThrowableCollector.executeAndThrow(RethrowingThrowableCollector.java:23)\r\n\tat io.cucumber.core.runtime.CucumberExecutionContext.runTestCase(CucumberExecutionContext.java:110)\r\n\tat io.cucumber.testng.TestNGCucumberRunner.runScenario(TestNGCucumberRunner.java:129)\r\n\tat io.cucumber.testng.AbstractTestNGCucumberTests.runScenario(AbstractTestNGCucumberTests.java:35)\r\n\tat java.base/jdk.internal.reflect.NativeMethodAccessorImpl.invoke0(Native Method)\r\n\tat java.base/jdk.internal.reflect.NativeMethodAccessorImpl.invoke(NativeMethodAccessorImpl.java:78)\r\n\tat java.base/jdk.internal.reflect.DelegatingMethodAccessorImpl.invoke(DelegatingMethodAccessorImpl.java:43)\r\n\tat java.base/java.lang.reflect.Method.invoke(Method.java:567)\r\n\tat org.testng.internal.MethodInvocationHelper.invokeMethod(MethodInvocationHelper.java:133)\r\n\tat org.testng.internal.TestInvoker.invokeMethod(TestInvoker.java:598)\r\n\tat org.testng.internal.TestInvoker.invokeTestMethod(TestInvoker.java:173)\r\n\tat org.testng.internal.MethodRunner.runInSequence(MethodRunner.java:46)\r\n\tat org.testng.internal.TestInvoker$MethodInvocationAgent.invoke(TestInvoker.java:824)\r\n\tat org.testng.internal.TestInvoker.invokeTestMethods(TestInvoker.java:146)\r\n\tat org.testng.internal.TestMethodWorker.invokeTestMethods(TestMethodWorker.java:146)\r\n\tat org.testng.internal.TestMethodWorker.run(TestMethodWorker.java:128)\r\n\tat java.base/java.util.ArrayList.forEach(ArrayList.java:1511)\r\n\tat org.testng.TestRunner.privateRun(TestRunner.java:794)\r\n\tat org.testng.TestRunner.run(TestRunner.java:596)\r\n\tat org.testng.SuiteRunner.runTest(SuiteRunner.java:377)\r\n\tat org.testng.SuiteRunner.runSequentially(SuiteRunner.java:371)\r\n\tat org.testng.SuiteRunner.privateRun(SuiteRunner.java:332)\r\n\tat org.testng.SuiteRunner.run(SuiteRunner.java:276)\r\n\tat org.testng.SuiteRunnerWorker.runSuite(SuiteRunnerWorker.java:53)\r\n\tat org.testng.SuiteRunnerWorker.run(SuiteRunnerWorker.java:96)\r\n\tat org.testng.TestNG.runSuitesSequentially(TestNG.java:1212)\r\n\tat org.testng.TestNG.runSuitesLocally(TestNG.java:1134)\r\n\tat org.testng.TestNG.runSuites(TestNG.java:1063)\r\n\tat org.testng.TestNG.run(TestNG.java:1031)\r\n\tat org.testng.remote.AbstractRemoteTestNG.run(AbstractRemoteTestNG.java:115)\r\n\tat org.testng.remote.RemoteTestNG.initAndRun(RemoteTestNG.java:251)\r\n\tat org.testng.remote.RemoteTestNG.main(RemoteTestNG.java:77)\r\n","duration":20440628100,"status":"failed"},"line":52,"name":"Log in with correct credential","match":{"location":"com.bdd.steps.LoginPageSteps.log_in_with_correct_credentials()"},"keyword":"And "},{"result":{"status":"skipped"},"line":53,"name":"Navigate to the home page","match":{"location":"com.bdd.steps.CoomonSteps.navigate_to_the_home_page()"},"keyword":"Then "},{"result":{"status":"skipped"},"line":54,"name":"User types \"jabłko\" name","match":{"arguments":[{"val":"\"jabłko\"","offset":11}],"location":"com.bdd.steps.CoomonSteps.user_types_product_name(java.lang.String)"},"keyword":"When "},{"result":{"status":"skipped"},"line":55,"name":"Choose product","match":{"location":"com.bdd.steps.CoomonSteps.click_on_search_button()"},"keyword":"And "},{"result":{"status":"skipped"},"line":56,"name":"Clicks on the product details button","match":{"location":"com.bdd.steps.CoomonSteps.clicks_on_the_product_details_button()"},"keyword":"Then "},{"result":{"duration":1002900,"status":"skipped"},"line":57,"name":"User is send to product seller details tab","match":{"location":"com.bdd.steps.CoomonSteps.user_is_send_to_product_seller_details_tab()"},"keyword":"When "},{"result":{"status":"skipped"},"line":58,"name":"Checks, if backward button works","match":{"location":"com.bdd.steps.CoomonSteps.checks_if_backward_button_works()"},"keyword":"And "},{"result":{"status":"skipped"},"line":59,"name":"Clicks on the product details button","match":{"location":"com.bdd.steps.CoomonSteps.clicks_on_the_product_details_button()"},"keyword":"Then "},{"result":{"status":"skipped"},"line":60,"name":"Add products to cart, one of each kind","match":{"location":"com.bdd.steps.CoomonSteps.add_products_to_cart_one_of_each_kind()"},"keyword":"And "},{"result":{"status":"skipped"},"line":61,"name":"Checks, if cart logo number is updated correctly","match":{"location":"com.bdd.steps.CoomonSteps.checks_if_cart_logo_number_is_updated_correctly()"},"keyword":"Then "},{"result":{"status":"skipped"},"line":62,"name":"Clicks on log out button","match":{"location":"com.bdd.steps.CoomonSteps.clicks_on_log_out_button()"},"keyword":"And "},{"result":{"status":"skipped"},"line":63,"name":"Check if there is sign in and sign up dropdown tab","match":{},"keyword":"Then "}],"tags":[{"name":"@allAppFeatures"},{"name":"@homePageFeatures"},{"name":"@HomePageProductAndSellerDetailsCheck"}]}],"name":"Home Page features","description":"","id":"home-page-features","keyword":"Feature","uri":"file:src/test/resources/features/HomePage.feature","tags":[{"name":"@allAppFeatures","type":"Tag","location":{"line":1,"column":1}},{"name":"@homePageFeatures","type":"Tag","location":{"line":1,"column":17}}]},{"line":2,"elements":[{"start_timestamp":"2021-12-10T19:35:13.882Z","line":15,"name":"Log in with correct email and password","description":"","id":"login-page-features;log-in-with-correct-email-and-password;;2","type":"scenario","keyword":"Scenario Outline","steps":[{"result":{"duration":239496600,"status":"passed"},"line":6,"name":"User navigates to the application","match":{"location":"com.bdd.steps.CoomonSteps.user_navigates_to_the_application()"},"keyword":"Given "},{"result":{"error_message":"org.openqa.selenium.StaleElementReferenceException: stale element reference: element is not attached to the page document\n  (Session info: chrome=96.0.4664.93)\nFor documentation on this error, please visit: https://www.seleniumhq.org/exceptions/stale_element_reference.html\nBuild info: version: '3.141.59', revision: 'e82be7d358', time: '2018-11-14T08:17:03'\nSystem info: host: 'LAPTOP-Q1P4S741', ip: '192.168.56.1', os.name: 'Windows 10', os.arch: 'amd64', os.version: '10.0', java.version: '16.0.2'\nDriver info: org.openqa.selenium.chrome.ChromeDriver\nCapabilities {acceptInsecureCerts: false, browserName: chrome, browserVersion: 96.0.4664.93, chrome: {chromedriverVersion: 96.0.4664.45 (76e4c1bb2ab46..., userDataDir: C:\\Users\\Marian\\AppData\\Loc...}, goog:chromeOptions: {debuggerAddress: localhost:65460}, javascriptEnabled: true, networkConnectionEnabled: false, pageLoadStrategy: normal, platform: WINDOWS, platformName: WINDOWS, proxy: Proxy(), setWindowRect: true, strictFileInteractability: false, timeouts: {implicit: 0, pageLoad: 300000, script: 30000}, unhandledPromptBehavior: dismiss and notify, webauthn:extension:credBlob: true, webauthn:extension:largeBlob: true, webauthn:virtualAuthenticators: true}\nSession ID: b130e40a2807adfede52fbf81f6be45a\r\n\tat java.base/jdk.internal.reflect.NativeConstructorAccessorImpl.newInstance0(Native Method)\r\n\tat java.base/jdk.internal.reflect.NativeConstructorAccessorImpl.newInstance(NativeConstructorAccessorImpl.java:78)\r\n\tat java.base/jdk.internal.reflect.DelegatingConstructorAccessorImpl.newInstance(DelegatingConstructorAccessorImpl.java:45)\r\n\tat java.base/java.lang.reflect.Constructor.newInstanceWithCaller(Constructor.java:499)\r\n\tat java.base/java.lang.reflect.Constructor.newInstance(Constructor.java:480)\r\n\tat org.openqa.selenium.remote.http.W3CHttpResponseCodec.createException(W3CHttpResponseCodec.java:187)\r\n\tat org.openqa.selenium.remote.http.W3CHttpResponseCodec.decode(W3CHttpResponseCodec.java:122)\r\n\tat org.openqa.selenium.remote.http.W3CHttpResponseCodec.decode(W3CHttpResponseCodec.java:49)\r\n\tat org.openqa.selenium.remote.HttpCommandExecutor.execute(HttpCommandExecutor.java:158)\r\n\tat org.openqa.selenium.remote.service.DriverCommandExecutor.execute(DriverCommandExecutor.java:83)\r\n\tat org.openqa.selenium.remote.RemoteWebDriver.execute(RemoteWebDriver.java:552)\r\n\tat org.openqa.selenium.remote.RemoteWebElement.execute(RemoteWebElement.java:285)\r\n\tat org.openqa.selenium.remote.RemoteWebElement.click(RemoteWebElement.java:84)\r\n\tat com.bdd.utils.ReusableAndGlobalFunctionalities.Click(ReusableAndGlobalFunctionalities.java:47)\r\n\tat com.bdd.utils.ReusableAndGlobalFunctionalities.goToLoginSignUpPage(ReusableAndGlobalFunctionalities.java:119)\r\n\tat com.bdd.utils.ReusableAndGlobalFunctionalities.checkAllLinks(ReusableAndGlobalFunctionalities.java:78)\r\n\tat com.bdd.steps.CoomonSteps.user_clicks_on_the_Link(CoomonSteps.java:27)\r\n\tat ✽.User clicks on the \"login\"(file:///C:/Users/Marian/Desktop/automatyzacja/java/project/TestCucumberJavaFarmMarket/src/test/resources/features/LoginPage.feature:7)\r\n","duration":157273700,"status":"failed"},"line":7,"name":"User clicks on the \"login\"","match":{"arguments":[{"val":"\"login\"","offset":19}],"location":"com.bdd.steps.CoomonSteps.user_clicks_on_the_Link(java.lang.String)"},"keyword":"When "},{"result":{"status":"skipped"},"line":8,"name":"Log in with correct credential","match":{"location":"com.bdd.steps.LoginPageSteps.log_in_with_correct_credentials()"},"keyword":"And "},{"result":{"status":"skipped"},"line":9,"name":"Checks, if he is logged in","match":{"location":"com.bdd.steps.LoginPageSteps.Check_if_he_is_logged_in()"},"keyword":"Then "},{"result":{"status":"skipped"},"line":10,"name":"Clicks on log out button","match":{"location":"com.bdd.steps.CoomonSteps.clicks_on_log_out_button()"},"keyword":"And "},{"result":{"status":"skipped"},"line":11,"name":"Check if there is sign in and sign up dropdown tab","match":{},"keyword":"Then "}],"tags":[{"name":"@allAppFeatures"},{"name":"@LoginPageFeatures"},{"name":"@LogInWithCorrectCredential"}]},{"start_timestamp":"2021-12-10T19:35:14.299Z","line":26,"name":"Log in with incorect email","description":"","id":"login-page-features;log-in-with-incorect-email;;2","type":"scenario","keyword":"Scenario Outline","steps":[{"result":{"duration":148494700,"status":"passed"},"line":19,"name":"User navigates to the application","match":{"location":"com.bdd.steps.CoomonSteps.user_navigates_to_the_application()"},"keyword":"Given "},{"result":{"duration":245020800,"status":"passed"},"line":20,"name":"User clicks on the \"login\"","match":{"arguments":[{"val":"\"login\"","offset":19}],"location":"com.bdd.steps.CoomonSteps.user_clicks_on_the_Link(java.lang.String)"},"keyword":"When "},{"result":{"error_message":"org.openqa.selenium.TimeoutException: Expected condition failed: waiting for visibility of element located by By.cssSelector: .form-control[placeholder='e-mail'] (tried for 20 second(s) with 500 milliseconds interval)\r\n\tat org.openqa.selenium.support.ui.WebDriverWait.timeoutException(WebDriverWait.java:95)\r\n\tat org.openqa.selenium.support.ui.FluentWait.until(FluentWait.java:272)\r\n\tat com.bdd.utils.ReusableAndGlobalFunctionalities.SendKeys(ReusableAndGlobalFunctionalities.java:58)\r\n\tat com.bdd.pages.LoginPage.logIn(LoginPage.java:18)\r\n\tat com.bdd.steps.LoginPageSteps.log_in_with_correct_email(LoginPageSteps.java:23)\r\n\tat ✽.Log in with incorrect email(file:///C:/Users/Marian/Desktop/automatyzacja/java/project/TestCucumberJavaFarmMarket/src/test/resources/features/LoginPage.feature:21)\r\nCaused by: org.openqa.selenium.NoSuchElementException: no such element: Unable to locate element: {\"method\":\"css selector\",\"selector\":\".form-control[placeholder='e-mail']\"}\n  (Session info: chrome=96.0.4664.93)\nFor documentation on this error, please visit: https://www.seleniumhq.org/exceptions/no_such_element.html\nBuild info: version: '3.141.59', revision: 'e82be7d358', time: '2018-11-14T08:17:03'\nSystem info: host: 'LAPTOP-Q1P4S741', ip: '192.168.56.1', os.name: 'Windows 10', os.arch: 'amd64', os.version: '10.0', java.version: '16.0.2'\nDriver info: org.openqa.selenium.chrome.ChromeDriver\nCapabilities {acceptInsecureCerts: false, browserName: chrome, browserVersion: 96.0.4664.93, chrome: {chromedriverVersion: 96.0.4664.45 (76e4c1bb2ab46..., userDataDir: C:\\Users\\Marian\\AppData\\Loc...}, goog:chromeOptions: {debuggerAddress: localhost:65460}, javascriptEnabled: true, networkConnectionEnabled: false, pageLoadStrategy: normal, platform: WINDOWS, platformName: WINDOWS, proxy: Proxy(), setWindowRect: true, strictFileInteractability: false, timeouts: {implicit: 0, pageLoad: 300000, script: 30000}, unhandledPromptBehavior: dismiss and notify, webauthn:extension:credBlob: true, webauthn:extension:largeBlob: true, webauthn:virtualAuthenticators: true}\nSession ID: b130e40a2807adfede52fbf81f6be45a\n*** Element info: {Using=css selector, value=.form-control[placeholder='e-mail']}\r\n\tat jdk.internal.reflect.GeneratedConstructorAccessor11.newInstance(Unknown Source)\r\n\tat java.base/jdk.internal.reflect.DelegatingConstructorAccessorImpl.newInstance(DelegatingConstructorAccessorImpl.java:45)\r\n\tat java.base/java.lang.reflect.Constructor.newInstanceWithCaller(Constructor.java:499)\r\n\tat java.base/java.lang.reflect.Constructor.newInstance(Constructor.java:480)\r\n\tat org.openqa.selenium.remote.http.W3CHttpResponseCodec.createException(W3CHttpResponseCodec.java:187)\r\n\tat org.openqa.selenium.remote.http.W3CHttpResponseCodec.decode(W3CHttpResponseCodec.java:122)\r\n\tat org.openqa.selenium.remote.http.W3CHttpResponseCodec.decode(W3CHttpResponseCodec.java:49)\r\n\tat org.openqa.selenium.remote.HttpCommandExecutor.execute(HttpCommandExecutor.java:158)\r\n\tat org.openqa.selenium.remote.service.DriverCommandExecutor.execute(DriverCommandExecutor.java:83)\r\n\tat org.openqa.selenium.remote.RemoteWebDriver.execute(RemoteWebDriver.java:552)\r\n\tat org.openqa.selenium.remote.RemoteWebDriver.findElement(RemoteWebDriver.java:323)\r\n\tat org.openqa.selenium.remote.RemoteWebDriver.findElementByCssSelector(RemoteWebDriver.java:420)\r\n\tat org.openqa.selenium.By$ByCssSelector.findElement(By.java:431)\r\n\tat org.openqa.selenium.remote.RemoteWebDriver.findElement(RemoteWebDriver.java:315)\r\n\tat org.openqa.selenium.support.ui.ExpectedConditions$7.apply(ExpectedConditions.java:205)\r\n\tat org.openqa.selenium.support.ui.ExpectedConditions$7.apply(ExpectedConditions.java:201)\r\n\tat org.openqa.selenium.support.ui.FluentWait.until(FluentWait.java:249)\r\n\tat com.bdd.utils.ReusableAndGlobalFunctionalities.SendKeys(ReusableAndGlobalFunctionalities.java:58)\r\n\tat com.bdd.pages.LoginPage.logIn(LoginPage.java:18)\r\n\tat com.bdd.steps.LoginPageSteps.log_in_with_correct_email(LoginPageSteps.java:23)\r\n\tat java.base/jdk.internal.reflect.NativeMethodAccessorImpl.invoke0(Native Method)\r\n\tat java.base/jdk.internal.reflect.NativeMethodAccessorImpl.invoke(NativeMethodAccessorImpl.java:78)\r\n\tat java.base/jdk.internal.reflect.DelegatingMethodAccessorImpl.invoke(DelegatingMethodAccessorImpl.java:43)\r\n\tat java.base/java.lang.reflect.Method.invoke(Method.java:567)\r\n\tat io.cucumber.java.Invoker.doInvoke(Invoker.java:66)\r\n\tat io.cucumber.java.Invoker.invoke(Invoker.java:24)\r\n\tat io.cucumber.java.AbstractGlueDefinition.invokeMethod(AbstractGlueDefinition.java:47)\r\n\tat io.cucumber.java.JavaStepDefinition.execute(JavaStepDefinition.java:29)\r\n\tat io.cucumber.core.runner.CoreStepDefinition.execute(CoreStepDefinition.java:66)\r\n\tat io.cucumber.core.runner.PickleStepDefinitionMatch.runStep(PickleStepDefinitionMatch.java:63)\r\n\tat io.cucumber.core.runner.ExecutionMode$1.execute(ExecutionMode.java:10)\r\n\tat io.cucumber.core.runner.TestStep.executeStep(TestStep.java:86)\r\n\tat io.cucumber.core.runner.TestStep.run(TestStep.java:57)\r\n\tat io.cucumber.core.runner.PickleStepTestStep.run(PickleStepTestStep.java:51)\r\n\tat io.cucumber.core.runner.TestCase.run(TestCase.java:95)\r\n\tat io.cucumber.core.runner.Runner.runPickle(Runner.java:75)\r\n\tat io.cucumber.testng.TestNGCucumberRunner.lambda$runScenario$1(TestNGCucumberRunner.java:132)\r\n\tat io.cucumber.core.runtime.CucumberExecutionContext.lambda$runTestCase$3(CucumberExecutionContext.java:110)\r\n\tat io.cucumber.core.runtime.RethrowingThrowableCollector.executeAndThrow(RethrowingThrowableCollector.java:23)\r\n\tat io.cucumber.core.runtime.CucumberExecutionContext.runTestCase(CucumberExecutionContext.java:110)\r\n\tat io.cucumber.testng.TestNGCucumberRunner.runScenario(TestNGCucumberRunner.java:129)\r\n\tat io.cucumber.testng.AbstractTestNGCucumberTests.runScenario(AbstractTestNGCucumberTests.java:35)\r\n\tat java.base/jdk.internal.reflect.NativeMethodAccessorImpl.invoke0(Native Method)\r\n\tat java.base/jdk.internal.reflect.NativeMethodAccessorImpl.invoke(NativeMethodAccessorImpl.java:78)\r\n\tat java.base/jdk.internal.reflect.DelegatingMethodAccessorImpl.invoke(DelegatingMethodAccessorImpl.java:43)\r\n\tat java.base/java.lang.reflect.Method.invoke(Method.java:567)\r\n\tat org.testng.internal.MethodInvocationHelper.invokeMethod(MethodInvocationHelper.java:133)\r\n\tat org.testng.internal.TestInvoker.invokeMethod(TestInvoker.java:598)\r\n\tat org.testng.internal.TestInvoker.invokeTestMethod(TestInvoker.java:173)\r\n\tat org.testng.internal.MethodRunner.runInSequence(MethodRunner.java:46)\r\n\tat org.testng.internal.TestInvoker$MethodInvocationAgent.invoke(TestInvoker.java:824)\r\n\tat org.testng.internal.TestInvoker.invokeTestMethods(TestInvoker.java:146)\r\n\tat org.testng.internal.TestMethodWorker.invokeTestMethods(TestMethodWorker.java:146)\r\n\tat org.testng.internal.TestMethodWorker.run(TestMethodWorker.java:128)\r\n\tat java.base/java.util.ArrayList.forEach(ArrayList.java:1511)\r\n\tat org.testng.TestRunner.privateRun(TestRunner.java:794)\r\n\tat org.testng.TestRunner.run(TestRunner.java:596)\r\n\tat org.testng.SuiteRunner.runTest(SuiteRunner.java:377)\r\n\tat org.testng.SuiteRunner.runSequentially(SuiteRunner.java:371)\r\n\tat org.testng.SuiteRunner.privateRun(SuiteRunner.java:332)\r\n\tat org.testng.SuiteRunner.run(SuiteRunner.java:276)\r\n\tat org.testng.SuiteRunnerWorker.runSuite(SuiteRunnerWorker.java:53)\r\n\tat org.testng.SuiteRunnerWorker.run(SuiteRunnerWorker.java:96)\r\n\tat org.testng.TestNG.runSuitesSequentially(TestNG.java:1212)\r\n\tat org.testng.TestNG.runSuitesLocally(TestNG.java:1134)\r\n\tat org.testng.TestNG.runSuites(TestNG.java:1063)\r\n\tat org.testng.TestNG.run(TestNG.java:1031)\r\n\tat org.testng.remote.AbstractRemoteTestNG.run(AbstractRemoteTestNG.java:115)\r\n\tat org.testng.remote.RemoteTestNG.initAndRun(RemoteTestNG.java:251)\r\n\tat org.testng.remote.RemoteTestNG.main(RemoteTestNG.java:77)\r\n","duration":20330277000,"status":"failed"},"line":21,"name":"Log in with incorrect email","match":{"location":"com.bdd.steps.LoginPageSteps.log_in_with_correct_email()"},"keyword":"And "},{"result":{"status":"skipped"},"line":22,"name":"Check if there is sign in and sign up dropdown tab","match":{},"keyword":"Then "}],"tags":[{"name":"@allAppFeatures"},{"name":"@LoginPageFeatures"},{"name":"@LogInWithIncorrectEmail"}]},{"start_timestamp":"2021-12-10T19:35:35.058Z","line":38,"name":"Log in with incorect password","description":"","id":"login-page-features;log-in-with-incorect-password;;2","type":"scenario","keyword":"Scenario Outline","steps":[{"result":{"duration":235351800,"status":"passed"},"line":31,"name":"User navigates to the application","match":{"location":"com.bdd.steps.CoomonSteps.user_navigates_to_the_application()"},"keyword":"Given "},{"result":{"duration":175582100,"status":"passed"},"line":32,"name":"User clicks on the \"login\"","match":{"arguments":[{"val":"\"login\"","offset":19}],"location":"com.bdd.steps.CoomonSteps.user_clicks_on_the_Link(java.lang.String)"},"keyword":"When "},{"result":{"error_message":"org.openqa.selenium.TimeoutException: Expected condition failed: waiting for visibility of element located by By.cssSelector: .form-control[placeholder='e-mail'] (tried for 20 second(s) with 500 milliseconds interval)\r\n\tat org.openqa.selenium.support.ui.WebDriverWait.timeoutException(WebDriverWait.java:95)\r\n\tat org.openqa.selenium.support.ui.FluentWait.until(FluentWait.java:272)\r\n\tat com.bdd.utils.ReusableAndGlobalFunctionalities.SendKeys(ReusableAndGlobalFunctionalities.java:58)\r\n\tat com.bdd.pages.LoginPage.logIn(LoginPage.java:18)\r\n\tat com.bdd.steps.LoginPageSteps.log_in_with_correct_password(LoginPageSteps.java:29)\r\n\tat ✽.Log in with incorrect password(file:///C:/Users/Marian/Desktop/automatyzacja/java/project/TestCucumberJavaFarmMarket/src/test/resources/features/LoginPage.feature:33)\r\nCaused by: org.openqa.selenium.NoSuchElementException: no such element: Unable to locate element: {\"method\":\"css selector\",\"selector\":\".form-control[placeholder='e-mail']\"}\n  (Session info: chrome=96.0.4664.93)\nFor documentation on this error, please visit: https://www.seleniumhq.org/exceptions/no_such_element.html\nBuild info: version: '3.141.59', revision: 'e82be7d358', time: '2018-11-14T08:17:03'\nSystem info: host: 'LAPTOP-Q1P4S741', ip: '192.168.56.1', os.name: 'Windows 10', os.arch: 'amd64', os.version: '10.0', java.version: '16.0.2'\nDriver info: org.openqa.selenium.chrome.ChromeDriver\nCapabilities {acceptInsecureCerts: false, browserName: chrome, browserVersion: 96.0.4664.93, chrome: {chromedriverVersion: 96.0.4664.45 (76e4c1bb2ab46..., userDataDir: C:\\Users\\Marian\\AppData\\Loc...}, goog:chromeOptions: {debuggerAddress: localhost:65460}, javascriptEnabled: true, networkConnectionEnabled: false, pageLoadStrategy: normal, platform: WINDOWS, platformName: WINDOWS, proxy: Proxy(), setWindowRect: true, strictFileInteractability: false, timeouts: {implicit: 0, pageLoad: 300000, script: 30000}, unhandledPromptBehavior: dismiss and notify, webauthn:extension:credBlob: true, webauthn:extension:largeBlob: true, webauthn:virtualAuthenticators: true}\nSession ID: b130e40a2807adfede52fbf81f6be45a\n*** Element info: {Using=css selector, value=.form-control[placeholder='e-mail']}\r\n\tat jdk.internal.reflect.GeneratedConstructorAccessor11.newInstance(Unknown Source)\r\n\tat java.base/jdk.internal.reflect.DelegatingConstructorAccessorImpl.newInstance(DelegatingConstructorAccessorImpl.java:45)\r\n\tat java.base/java.lang.reflect.Constructor.newInstanceWithCaller(Constructor.java:499)\r\n\tat java.base/java.lang.reflect.Constructor.newInstance(Constructor.java:480)\r\n\tat org.openqa.selenium.remote.http.W3CHttpResponseCodec.createException(W3CHttpResponseCodec.java:187)\r\n\tat org.openqa.selenium.remote.http.W3CHttpResponseCodec.decode(W3CHttpResponseCodec.java:122)\r\n\tat org.openqa.selenium.remote.http.W3CHttpResponseCodec.decode(W3CHttpResponseCodec.java:49)\r\n\tat org.openqa.selenium.remote.HttpCommandExecutor.execute(HttpCommandExecutor.java:158)\r\n\tat org.openqa.selenium.remote.service.DriverCommandExecutor.execute(DriverCommandExecutor.java:83)\r\n\tat org.openqa.selenium.remote.RemoteWebDriver.execute(RemoteWebDriver.java:552)\r\n\tat org.openqa.selenium.remote.RemoteWebDriver.findElement(RemoteWebDriver.java:323)\r\n\tat org.openqa.selenium.remote.RemoteWebDriver.findElementByCssSelector(RemoteWebDriver.java:420)\r\n\tat org.openqa.selenium.By$ByCssSelector.findElement(By.java:431)\r\n\tat org.openqa.selenium.remote.RemoteWebDriver.findElement(RemoteWebDriver.java:315)\r\n\tat org.openqa.selenium.support.ui.ExpectedConditions$7.apply(ExpectedConditions.java:205)\r\n\tat org.openqa.selenium.support.ui.ExpectedConditions$7.apply(ExpectedConditions.java:201)\r\n\tat org.openqa.selenium.support.ui.FluentWait.until(FluentWait.java:249)\r\n\tat com.bdd.utils.ReusableAndGlobalFunctionalities.SendKeys(ReusableAndGlobalFunctionalities.java:58)\r\n\tat com.bdd.pages.LoginPage.logIn(LoginPage.java:18)\r\n\tat com.bdd.steps.LoginPageSteps.log_in_with_correct_password(LoginPageSteps.java:29)\r\n\tat java.base/jdk.internal.reflect.NativeMethodAccessorImpl.invoke0(Native Method)\r\n\tat java.base/jdk.internal.reflect.NativeMethodAccessorImpl.invoke(NativeMethodAccessorImpl.java:78)\r\n\tat java.base/jdk.internal.reflect.DelegatingMethodAccessorImpl.invoke(DelegatingMethodAccessorImpl.java:43)\r\n\tat java.base/java.lang.reflect.Method.invoke(Method.java:567)\r\n\tat io.cucumber.java.Invoker.doInvoke(Invoker.java:66)\r\n\tat io.cucumber.java.Invoker.invoke(Invoker.java:24)\r\n\tat io.cucumber.java.AbstractGlueDefinition.invokeMethod(AbstractGlueDefinition.java:47)\r\n\tat io.cucumber.java.JavaStepDefinition.execute(JavaStepDefinition.java:29)\r\n\tat io.cucumber.core.runner.CoreStepDefinition.execute(CoreStepDefinition.java:66)\r\n\tat io.cucumber.core.runner.PickleStepDefinitionMatch.runStep(PickleStepDefinitionMatch.java:63)\r\n\tat io.cucumber.core.runner.ExecutionMode$1.execute(ExecutionMode.java:10)\r\n\tat io.cucumber.core.runner.TestStep.executeStep(TestStep.java:86)\r\n\tat io.cucumber.core.runner.TestStep.run(TestStep.java:57)\r\n\tat io.cucumber.core.runner.PickleStepTestStep.run(PickleStepTestStep.java:51)\r\n\tat io.cucumber.core.runner.TestCase.run(TestCase.java:95)\r\n\tat io.cucumber.core.runner.Runner.runPickle(Runner.java:75)\r\n\tat io.cucumber.testng.TestNGCucumberRunner.lambda$runScenario$1(TestNGCucumberRunner.java:132)\r\n\tat io.cucumber.core.runtime.CucumberExecutionContext.lambda$runTestCase$3(CucumberExecutionContext.java:110)\r\n\tat io.cucumber.core.runtime.RethrowingThrowableCollector.executeAndThrow(RethrowingThrowableCollector.java:23)\r\n\tat io.cucumber.core.runtime.CucumberExecutionContext.runTestCase(CucumberExecutionContext.java:110)\r\n\tat io.cucumber.testng.TestNGCucumberRunner.runScenario(TestNGCucumberRunner.java:129)\r\n\tat io.cucumber.testng.AbstractTestNGCucumberTests.runScenario(AbstractTestNGCucumberTests.java:35)\r\n\tat jdk.internal.reflect.GeneratedMethodAccessor94.invoke(Unknown Source)\r\n\tat java.base/jdk.internal.reflect.DelegatingMethodAccessorImpl.invoke(DelegatingMethodAccessorImpl.java:43)\r\n\tat java.base/java.lang.reflect.Method.invoke(Method.java:567)\r\n\tat org.testng.internal.MethodInvocationHelper.invokeMethod(MethodInvocationHelper.java:133)\r\n\tat org.testng.internal.TestInvoker.invokeMethod(TestInvoker.java:598)\r\n\tat org.testng.internal.TestInvoker.invokeTestMethod(TestInvoker.java:173)\r\n\tat org.testng.internal.MethodRunner.runInSequence(MethodRunner.java:46)\r\n\tat org.testng.internal.TestInvoker$MethodInvocationAgent.invoke(TestInvoker.java:824)\r\n\tat org.testng.internal.TestInvoker.invokeTestMethods(TestInvoker.java:146)\r\n\tat org.testng.internal.TestMethodWorker.invokeTestMethods(TestMethodWorker.java:146)\r\n\tat org.testng.internal.TestMethodWorker.run(TestMethodWorker.java:128)\r\n\tat java.base/java.util.ArrayList.forEach(ArrayList.java:1511)\r\n\tat org.testng.TestRunner.privateRun(TestRunner.java:794)\r\n\tat org.testng.TestRunner.run(TestRunner.java:596)\r\n\tat org.testng.SuiteRunner.runTest(SuiteRunner.java:377)\r\n\tat org.testng.SuiteRunner.runSequentially(SuiteRunner.java:371)\r\n\tat org.testng.SuiteRunner.privateRun(SuiteRunner.java:332)\r\n\tat org.testng.SuiteRunner.run(SuiteRunner.java:276)\r\n\tat org.testng.SuiteRunnerWorker.runSuite(SuiteRunnerWorker.java:53)\r\n\tat org.testng.SuiteRunnerWorker.run(SuiteRunnerWorker.java:96)\r\n\tat org.testng.TestNG.runSuitesSequentially(TestNG.java:1212)\r\n\tat org.testng.TestNG.runSuitesLocally(TestNG.java:1134)\r\n\tat org.testng.TestNG.runSuites(TestNG.java:1063)\r\n\tat org.testng.TestNG.run(TestNG.java:1031)\r\n\tat org.testng.remote.AbstractRemoteTestNG.run(AbstractRemoteTestNG.java:115)\r\n\tat org.testng.remote.RemoteTestNG.initAndRun(RemoteTestNG.java:251)\r\n\tat org.testng.remote.RemoteTestNG.main(RemoteTestNG.java:77)\r\n","duration":20053454600,"status":"failed"},"line":33,"name":"Log in with incorrect password","match":{"location":"com.bdd.steps.LoginPageSteps.log_in_with_correct_password()"},"keyword":"And "},{"result":{"status":"skipped"},"line":34,"name":"Check if there is sign in and sign up dropdown tab","match":{},"keyword":"Then "}],"tags":[{"name":"@allAppFeatures"},{"name":"@LoginPageFeatures"},{"name":"@LogInWithIncorrectEmail"}]}],"name":"Login Page features","description":"","id":"login-page-features","keyword":"Feature","uri":"file:src/test/resources/features/LoginPage.feature","tags":[{"name":"@allAppFeatures","type":"Tag","location":{"line":1,"column":1}},{"name":"@LoginPageFeatures","type":"Tag","location":{"line":1,"column":17}}]},{"line":2,"elements":[{"start_timestamp":"2021-12-10T19:35:55.551Z","line":15,"name":"Find product, apple","description":"","id":"product-page-features;find-product--apple;;2","type":"scenario","keyword":"Scenario Outline","steps":[{"result":{"duration":250825700,"status":"passed"},"line":6,"name":"User navigates to the application","match":{"location":"com.bdd.steps.CoomonSteps.user_navigates_to_the_application()"},"keyword":"Given "},{"result":{"duration":88760800,"status":"passed"},"line":7,"name":"User clicks on the \"buy\"","match":{"arguments":[{"val":"\"buy\"","offset":19}],"location":"com.bdd.steps.CoomonSteps.user_clicks_on_the_Link(java.lang.String)"},"keyword":"When "},{"result":{"duration":18942800,"status":"passed"},"line":8,"name":"User is send to \"products\" page","match":{"arguments":[{"val":"\"products\"","offset":16}],"location":"com.bdd.steps.CoomonSteps.user_is_send_to_next_page(java.lang.String)"},"keyword":"Then "},{"result":{"duration":169531900,"status":"passed"},"line":9,"name":"User types \"jabłko\" name","match":{"arguments":[{"val":"\"jabłko\"","offset":11}],"location":"com.bdd.steps.CoomonSteps.user_types_product_name(java.lang.String)"},"keyword":"When "},{"result":{"duration":215317300,"status":"passed"},"line":10,"name":"Choose product","match":{"location":"com.bdd.steps.CoomonSteps.click_on_search_button()"},"keyword":"And "},{"result":{"duration":603708100,"status":"passed"},"line":11,"name":"Product description appears on the page","match":{"location":"com.bdd.steps.HomePageSteps.product_description_appears_on_the_page()"},"keyword":"Then "}],"tags":[{"name":"@allAppFeatures"},{"name":"@productPageFeatures"},{"name":"@searchProduct"}]},{"start_timestamp":"2021-12-10T19:35:56.911Z","line":28,"name":"Search for product that no one Have","description":"","id":"product-page-features;search-for-product-that-no-one-have;;2","type":"scenario","keyword":"Scenario Outline","steps":[{"result":{"duration":143829200,"status":"passed"},"line":19,"name":"User navigates to the application","match":{"location":"com.bdd.steps.CoomonSteps.user_navigates_to_the_application()"},"keyword":"Given "},{"result":{"duration":110567000,"status":"passed"},"line":20,"name":"User clicks on the \"buy\"","match":{"arguments":[{"val":"\"buy\"","offset":19}],"location":"com.bdd.steps.CoomonSteps.user_clicks_on_the_Link(java.lang.String)"},"keyword":"When "},{"result":{"duration":19945700,"status":"passed"},"line":21,"name":"User is send to \"products\" page","match":{"arguments":[{"val":"\"products\"","offset":16}],"location":"com.bdd.steps.CoomonSteps.user_is_send_to_next_page(java.lang.String)"},"keyword":"Then "},{"result":{"duration":111017600,"status":"passed"},"line":22,"name":"User types \"Bakłażan\" name","match":{"arguments":[{"val":"\"Bakłażan\"","offset":11}],"location":"com.bdd.steps.CoomonSteps.user_types_product_name(java.lang.String)"},"keyword":"When "},{"result":{"duration":241209100,"status":"passed"},"line":23,"name":"Choose product","match":{"location":"com.bdd.steps.CoomonSteps.click_on_search_button()"},"keyword":"And "},{"result":{"duration":46222800,"status":"passed"},"line":24,"name":"No product description appears on the page","match":{"location":"com.bdd.steps.HomePageSteps.no_product_description_appears_on_the_page()"},"keyword":"Then "}],"tags":[{"name":"@allAppFeatures"},{"name":"@productPageFeatures"},{"name":"@searchForProductNoOneHave"}]},{"start_timestamp":"2021-12-10T19:35:57.603Z","line":51,"name":"Check seller, product details, Log out and cart icon number on home page","description":"","id":"product-page-features;check-seller--product-details--log-out-and-cart-icon-number-on-home-page;;2","type":"scenario","keyword":"Scenario Outline","steps":[{"result":{"duration":227376700,"status":"passed"},"line":33,"name":"User navigates to the application","match":{"location":"com.bdd.steps.CoomonSteps.user_navigates_to_the_application()"},"keyword":"Given "},{"result":{"duration":208829200,"status":"passed"},"line":34,"name":"User clicks on the \"login\"","match":{"arguments":[{"val":"\"login\"","offset":19}],"location":"com.bdd.steps.CoomonSteps.user_clicks_on_the_Link(java.lang.String)"},"keyword":"When "},{"result":{"error_message":"org.openqa.selenium.TimeoutException: Expected condition failed: waiting for visibility of element located by By.cssSelector: .form-control[placeholder='e-mail'] (tried for 20 second(s) with 500 milliseconds interval)\r\n\tat org.openqa.selenium.support.ui.WebDriverWait.timeoutException(WebDriverWait.java:95)\r\n\tat org.openqa.selenium.support.ui.FluentWait.until(FluentWait.java:272)\r\n\tat com.bdd.utils.ReusableAndGlobalFunctionalities.SendKeys(ReusableAndGlobalFunctionalities.java:58)\r\n\tat com.bdd.pages.LoginPage.logIn(LoginPage.java:18)\r\n\tat com.bdd.steps.LoginPageSteps.log_in_with_correct_credentials(LoginPageSteps.java:18)\r\n\tat ✽.Log in with correct credential(file:///C:/Users/Marian/Desktop/automatyzacja/java/project/TestCucumberJavaFarmMarket/src/test/resources/features/ProductPage.feature:35)\r\nCaused by: org.openqa.selenium.NoSuchElementException: no such element: Unable to locate element: {\"method\":\"css selector\",\"selector\":\".form-control[placeholder='e-mail']\"}\n  (Session info: chrome=96.0.4664.93)\nFor documentation on this error, please visit: https://www.seleniumhq.org/exceptions/no_such_element.html\nBuild info: version: '3.141.59', revision: 'e82be7d358', time: '2018-11-14T08:17:03'\nSystem info: host: 'LAPTOP-Q1P4S741', ip: '192.168.56.1', os.name: 'Windows 10', os.arch: 'amd64', os.version: '10.0', java.version: '16.0.2'\nDriver info: org.openqa.selenium.chrome.ChromeDriver\nCapabilities {acceptInsecureCerts: false, browserName: chrome, browserVersion: 96.0.4664.93, chrome: {chromedriverVersion: 96.0.4664.45 (76e4c1bb2ab46..., userDataDir: C:\\Users\\Marian\\AppData\\Loc...}, goog:chromeOptions: {debuggerAddress: localhost:65460}, javascriptEnabled: true, networkConnectionEnabled: false, pageLoadStrategy: normal, platform: WINDOWS, platformName: WINDOWS, proxy: Proxy(), setWindowRect: true, strictFileInteractability: false, timeouts: {implicit: 0, pageLoad: 300000, script: 30000}, unhandledPromptBehavior: dismiss and notify, webauthn:extension:credBlob: true, webauthn:extension:largeBlob: true, webauthn:virtualAuthenticators: true}\nSession ID: b130e40a2807adfede52fbf81f6be45a\n*** Element info: {Using=css selector, value=.form-control[placeholder='e-mail']}\r\n\tat jdk.internal.reflect.GeneratedConstructorAccessor11.newInstance(Unknown Source)\r\n\tat java.base/jdk.internal.reflect.DelegatingConstructorAccessorImpl.newInstance(DelegatingConstructorAccessorImpl.java:45)\r\n\tat java.base/java.lang.reflect.Constructor.newInstanceWithCaller(Constructor.java:499)\r\n\tat java.base/java.lang.reflect.Constructor.newInstance(Constructor.java:480)\r\n\tat org.openqa.selenium.remote.http.W3CHttpResponseCodec.createException(W3CHttpResponseCodec.java:187)\r\n\tat org.openqa.selenium.remote.http.W3CHttpResponseCodec.decode(W3CHttpResponseCodec.java:122)\r\n\tat org.openqa.selenium.remote.http.W3CHttpResponseCodec.decode(W3CHttpResponseCodec.java:49)\r\n\tat org.openqa.selenium.remote.HttpCommandExecutor.execute(HttpCommandExecutor.java:158)\r\n\tat org.openqa.selenium.remote.service.DriverCommandExecutor.execute(DriverCommandExecutor.java:83)\r\n\tat org.openqa.selenium.remote.RemoteWebDriver.execute(RemoteWebDriver.java:552)\r\n\tat org.openqa.selenium.remote.RemoteWebDriver.findElement(RemoteWebDriver.java:323)\r\n\tat org.openqa.selenium.remote.RemoteWebDriver.findElementByCssSelector(RemoteWebDriver.java:420)\r\n\tat org.openqa.selenium.By$ByCssSelector.findElement(By.java:431)\r\n\tat org.openqa.selenium.remote.RemoteWebDriver.findElement(RemoteWebDriver.java:315)\r\n\tat org.openqa.selenium.support.ui.ExpectedConditions$7.apply(ExpectedConditions.java:205)\r\n\tat org.openqa.selenium.support.ui.ExpectedConditions$7.apply(ExpectedConditions.java:201)\r\n\tat org.openqa.selenium.support.ui.FluentWait.until(FluentWait.java:249)\r\n\tat com.bdd.utils.ReusableAndGlobalFunctionalities.SendKeys(ReusableAndGlobalFunctionalities.java:58)\r\n\tat com.bdd.pages.LoginPage.logIn(LoginPage.java:18)\r\n\tat com.bdd.steps.LoginPageSteps.log_in_with_correct_credentials(LoginPageSteps.java:18)\r\n\tat java.base/jdk.internal.reflect.NativeMethodAccessorImpl.invoke0(Native Method)\r\n\tat java.base/jdk.internal.reflect.NativeMethodAccessorImpl.invoke(NativeMethodAccessorImpl.java:78)\r\n\tat java.base/jdk.internal.reflect.DelegatingMethodAccessorImpl.invoke(DelegatingMethodAccessorImpl.java:43)\r\n\tat java.base/java.lang.reflect.Method.invoke(Method.java:567)\r\n\tat io.cucumber.java.Invoker.doInvoke(Invoker.java:66)\r\n\tat io.cucumber.java.Invoker.invoke(Invoker.java:24)\r\n\tat io.cucumber.java.AbstractGlueDefinition.invokeMethod(AbstractGlueDefinition.java:47)\r\n\tat io.cucumber.java.JavaStepDefinition.execute(JavaStepDefinition.java:29)\r\n\tat io.cucumber.core.runner.CoreStepDefinition.execute(CoreStepDefinition.java:66)\r\n\tat io.cucumber.core.runner.PickleStepDefinitionMatch.runStep(PickleStepDefinitionMatch.java:63)\r\n\tat io.cucumber.core.runner.ExecutionMode$1.execute(ExecutionMode.java:10)\r\n\tat io.cucumber.core.runner.TestStep.executeStep(TestStep.java:86)\r\n\tat io.cucumber.core.runner.TestStep.run(TestStep.java:57)\r\n\tat io.cucumber.core.runner.PickleStepTestStep.run(PickleStepTestStep.java:51)\r\n\tat io.cucumber.core.runner.TestCase.run(TestCase.java:95)\r\n\tat io.cucumber.core.runner.Runner.runPickle(Runner.java:75)\r\n\tat io.cucumber.testng.TestNGCucumberRunner.lambda$runScenario$1(TestNGCucumberRunner.java:132)\r\n\tat io.cucumber.core.runtime.CucumberExecutionContext.lambda$runTestCase$3(CucumberExecutionContext.java:110)\r\n\tat io.cucumber.core.runtime.RethrowingThrowableCollector.executeAndThrow(RethrowingThrowableCollector.java:23)\r\n\tat io.cucumber.core.runtime.CucumberExecutionContext.runTestCase(CucumberExecutionContext.java:110)\r\n\tat io.cucumber.testng.TestNGCucumberRunner.runScenario(TestNGCucumberRunner.java:129)\r\n\tat io.cucumber.testng.AbstractTestNGCucumberTests.runScenario(AbstractTestNGCucumberTests.java:35)\r\n\tat jdk.internal.reflect.GeneratedMethodAccessor94.invoke(Unknown Source)\r\n\tat java.base/jdk.internal.reflect.DelegatingMethodAccessorImpl.invoke(DelegatingMethodAccessorImpl.java:43)\r\n\tat java.base/java.lang.reflect.Method.invoke(Method.java:567)\r\n\tat org.testng.internal.MethodInvocationHelper.invokeMethod(MethodInvocationHelper.java:133)\r\n\tat org.testng.internal.TestInvoker.invokeMethod(TestInvoker.java:598)\r\n\tat org.testng.internal.TestInvoker.invokeTestMethod(TestInvoker.java:173)\r\n\tat org.testng.internal.MethodRunner.runInSequence(MethodRunner.java:46)\r\n\tat org.testng.internal.TestInvoker$MethodInvocationAgent.invoke(TestInvoker.java:824)\r\n\tat org.testng.internal.TestInvoker.invokeTestMethods(TestInvoker.java:146)\r\n\tat org.testng.internal.TestMethodWorker.invokeTestMethods(TestMethodWorker.java:146)\r\n\tat org.testng.internal.TestMethodWorker.run(TestMethodWorker.java:128)\r\n\tat java.base/java.util.ArrayList.forEach(ArrayList.java:1511)\r\n\tat org.testng.TestRunner.privateRun(TestRunner.java:794)\r\n\tat org.testng.TestRunner.run(TestRunner.java:596)\r\n\tat org.testng.SuiteRunner.runTest(SuiteRunner.java:377)\r\n\tat org.testng.SuiteRunner.runSequentially(SuiteRunner.java:371)\r\n\tat org.testng.SuiteRunner.privateRun(SuiteRunner.java:332)\r\n\tat org.testng.SuiteRunner.run(SuiteRunner.java:276)\r\n\tat org.testng.SuiteRunnerWorker.runSuite(SuiteRunnerWorker.java:53)\r\n\tat org.testng.SuiteRunnerWorker.run(SuiteRunnerWorker.java:96)\r\n\tat org.testng.TestNG.runSuitesSequentially(TestNG.java:1212)\r\n\tat org.testng.TestNG.runSuitesLocally(TestNG.java:1134)\r\n\tat org.testng.TestNG.runSuites(TestNG.java:1063)\r\n\tat org.testng.TestNG.run(TestNG.java:1031)\r\n\tat org.testng.remote.AbstractRemoteTestNG.run(AbstractRemoteTestNG.java:115)\r\n\tat org.testng.remote.RemoteTestNG.initAndRun(RemoteTestNG.java:251)\r\n\tat org.testng.remote.RemoteTestNG.main(RemoteTestNG.java:77)\r\n","duration":20338494700,"status":"failed"},"line":35,"name":"Log in with correct credential","match":{"location":"com.bdd.steps.LoginPageSteps.log_in_with_correct_credentials()"},"keyword":"And "},{"result":{"duration":1007100,"status":"skipped"},"line":36,"name":"User clicks on the \"buy\"","match":{"arguments":[{"val":"\"buy\"","offset":19}],"location":"com.bdd.steps.CoomonSteps.user_clicks_on_the_Link(java.lang.String)"},"keyword":"When "},{"result":{"duration":4981800,"status":"skipped"},"line":37,"name":"User is send to \"products\" page","match":{"arguments":[{"val":"\"products\"","offset":16}],"location":"com.bdd.steps.CoomonSteps.user_is_send_to_next_page(java.lang.String)"},"keyword":"Then "},{"result":{"status":"skipped"},"line":38,"name":"User types \"winogrono\" name","match":{"arguments":[{"val":"\"winogrono\"","offset":11}],"location":"com.bdd.steps.CoomonSteps.user_types_product_name(java.lang.String)"},"keyword":"When "},{"result":{"status":"skipped"},"line":39,"name":"Choose product","match":{"location":"com.bdd.steps.CoomonSteps.click_on_search_button()"},"keyword":"And "},{"result":{"status":"skipped"},"line":40,"name":"Clicks on the product details button","match":{"location":"com.bdd.steps.CoomonSteps.clicks_on_the_product_details_button()"},"keyword":"Then "},{"result":{"status":"skipped"},"line":41,"name":"User is send to product seller details tab","match":{"location":"com.bdd.steps.CoomonSteps.user_is_send_to_product_seller_details_tab()"},"keyword":"When "},{"result":{"status":"skipped"},"line":42,"name":"Checks, if backward button works","match":{"location":"com.bdd.steps.CoomonSteps.checks_if_backward_button_works()"},"keyword":"And "},{"result":{"duration":991800,"status":"skipped"},"line":43,"name":"Clicks on the product details button","match":{"location":"com.bdd.steps.CoomonSteps.clicks_on_the_product_details_button()"},"keyword":"Then "},{"result":{"status":"skipped"},"line":44,"name":"Add products to cart, one of each kind","match":{"location":"com.bdd.steps.CoomonSteps.add_products_to_cart_one_of_each_kind()"},"keyword":"And "},{"result":{"status":"skipped"},"line":45,"name":"Checks, if cart logo number is updated correctly","match":{"location":"com.bdd.steps.CoomonSteps.checks_if_cart_logo_number_is_updated_correctly()"},"keyword":"Then "},{"result":{"status":"skipped"},"line":46,"name":"Clicks on log out button","match":{"location":"com.bdd.steps.CoomonSteps.clicks_on_log_out_button()"},"keyword":"And "},{"result":{"status":"skipped"},"line":47,"name":"Check if there is sign in and sign up dropdown tab","match":{},"keyword":"Then "}],"tags":[{"name":"@allAppFeatures"},{"name":"@productPageFeatures"},{"name":"@productPageAndSellerDetailsCheck"}]}],"name":"Product Page features","description":"","id":"product-page-features","keyword":"Feature","uri":"file:src/test/resources/features/ProductPage.feature","tags":[{"name":"@allAppFeatures","type":"Tag","location":{"line":1,"column":1}},{"name":"@productPageFeatures","type":"Tag","location":{"line":1,"column":17}}]},{"line":2,"elements":[{"start_timestamp":"2021-12-10T19:36:18.423Z","line":15,"name":"Sign in with corect credential","description":"","id":"signin-page-features;sign-in-with-corect-credential;;2","type":"scenario","keyword":"Scenario Outline","steps":[{"result":{"duration":322652900,"status":"passed"},"line":6,"name":"User navigates to the application","match":{"location":"com.bdd.steps.CoomonSteps.user_navigates_to_the_application()"},"keyword":"Given "},{"result":{"error_message":"org.openqa.selenium.TimeoutException: Expected condition failed: waiting for visibility of element located by By.cssSelector: a[href='/sign-up'] (tried for 20 second(s) with 500 milliseconds interval)\r\n\tat org.openqa.selenium.support.ui.WebDriverWait.timeoutException(WebDriverWait.java:95)\r\n\tat org.openqa.selenium.support.ui.FluentWait.until(FluentWait.java:272)\r\n\tat com.bdd.utils.ReusableAndGlobalFunctionalities.Click(ReusableAndGlobalFunctionalities.java:47)\r\n\tat com.bdd.utils.ReusableAndGlobalFunctionalities.goToLoginSignUpPage(ReusableAndGlobalFunctionalities.java:121)\r\n\tat com.bdd.utils.ReusableAndGlobalFunctionalities.checkAllLinks(ReusableAndGlobalFunctionalities.java:81)\r\n\tat com.bdd.steps.CoomonSteps.user_clicks_on_the_Link(CoomonSteps.java:27)\r\n\tat ✽.User clicks on the \"signUp\"(file:///C:/Users/Marian/Desktop/automatyzacja/java/project/TestCucumberJavaFarmMarket/src/test/resources/features/SigninPage.feature:7)\r\nCaused by: org.openqa.selenium.NoSuchElementException: no such element: Unable to locate element: {\"method\":\"css selector\",\"selector\":\"a[href='/sign-up']\"}\n  (Session info: chrome=96.0.4664.93)\nFor documentation on this error, please visit: https://www.seleniumhq.org/exceptions/no_such_element.html\nBuild info: version: '3.141.59', revision: 'e82be7d358', time: '2018-11-14T08:17:03'\nSystem info: host: 'LAPTOP-Q1P4S741', ip: '192.168.56.1', os.name: 'Windows 10', os.arch: 'amd64', os.version: '10.0', java.version: '16.0.2'\nDriver info: org.openqa.selenium.chrome.ChromeDriver\nCapabilities {acceptInsecureCerts: false, browserName: chrome, browserVersion: 96.0.4664.93, chrome: {chromedriverVersion: 96.0.4664.45 (76e4c1bb2ab46..., userDataDir: C:\\Users\\Marian\\AppData\\Loc...}, goog:chromeOptions: {debuggerAddress: localhost:65460}, javascriptEnabled: true, networkConnectionEnabled: false, pageLoadStrategy: normal, platform: WINDOWS, platformName: WINDOWS, proxy: Proxy(), setWindowRect: true, strictFileInteractability: false, timeouts: {implicit: 0, pageLoad: 300000, script: 30000}, unhandledPromptBehavior: dismiss and notify, webauthn:extension:credBlob: true, webauthn:extension:largeBlob: true, webauthn:virtualAuthenticators: true}\nSession ID: b130e40a2807adfede52fbf81f6be45a\n*** Element info: {Using=css selector, value=a[href='/sign-up']}\r\n\tat jdk.internal.reflect.GeneratedConstructorAccessor11.newInstance(Unknown Source)\r\n\tat java.base/jdk.internal.reflect.DelegatingConstructorAccessorImpl.newInstance(DelegatingConstructorAccessorImpl.java:45)\r\n\tat java.base/java.lang.reflect.Constructor.newInstanceWithCaller(Constructor.java:499)\r\n\tat java.base/java.lang.reflect.Constructor.newInstance(Constructor.java:480)\r\n\tat org.openqa.selenium.remote.http.W3CHttpResponseCodec.createException(W3CHttpResponseCodec.java:187)\r\n\tat org.openqa.selenium.remote.http.W3CHttpResponseCodec.decode(W3CHttpResponseCodec.java:122)\r\n\tat org.openqa.selenium.remote.http.W3CHttpResponseCodec.decode(W3CHttpResponseCodec.java:49)\r\n\tat org.openqa.selenium.remote.HttpCommandExecutor.execute(HttpCommandExecutor.java:158)\r\n\tat org.openqa.selenium.remote.service.DriverCommandExecutor.execute(DriverCommandExecutor.java:83)\r\n\tat org.openqa.selenium.remote.RemoteWebDriver.execute(RemoteWebDriver.java:552)\r\n\tat org.openqa.selenium.remote.RemoteWebDriver.findElement(RemoteWebDriver.java:323)\r\n\tat org.openqa.selenium.remote.RemoteWebDriver.findElementByCssSelector(RemoteWebDriver.java:420)\r\n\tat org.openqa.selenium.By$ByCssSelector.findElement(By.java:431)\r\n\tat org.openqa.selenium.remote.RemoteWebDriver.findElement(RemoteWebDriver.java:315)\r\n\tat org.openqa.selenium.support.ui.ExpectedConditions$7.apply(ExpectedConditions.java:205)\r\n\tat org.openqa.selenium.support.ui.ExpectedConditions$7.apply(ExpectedConditions.java:201)\r\n\tat org.openqa.selenium.support.ui.FluentWait.until(FluentWait.java:249)\r\n\tat com.bdd.utils.ReusableAndGlobalFunctionalities.Click(ReusableAndGlobalFunctionalities.java:47)\r\n\tat com.bdd.utils.ReusableAndGlobalFunctionalities.goToLoginSignUpPage(ReusableAndGlobalFunctionalities.java:121)\r\n\tat com.bdd.utils.ReusableAndGlobalFunctionalities.checkAllLinks(ReusableAndGlobalFunctionalities.java:81)\r\n\tat com.bdd.steps.CoomonSteps.user_clicks_on_the_Link(CoomonSteps.java:27)\r\n\tat jdk.internal.reflect.GeneratedMethodAccessor106.invoke(Unknown Source)\r\n\tat java.base/jdk.internal.reflect.DelegatingMethodAccessorImpl.invoke(DelegatingMethodAccessorImpl.java:43)\r\n\tat java.base/java.lang.reflect.Method.invoke(Method.java:567)\r\n\tat io.cucumber.java.Invoker.doInvoke(Invoker.java:66)\r\n\tat io.cucumber.java.Invoker.invoke(Invoker.java:24)\r\n\tat io.cucumber.java.AbstractGlueDefinition.invokeMethod(AbstractGlueDefinition.java:47)\r\n\tat io.cucumber.java.JavaStepDefinition.execute(JavaStepDefinition.java:29)\r\n\tat io.cucumber.core.runner.CoreStepDefinition.execute(CoreStepDefinition.java:66)\r\n\tat io.cucumber.core.runner.PickleStepDefinitionMatch.runStep(PickleStepDefinitionMatch.java:63)\r\n\tat io.cucumber.core.runner.ExecutionMode$1.execute(ExecutionMode.java:10)\r\n\tat io.cucumber.core.runner.TestStep.executeStep(TestStep.java:86)\r\n\tat io.cucumber.core.runner.TestStep.run(TestStep.java:57)\r\n\tat io.cucumber.core.runner.PickleStepTestStep.run(PickleStepTestStep.java:51)\r\n\tat io.cucumber.core.runner.TestCase.run(TestCase.java:95)\r\n\tat io.cucumber.core.runner.Runner.runPickle(Runner.java:75)\r\n\tat io.cucumber.testng.TestNGCucumberRunner.lambda$runScenario$1(TestNGCucumberRunner.java:132)\r\n\tat io.cucumber.core.runtime.CucumberExecutionContext.lambda$runTestCase$3(CucumberExecutionContext.java:110)\r\n\tat io.cucumber.core.runtime.RethrowingThrowableCollector.executeAndThrow(RethrowingThrowableCollector.java:23)\r\n\tat io.cucumber.core.runtime.CucumberExecutionContext.runTestCase(CucumberExecutionContext.java:110)\r\n\tat io.cucumber.testng.TestNGCucumberRunner.runScenario(TestNGCucumberRunner.java:129)\r\n\tat io.cucumber.testng.AbstractTestNGCucumberTests.runScenario(AbstractTestNGCucumberTests.java:35)\r\n\tat jdk.internal.reflect.GeneratedMethodAccessor94.invoke(Unknown Source)\r\n\tat java.base/jdk.internal.reflect.DelegatingMethodAccessorImpl.invoke(DelegatingMethodAccessorImpl.java:43)\r\n\tat java.base/java.lang.reflect.Method.invoke(Method.java:567)\r\n\tat org.testng.internal.MethodInvocationHelper.invokeMethod(MethodInvocationHelper.java:133)\r\n\tat org.testng.internal.TestInvoker.invokeMethod(TestInvoker.java:598)\r\n\tat org.testng.internal.TestInvoker.invokeTestMethod(TestInvoker.java:173)\r\n\tat org.testng.internal.MethodRunner.runInSequence(MethodRunner.java:46)\r\n\tat org.testng.internal.TestInvoker$MethodInvocationAgent.invoke(TestInvoker.java:824)\r\n\tat org.testng.internal.TestInvoker.invokeTestMethods(TestInvoker.java:146)\r\n\tat org.testng.internal.TestMethodWorker.invokeTestMethods(TestMethodWorker.java:146)\r\n\tat org.testng.internal.TestMethodWorker.run(TestMethodWorker.java:128)\r\n\tat java.base/java.util.ArrayList.forEach(ArrayList.java:1511)\r\n\tat org.testng.TestRunner.privateRun(TestRunner.java:794)\r\n\tat org.testng.TestRunner.run(TestRunner.java:596)\r\n\tat org.testng.SuiteRunner.runTest(SuiteRunner.java:377)\r\n\tat org.testng.SuiteRunner.runSequentially(SuiteRunner.java:371)\r\n\tat org.testng.SuiteRunner.privateRun(SuiteRunner.java:332)\r\n\tat org.testng.SuiteRunner.run(SuiteRunner.java:276)\r\n\tat org.testng.SuiteRunnerWorker.runSuite(SuiteRunnerWorker.java:53)\r\n\tat org.testng.SuiteRunnerWorker.run(SuiteRunnerWorker.java:96)\r\n\tat org.testng.TestNG.runSuitesSequentially(TestNG.java:1212)\r\n\tat org.testng.TestNG.runSuitesLocally(TestNG.java:1134)\r\n\tat org.testng.TestNG.runSuites(TestNG.java:1063)\r\n\tat org.testng.TestNG.run(TestNG.java:1031)\r\n\tat org.testng.remote.AbstractRemoteTestNG.run(AbstractRemoteTestNG.java:115)\r\n\tat org.testng.remote.RemoteTestNG.initAndRun(RemoteTestNG.java:251)\r\n\tat org.testng.remote.RemoteTestNG.main(RemoteTestNG.java:77)\r\n","duration":20423527800,"status":"failed"},"line":7,"name":"User clicks on the \"signUp\"","match":{"arguments":[{"val":"\"signUp\"","offset":19}],"location":"com.bdd.steps.CoomonSteps.user_clicks_on_the_Link(java.lang.String)"},"keyword":"When "},{"result":{"status":"skipped"},"line":8,"name":"Sign in with correct credential","match":{"location":"com.bdd.steps.SigninPageSteps.sign_in_with_correct_credential()"},"keyword":"And "},{"result":{"status":"skipped"},"line":9,"name":"Checks, if he is signed in","match":{"location":"com.bdd.steps.SigninPageSteps.check_if_he_is_signed_in()"},"keyword":"Then "},{"result":{"duration":997900,"status":"skipped"},"line":10,"name":"Clicks on log out button","match":{"location":"com.bdd.steps.CoomonSteps.clicks_on_log_out_button()"},"keyword":"And "},{"result":{"status":"skipped"},"line":11,"name":"Check if there is sign in and sign up dropdown tab","match":{},"keyword":"Then "}],"tags":[{"name":"@allAppFeatures"},{"name":"@SigninPageFeatures"},{"name":"@SignInWithCorrectCredential"}]},{"start_timestamp":"2021-12-10T19:36:39.198Z","line":26,"name":"Sign in with the same credentials","description":"","id":"signin-page-features;sign-in-with-the-same-credentials;;2","type":"scenario","keyword":"Scenario Outline","steps":[{"result":{"duration":222020400,"status":"passed"},"line":19,"name":"User navigates to the application","match":{"location":"com.bdd.steps.CoomonSteps.user_navigates_to_the_application()"},"keyword":"Given "},{"result":{"duration":191468700,"status":"passed"},"line":20,"name":"User clicks on the \"signUp\"","match":{"arguments":[{"val":"\"signUp\"","offset":19}],"location":"com.bdd.steps.CoomonSteps.user_clicks_on_the_Link(java.lang.String)"},"keyword":"When "},{"result":{"error_message":"org.openqa.selenium.TimeoutException: Expected condition failed: waiting for visibility of element located by By.id: validationCustom01 (tried for 20 second(s) with 500 milliseconds interval)\r\n\tat org.openqa.selenium.support.ui.WebDriverWait.timeoutException(WebDriverWait.java:95)\r\n\tat org.openqa.selenium.support.ui.FluentWait.until(FluentWait.java:272)\r\n\tat com.bdd.utils.ReusableAndGlobalFunctionalities.SendKeys(ReusableAndGlobalFunctionalities.java:58)\r\n\tat com.bdd.pages.SigninPage.SignIn(SigninPage.java:19)\r\n\tat com.bdd.steps.SigninPageSteps.sign_in_with_the_same_correct_credential(SigninPageSteps.java:22)\r\n\tat ✽.Sign in with the same correct credential(file:///C:/Users/Marian/Desktop/automatyzacja/java/project/TestCucumberJavaFarmMarket/src/test/resources/features/SigninPage.feature:21)\r\nCaused by: org.openqa.selenium.NoSuchElementException: no such element: Unable to locate element: {\"method\":\"css selector\",\"selector\":\"#validationCustom01\"}\n  (Session info: chrome=96.0.4664.93)\nFor documentation on this error, please visit: https://www.seleniumhq.org/exceptions/no_such_element.html\nBuild info: version: '3.141.59', revision: 'e82be7d358', time: '2018-11-14T08:17:03'\nSystem info: host: 'LAPTOP-Q1P4S741', ip: '192.168.56.1', os.name: 'Windows 10', os.arch: 'amd64', os.version: '10.0', java.version: '16.0.2'\nDriver info: org.openqa.selenium.chrome.ChromeDriver\nCapabilities {acceptInsecureCerts: false, browserName: chrome, browserVersion: 96.0.4664.93, chrome: {chromedriverVersion: 96.0.4664.45 (76e4c1bb2ab46..., userDataDir: C:\\Users\\Marian\\AppData\\Loc...}, goog:chromeOptions: {debuggerAddress: localhost:65460}, javascriptEnabled: true, networkConnectionEnabled: false, pageLoadStrategy: normal, platform: WINDOWS, platformName: WINDOWS, proxy: Proxy(), setWindowRect: true, strictFileInteractability: false, timeouts: {implicit: 0, pageLoad: 300000, script: 30000}, unhandledPromptBehavior: dismiss and notify, webauthn:extension:credBlob: true, webauthn:extension:largeBlob: true, webauthn:virtualAuthenticators: true}\nSession ID: b130e40a2807adfede52fbf81f6be45a\n*** Element info: {Using=id, value=validationCustom01}\r\n\tat jdk.internal.reflect.GeneratedConstructorAccessor11.newInstance(Unknown Source)\r\n\tat java.base/jdk.internal.reflect.DelegatingConstructorAccessorImpl.newInstance(DelegatingConstructorAccessorImpl.java:45)\r\n\tat java.base/java.lang.reflect.Constructor.newInstanceWithCaller(Constructor.java:499)\r\n\tat java.base/java.lang.reflect.Constructor.newInstance(Constructor.java:480)\r\n\tat org.openqa.selenium.remote.http.W3CHttpResponseCodec.createException(W3CHttpResponseCodec.java:187)\r\n\tat org.openqa.selenium.remote.http.W3CHttpResponseCodec.decode(W3CHttpResponseCodec.java:122)\r\n\tat org.openqa.selenium.remote.http.W3CHttpResponseCodec.decode(W3CHttpResponseCodec.java:49)\r\n\tat org.openqa.selenium.remote.HttpCommandExecutor.execute(HttpCommandExecutor.java:158)\r\n\tat org.openqa.selenium.remote.service.DriverCommandExecutor.execute(DriverCommandExecutor.java:83)\r\n\tat org.openqa.selenium.remote.RemoteWebDriver.execute(RemoteWebDriver.java:552)\r\n\tat org.openqa.selenium.remote.RemoteWebDriver.findElement(RemoteWebDriver.java:323)\r\n\tat org.openqa.selenium.remote.RemoteWebDriver.findElementById(RemoteWebDriver.java:372)\r\n\tat org.openqa.selenium.By$ById.findElement(By.java:188)\r\n\tat org.openqa.selenium.remote.RemoteWebDriver.findElement(RemoteWebDriver.java:315)\r\n\tat org.openqa.selenium.support.ui.ExpectedConditions$7.apply(ExpectedConditions.java:205)\r\n\tat org.openqa.selenium.support.ui.ExpectedConditions$7.apply(ExpectedConditions.java:201)\r\n\tat org.openqa.selenium.support.ui.FluentWait.until(FluentWait.java:249)\r\n\tat com.bdd.utils.ReusableAndGlobalFunctionalities.SendKeys(ReusableAndGlobalFunctionalities.java:58)\r\n\tat com.bdd.pages.SigninPage.SignIn(SigninPage.java:19)\r\n\tat com.bdd.steps.SigninPageSteps.sign_in_with_the_same_correct_credential(SigninPageSteps.java:22)\r\n\tat java.base/jdk.internal.reflect.NativeMethodAccessorImpl.invoke0(Native Method)\r\n\tat java.base/jdk.internal.reflect.NativeMethodAccessorImpl.invoke(NativeMethodAccessorImpl.java:78)\r\n\tat java.base/jdk.internal.reflect.DelegatingMethodAccessorImpl.invoke(DelegatingMethodAccessorImpl.java:43)\r\n\tat java.base/java.lang.reflect.Method.invoke(Method.java:567)\r\n\tat io.cucumber.java.Invoker.doInvoke(Invoker.java:66)\r\n\tat io.cucumber.java.Invoker.invoke(Invoker.java:24)\r\n\tat io.cucumber.java.AbstractGlueDefinition.invokeMethod(AbstractGlueDefinition.java:47)\r\n\tat io.cucumber.java.JavaStepDefinition.execute(JavaStepDefinition.java:29)\r\n\tat io.cucumber.core.runner.CoreStepDefinition.execute(CoreStepDefinition.java:66)\r\n\tat io.cucumber.core.runner.PickleStepDefinitionMatch.runStep(PickleStepDefinitionMatch.java:63)\r\n\tat io.cucumber.core.runner.ExecutionMode$1.execute(ExecutionMode.java:10)\r\n\tat io.cucumber.core.runner.TestStep.executeStep(TestStep.java:86)\r\n\tat io.cucumber.core.runner.TestStep.run(TestStep.java:57)\r\n\tat io.cucumber.core.runner.PickleStepTestStep.run(PickleStepTestStep.java:51)\r\n\tat io.cucumber.core.runner.TestCase.run(TestCase.java:95)\r\n\tat io.cucumber.core.runner.Runner.runPickle(Runner.java:75)\r\n\tat io.cucumber.testng.TestNGCucumberRunner.lambda$runScenario$1(TestNGCucumberRunner.java:132)\r\n\tat io.cucumber.core.runtime.CucumberExecutionContext.lambda$runTestCase$3(CucumberExecutionContext.java:110)\r\n\tat io.cucumber.core.runtime.RethrowingThrowableCollector.executeAndThrow(RethrowingThrowableCollector.java:23)\r\n\tat io.cucumber.core.runtime.CucumberExecutionContext.runTestCase(CucumberExecutionContext.java:110)\r\n\tat io.cucumber.testng.TestNGCucumberRunner.runScenario(TestNGCucumberRunner.java:129)\r\n\tat io.cucumber.testng.AbstractTestNGCucumberTests.runScenario(AbstractTestNGCucumberTests.java:35)\r\n\tat jdk.internal.reflect.GeneratedMethodAccessor94.invoke(Unknown Source)\r\n\tat java.base/jdk.internal.reflect.DelegatingMethodAccessorImpl.invoke(DelegatingMethodAccessorImpl.java:43)\r\n\tat java.base/java.lang.reflect.Method.invoke(Method.java:567)\r\n\tat org.testng.internal.MethodInvocationHelper.invokeMethod(MethodInvocationHelper.java:133)\r\n\tat org.testng.internal.TestInvoker.invokeMethod(TestInvoker.java:598)\r\n\tat org.testng.internal.TestInvoker.invokeTestMethod(TestInvoker.java:173)\r\n\tat org.testng.internal.MethodRunner.runInSequence(MethodRunner.java:46)\r\n\tat org.testng.internal.TestInvoker$MethodInvocationAgent.invoke(TestInvoker.java:824)\r\n\tat org.testng.internal.TestInvoker.invokeTestMethods(TestInvoker.java:146)\r\n\tat org.testng.internal.TestMethodWorker.invokeTestMethods(TestMethodWorker.java:146)\r\n\tat org.testng.internal.TestMethodWorker.run(TestMethodWorker.java:128)\r\n\tat java.base/java.util.ArrayList.forEach(ArrayList.java:1511)\r\n\tat org.testng.TestRunner.privateRun(TestRunner.java:794)\r\n\tat org.testng.TestRunner.run(TestRunner.java:596)\r\n\tat org.testng.SuiteRunner.runTest(SuiteRunner.java:377)\r\n\tat org.testng.SuiteRunner.runSequentially(SuiteRunner.java:371)\r\n\tat org.testng.SuiteRunner.privateRun(SuiteRunner.java:332)\r\n\tat org.testng.SuiteRunner.run(SuiteRunner.java:276)\r\n\tat org.testng.SuiteRunnerWorker.runSuite(SuiteRunnerWorker.java:53)\r\n\tat org.testng.SuiteRunnerWorker.run(SuiteRunnerWorker.java:96)\r\n\tat org.testng.TestNG.runSuitesSequentially(TestNG.java:1212)\r\n\tat org.testng.TestNG.runSuitesLocally(TestNG.java:1134)\r\n\tat org.testng.TestNG.runSuites(TestNG.java:1063)\r\n\tat org.testng.TestNG.run(TestNG.java:1031)\r\n\tat org.testng.remote.AbstractRemoteTestNG.run(AbstractRemoteTestNG.java:115)\r\n\tat org.testng.remote.RemoteTestNG.initAndRun(RemoteTestNG.java:251)\r\n\tat org.testng.remote.RemoteTestNG.main(RemoteTestNG.java:77)\r\n","duration":20370743600,"status":"failed"},"line":21,"name":"Sign in with the same correct credential","match":{"location":"com.bdd.steps.SigninPageSteps.sign_in_with_the_same_correct_credential()"},"keyword":"And "},{"result":{"status":"skipped"},"line":22,"name":"Check if there is sign in and sign up dropdown tab","match":{},"keyword":"Then "}],"tags":[{"name":"@allAppFeatures"},{"name":"@SigninPageFeatures"},{"name":"@SignInWithTheSameCredentials"}]},{"start_timestamp":"2021-12-10T19:37:00.013Z","line":38,"name":"Sign in with emty name input","description":"","id":"signin-page-features;sign-in-with-emty-name-input;;2","type":"scenario","keyword":"Scenario Outline","steps":[{"result":{"duration":231441500,"status":"passed"},"line":31,"name":"User navigates to the application","match":{"location":"com.bdd.steps.CoomonSteps.user_navigates_to_the_application()"},"keyword":"Given "},{"result":{"duration":209159400,"status":"passed"},"line":32,"name":"User clicks on the \"signUp\"","match":{"arguments":[{"val":"\"signUp\"","offset":19}],"location":"com.bdd.steps.CoomonSteps.user_clicks_on_the_Link(java.lang.String)"},"keyword":"When "},{"result":{"error_message":"org.openqa.selenium.TimeoutException: Expected condition failed: waiting for visibility of element located by By.id: validationCustom01 (tried for 20 second(s) with 500 milliseconds interval)\r\n\tat org.openqa.selenium.support.ui.WebDriverWait.timeoutException(WebDriverWait.java:95)\r\n\tat org.openqa.selenium.support.ui.FluentWait.until(FluentWait.java:272)\r\n\tat com.bdd.utils.ReusableAndGlobalFunctionalities.SendKeys(ReusableAndGlobalFunctionalities.java:58)\r\n\tat com.bdd.pages.SigninPage.SignIn(SigninPage.java:19)\r\n\tat com.bdd.steps.SigninPageSteps.sign_in_with_empty_name_input(SigninPageSteps.java:33)\r\n\tat ✽.Sign in with empty name input(file:///C:/Users/Marian/Desktop/automatyzacja/java/project/TestCucumberJavaFarmMarket/src/test/resources/features/SigninPage.feature:33)\r\nCaused by: org.openqa.selenium.NoSuchElementException: no such element: Unable to locate element: {\"method\":\"css selector\",\"selector\":\"#validationCustom01\"}\n  (Session info: chrome=96.0.4664.93)\nFor documentation on this error, please visit: https://www.seleniumhq.org/exceptions/no_such_element.html\nBuild info: version: '3.141.59', revision: 'e82be7d358', time: '2018-11-14T08:17:03'\nSystem info: host: 'LAPTOP-Q1P4S741', ip: '192.168.56.1', os.name: 'Windows 10', os.arch: 'amd64', os.version: '10.0', java.version: '16.0.2'\nDriver info: org.openqa.selenium.chrome.ChromeDriver\nCapabilities {acceptInsecureCerts: false, browserName: chrome, browserVersion: 96.0.4664.93, chrome: {chromedriverVersion: 96.0.4664.45 (76e4c1bb2ab46..., userDataDir: C:\\Users\\Marian\\AppData\\Loc...}, goog:chromeOptions: {debuggerAddress: localhost:65460}, javascriptEnabled: true, networkConnectionEnabled: false, pageLoadStrategy: normal, platform: WINDOWS, platformName: WINDOWS, proxy: Proxy(), setWindowRect: true, strictFileInteractability: false, timeouts: {implicit: 0, pageLoad: 300000, script: 30000}, unhandledPromptBehavior: dismiss and notify, webauthn:extension:credBlob: true, webauthn:extension:largeBlob: true, webauthn:virtualAuthenticators: true}\nSession ID: b130e40a2807adfede52fbf81f6be45a\n*** Element info: {Using=id, value=validationCustom01}\r\n\tat jdk.internal.reflect.GeneratedConstructorAccessor11.newInstance(Unknown Source)\r\n\tat java.base/jdk.internal.reflect.DelegatingConstructorAccessorImpl.newInstance(DelegatingConstructorAccessorImpl.java:45)\r\n\tat java.base/java.lang.reflect.Constructor.newInstanceWithCaller(Constructor.java:499)\r\n\tat java.base/java.lang.reflect.Constructor.newInstance(Constructor.java:480)\r\n\tat org.openqa.selenium.remote.http.W3CHttpResponseCodec.createException(W3CHttpResponseCodec.java:187)\r\n\tat org.openqa.selenium.remote.http.W3CHttpResponseCodec.decode(W3CHttpResponseCodec.java:122)\r\n\tat org.openqa.selenium.remote.http.W3CHttpResponseCodec.decode(W3CHttpResponseCodec.java:49)\r\n\tat org.openqa.selenium.remote.HttpCommandExecutor.execute(HttpCommandExecutor.java:158)\r\n\tat org.openqa.selenium.remote.service.DriverCommandExecutor.execute(DriverCommandExecutor.java:83)\r\n\tat org.openqa.selenium.remote.RemoteWebDriver.execute(RemoteWebDriver.java:552)\r\n\tat org.openqa.selenium.remote.RemoteWebDriver.findElement(RemoteWebDriver.java:323)\r\n\tat org.openqa.selenium.remote.RemoteWebDriver.findElementById(RemoteWebDriver.java:372)\r\n\tat org.openqa.selenium.By$ById.findElement(By.java:188)\r\n\tat org.openqa.selenium.remote.RemoteWebDriver.findElement(RemoteWebDriver.java:315)\r\n\tat org.openqa.selenium.support.ui.ExpectedConditions$7.apply(ExpectedConditions.java:205)\r\n\tat org.openqa.selenium.support.ui.ExpectedConditions$7.apply(ExpectedConditions.java:201)\r\n\tat org.openqa.selenium.support.ui.FluentWait.until(FluentWait.java:249)\r\n\tat com.bdd.utils.ReusableAndGlobalFunctionalities.SendKeys(ReusableAndGlobalFunctionalities.java:58)\r\n\tat com.bdd.pages.SigninPage.SignIn(SigninPage.java:19)\r\n\tat com.bdd.steps.SigninPageSteps.sign_in_with_empty_name_input(SigninPageSteps.java:33)\r\n\tat java.base/jdk.internal.reflect.NativeMethodAccessorImpl.invoke0(Native Method)\r\n\tat java.base/jdk.internal.reflect.NativeMethodAccessorImpl.invoke(NativeMethodAccessorImpl.java:78)\r\n\tat java.base/jdk.internal.reflect.DelegatingMethodAccessorImpl.invoke(DelegatingMethodAccessorImpl.java:43)\r\n\tat java.base/java.lang.reflect.Method.invoke(Method.java:567)\r\n\tat io.cucumber.java.Invoker.doInvoke(Invoker.java:66)\r\n\tat io.cucumber.java.Invoker.invoke(Invoker.java:24)\r\n\tat io.cucumber.java.AbstractGlueDefinition.invokeMethod(AbstractGlueDefinition.java:47)\r\n\tat io.cucumber.java.JavaStepDefinition.execute(JavaStepDefinition.java:29)\r\n\tat io.cucumber.core.runner.CoreStepDefinition.execute(CoreStepDefinition.java:66)\r\n\tat io.cucumber.core.runner.PickleStepDefinitionMatch.runStep(PickleStepDefinitionMatch.java:63)\r\n\tat io.cucumber.core.runner.ExecutionMode$1.execute(ExecutionMode.java:10)\r\n\tat io.cucumber.core.runner.TestStep.executeStep(TestStep.java:86)\r\n\tat io.cucumber.core.runner.TestStep.run(TestStep.java:57)\r\n\tat io.cucumber.core.runner.PickleStepTestStep.run(PickleStepTestStep.java:51)\r\n\tat io.cucumber.core.runner.TestCase.run(TestCase.java:95)\r\n\tat io.cucumber.core.runner.Runner.runPickle(Runner.java:75)\r\n\tat io.cucumber.testng.TestNGCucumberRunner.lambda$runScenario$1(TestNGCucumberRunner.java:132)\r\n\tat io.cucumber.core.runtime.CucumberExecutionContext.lambda$runTestCase$3(CucumberExecutionContext.java:110)\r\n\tat io.cucumber.core.runtime.RethrowingThrowableCollector.executeAndThrow(RethrowingThrowableCollector.java:23)\r\n\tat io.cucumber.core.runtime.CucumberExecutionContext.runTestCase(CucumberExecutionContext.java:110)\r\n\tat io.cucumber.testng.TestNGCucumberRunner.runScenario(TestNGCucumberRunner.java:129)\r\n\tat io.cucumber.testng.AbstractTestNGCucumberTests.runScenario(AbstractTestNGCucumberTests.java:35)\r\n\tat jdk.internal.reflect.GeneratedMethodAccessor94.invoke(Unknown Source)\r\n\tat java.base/jdk.internal.reflect.DelegatingMethodAccessorImpl.invoke(DelegatingMethodAccessorImpl.java:43)\r\n\tat java.base/java.lang.reflect.Method.invoke(Method.java:567)\r\n\tat org.testng.internal.MethodInvocationHelper.invokeMethod(MethodInvocationHelper.java:133)\r\n\tat org.testng.internal.TestInvoker.invokeMethod(TestInvoker.java:598)\r\n\tat org.testng.internal.TestInvoker.invokeTestMethod(TestInvoker.java:173)\r\n\tat org.testng.internal.MethodRunner.runInSequence(MethodRunner.java:46)\r\n\tat org.testng.internal.TestInvoker$MethodInvocationAgent.invoke(TestInvoker.java:824)\r\n\tat org.testng.internal.TestInvoker.invokeTestMethods(TestInvoker.java:146)\r\n\tat org.testng.internal.TestMethodWorker.invokeTestMethods(TestMethodWorker.java:146)\r\n\tat org.testng.internal.TestMethodWorker.run(TestMethodWorker.java:128)\r\n\tat java.base/java.util.ArrayList.forEach(ArrayList.java:1511)\r\n\tat org.testng.TestRunner.privateRun(TestRunner.java:794)\r\n\tat org.testng.TestRunner.run(TestRunner.java:596)\r\n\tat org.testng.SuiteRunner.runTest(SuiteRunner.java:377)\r\n\tat org.testng.SuiteRunner.runSequentially(SuiteRunner.java:371)\r\n\tat org.testng.SuiteRunner.privateRun(SuiteRunner.java:332)\r\n\tat org.testng.SuiteRunner.run(SuiteRunner.java:276)\r\n\tat org.testng.SuiteRunnerWorker.runSuite(SuiteRunnerWorker.java:53)\r\n\tat org.testng.SuiteRunnerWorker.run(SuiteRunnerWorker.java:96)\r\n\tat org.testng.TestNG.runSuitesSequentially(TestNG.java:1212)\r\n\tat org.testng.TestNG.runSuitesLocally(TestNG.java:1134)\r\n\tat org.testng.TestNG.runSuites(TestNG.java:1063)\r\n\tat org.testng.TestNG.run(TestNG.java:1031)\r\n\tat org.testng.remote.AbstractRemoteTestNG.run(AbstractRemoteTestNG.java:115)\r\n\tat org.testng.remote.RemoteTestNG.initAndRun(RemoteTestNG.java:251)\r\n\tat org.testng.remote.RemoteTestNG.main(RemoteTestNG.java:77)\r\n","duration":20408447800,"status":"failed"},"line":33,"name":"Sign in with empty name input","match":{"location":"com.bdd.steps.SigninPageSteps.sign_in_with_empty_name_input()"},"keyword":"And "},{"result":{"status":"skipped"},"line":34,"name":"Check if there is sign in and sign up dropdown tab","match":{},"keyword":"Then "}],"tags":[{"name":"@allAppFeatures"},{"name":"@SigninPageFeatures"},{"name":"@SignInWithEmptyNameInput"}]},{"start_timestamp":"2021-12-10T19:37:20.901Z","line":49,"name":"Sign in with emty email input","description":"","id":"signin-page-features;sign-in-with-emty-email-input;;2","type":"scenario","keyword":"Scenario Outline","steps":[{"result":{"duration":213398500,"status":"passed"},"line":42,"name":"User navigates to the application","match":{"location":"com.bdd.steps.CoomonSteps.user_navigates_to_the_application()"},"keyword":"Given "},{"result":{"duration":213329800,"status":"passed"},"line":43,"name":"User clicks on the \"signUp\"","match":{"arguments":[{"val":"\"signUp\"","offset":19}],"location":"com.bdd.steps.CoomonSteps.user_clicks_on_the_Link(java.lang.String)"},"keyword":"When "},{"result":{"error_message":"org.openqa.selenium.TimeoutException: Expected condition failed: waiting for visibility of element located by By.id: validationCustom01 (tried for 20 second(s) with 500 milliseconds interval)\r\n\tat org.openqa.selenium.support.ui.WebDriverWait.timeoutException(WebDriverWait.java:95)\r\n\tat org.openqa.selenium.support.ui.FluentWait.until(FluentWait.java:272)\r\n\tat com.bdd.utils.ReusableAndGlobalFunctionalities.SendKeys(ReusableAndGlobalFunctionalities.java:58)\r\n\tat com.bdd.pages.SigninPage.SignIn(SigninPage.java:19)\r\n\tat com.bdd.steps.SigninPageSteps.sign_in_with_empty_email_input(SigninPageSteps.java:38)\r\n\tat ✽.Sign in with empty email input(file:///C:/Users/Marian/Desktop/automatyzacja/java/project/TestCucumberJavaFarmMarket/src/test/resources/features/SigninPage.feature:44)\r\nCaused by: org.openqa.selenium.NoSuchElementException: no such element: Unable to locate element: {\"method\":\"css selector\",\"selector\":\"#validationCustom01\"}\n  (Session info: chrome=96.0.4664.93)\nFor documentation on this error, please visit: https://www.seleniumhq.org/exceptions/no_such_element.html\nBuild info: version: '3.141.59', revision: 'e82be7d358', time: '2018-11-14T08:17:03'\nSystem info: host: 'LAPTOP-Q1P4S741', ip: '192.168.56.1', os.name: 'Windows 10', os.arch: 'amd64', os.version: '10.0', java.version: '16.0.2'\nDriver info: org.openqa.selenium.chrome.ChromeDriver\nCapabilities {acceptInsecureCerts: false, browserName: chrome, browserVersion: 96.0.4664.93, chrome: {chromedriverVersion: 96.0.4664.45 (76e4c1bb2ab46..., userDataDir: C:\\Users\\Marian\\AppData\\Loc...}, goog:chromeOptions: {debuggerAddress: localhost:65460}, javascriptEnabled: true, networkConnectionEnabled: false, pageLoadStrategy: normal, platform: WINDOWS, platformName: WINDOWS, proxy: Proxy(), setWindowRect: true, strictFileInteractability: false, timeouts: {implicit: 0, pageLoad: 300000, script: 30000}, unhandledPromptBehavior: dismiss and notify, webauthn:extension:credBlob: true, webauthn:extension:largeBlob: true, webauthn:virtualAuthenticators: true}\nSession ID: b130e40a2807adfede52fbf81f6be45a\n*** Element info: {Using=id, value=validationCustom01}\r\n\tat jdk.internal.reflect.GeneratedConstructorAccessor11.newInstance(Unknown Source)\r\n\tat java.base/jdk.internal.reflect.DelegatingConstructorAccessorImpl.newInstance(DelegatingConstructorAccessorImpl.java:45)\r\n\tat java.base/java.lang.reflect.Constructor.newInstanceWithCaller(Constructor.java:499)\r\n\tat java.base/java.lang.reflect.Constructor.newInstance(Constructor.java:480)\r\n\tat org.openqa.selenium.remote.http.W3CHttpResponseCodec.createException(W3CHttpResponseCodec.java:187)\r\n\tat org.openqa.selenium.remote.http.W3CHttpResponseCodec.decode(W3CHttpResponseCodec.java:122)\r\n\tat org.openqa.selenium.remote.http.W3CHttpResponseCodec.decode(W3CHttpResponseCodec.java:49)\r\n\tat org.openqa.selenium.remote.HttpCommandExecutor.execute(HttpCommandExecutor.java:158)\r\n\tat org.openqa.selenium.remote.service.DriverCommandExecutor.execute(DriverCommandExecutor.java:83)\r\n\tat org.openqa.selenium.remote.RemoteWebDriver.execute(RemoteWebDriver.java:552)\r\n\tat org.openqa.selenium.remote.RemoteWebDriver.findElement(RemoteWebDriver.java:323)\r\n\tat org.openqa.selenium.remote.RemoteWebDriver.findElementById(RemoteWebDriver.java:372)\r\n\tat org.openqa.selenium.By$ById.findElement(By.java:188)\r\n\tat org.openqa.selenium.remote.RemoteWebDriver.findElement(RemoteWebDriver.java:315)\r\n\tat org.openqa.selenium.support.ui.ExpectedConditions$7.apply(ExpectedConditions.java:205)\r\n\tat org.openqa.selenium.support.ui.ExpectedConditions$7.apply(ExpectedConditions.java:201)\r\n\tat org.openqa.selenium.support.ui.FluentWait.until(FluentWait.java:249)\r\n\tat com.bdd.utils.ReusableAndGlobalFunctionalities.SendKeys(ReusableAndGlobalFunctionalities.java:58)\r\n\tat com.bdd.pages.SigninPage.SignIn(SigninPage.java:19)\r\n\tat com.bdd.steps.SigninPageSteps.sign_in_with_empty_email_input(SigninPageSteps.java:38)\r\n\tat java.base/jdk.internal.reflect.NativeMethodAccessorImpl.invoke0(Native Method)\r\n\tat java.base/jdk.internal.reflect.NativeMethodAccessorImpl.invoke(NativeMethodAccessorImpl.java:78)\r\n\tat java.base/jdk.internal.reflect.DelegatingMethodAccessorImpl.invoke(DelegatingMethodAccessorImpl.java:43)\r\n\tat java.base/java.lang.reflect.Method.invoke(Method.java:567)\r\n\tat io.cucumber.java.Invoker.doInvoke(Invoker.java:66)\r\n\tat io.cucumber.java.Invoker.invoke(Invoker.java:24)\r\n\tat io.cucumber.java.AbstractGlueDefinition.invokeMethod(AbstractGlueDefinition.java:47)\r\n\tat io.cucumber.java.JavaStepDefinition.execute(JavaStepDefinition.java:29)\r\n\tat io.cucumber.core.runner.CoreStepDefinition.execute(CoreStepDefinition.java:66)\r\n\tat io.cucumber.core.runner.PickleStepDefinitionMatch.runStep(PickleStepDefinitionMatch.java:63)\r\n\tat io.cucumber.core.runner.ExecutionMode$1.execute(ExecutionMode.java:10)\r\n\tat io.cucumber.core.runner.TestStep.executeStep(TestStep.java:86)\r\n\tat io.cucumber.core.runner.TestStep.run(TestStep.java:57)\r\n\tat io.cucumber.core.runner.PickleStepTestStep.run(PickleStepTestStep.java:51)\r\n\tat io.cucumber.core.runner.TestCase.run(TestCase.java:95)\r\n\tat io.cucumber.core.runner.Runner.runPickle(Runner.java:75)\r\n\tat io.cucumber.testng.TestNGCucumberRunner.lambda$runScenario$1(TestNGCucumberRunner.java:132)\r\n\tat io.cucumber.core.runtime.CucumberExecutionContext.lambda$runTestCase$3(CucumberExecutionContext.java:110)\r\n\tat io.cucumber.core.runtime.RethrowingThrowableCollector.executeAndThrow(RethrowingThrowableCollector.java:23)\r\n\tat io.cucumber.core.runtime.CucumberExecutionContext.runTestCase(CucumberExecutionContext.java:110)\r\n\tat io.cucumber.testng.TestNGCucumberRunner.runScenario(TestNGCucumberRunner.java:129)\r\n\tat io.cucumber.testng.AbstractTestNGCucumberTests.runScenario(AbstractTestNGCucumberTests.java:35)\r\n\tat jdk.internal.reflect.GeneratedMethodAccessor94.invoke(Unknown Source)\r\n\tat java.base/jdk.internal.reflect.DelegatingMethodAccessorImpl.invoke(DelegatingMethodAccessorImpl.java:43)\r\n\tat java.base/java.lang.reflect.Method.invoke(Method.java:567)\r\n\tat org.testng.internal.MethodInvocationHelper.invokeMethod(MethodInvocationHelper.java:133)\r\n\tat org.testng.internal.TestInvoker.invokeMethod(TestInvoker.java:598)\r\n\tat org.testng.internal.TestInvoker.invokeTestMethod(TestInvoker.java:173)\r\n\tat org.testng.internal.MethodRunner.runInSequence(MethodRunner.java:46)\r\n\tat org.testng.internal.TestInvoker$MethodInvocationAgent.invoke(TestInvoker.java:824)\r\n\tat org.testng.internal.TestInvoker.invokeTestMethods(TestInvoker.java:146)\r\n\tat org.testng.internal.TestMethodWorker.invokeTestMethods(TestMethodWorker.java:146)\r\n\tat org.testng.internal.TestMethodWorker.run(TestMethodWorker.java:128)\r\n\tat java.base/java.util.ArrayList.forEach(ArrayList.java:1511)\r\n\tat org.testng.TestRunner.privateRun(TestRunner.java:794)\r\n\tat org.testng.TestRunner.run(TestRunner.java:596)\r\n\tat org.testng.SuiteRunner.runTest(SuiteRunner.java:377)\r\n\tat org.testng.SuiteRunner.runSequentially(SuiteRunner.java:371)\r\n\tat org.testng.SuiteRunner.privateRun(SuiteRunner.java:332)\r\n\tat org.testng.SuiteRunner.run(SuiteRunner.java:276)\r\n\tat org.testng.SuiteRunnerWorker.runSuite(SuiteRunnerWorker.java:53)\r\n\tat org.testng.SuiteRunnerWorker.run(SuiteRunnerWorker.java:96)\r\n\tat org.testng.TestNG.runSuitesSequentially(TestNG.java:1212)\r\n\tat org.testng.TestNG.runSuitesLocally(TestNG.java:1134)\r\n\tat org.testng.TestNG.runSuites(TestNG.java:1063)\r\n\tat org.testng.TestNG.run(TestNG.java:1031)\r\n\tat org.testng.remote.AbstractRemoteTestNG.run(AbstractRemoteTestNG.java:115)\r\n\tat org.testng.remote.RemoteTestNG.initAndRun(RemoteTestNG.java:251)\r\n\tat org.testng.remote.RemoteTestNG.main(RemoteTestNG.java:77)\r\n","duration":20459254000,"status":"failed"},"line":44,"name":"Sign in with empty email input","match":{"location":"com.bdd.steps.SigninPageSteps.sign_in_with_empty_email_input()"},"keyword":"And "},{"result":{"status":"skipped"},"line":45,"name":"Check if there is sign in and sign up dropdown tab","match":{},"keyword":"Then "}],"tags":[{"name":"@allAppFeatures"},{"name":"@SigninPageFeatures"},{"name":"@SignInWithEmptyEmailInput"}]},{"start_timestamp":"2021-12-10T19:37:41.829Z","line":61,"name":"Sign in with emty password input","description":"","id":"signin-page-features;sign-in-with-emty-password-input;;2","type":"scenario","keyword":"Scenario Outline","steps":[{"result":{"duration":267133900,"status":"passed"},"line":54,"name":"User navigates to the application","match":{"location":"com.bdd.steps.CoomonSteps.user_navigates_to_the_application()"},"keyword":"Given "},{"result":{"duration":190682900,"status":"passed"},"line":55,"name":"User clicks on the \"signUp\"","match":{"arguments":[{"val":"\"signUp\"","offset":19}],"location":"com.bdd.steps.CoomonSteps.user_clicks_on_the_Link(java.lang.String)"},"keyword":"When "},{"result":{"error_message":"org.openqa.selenium.TimeoutException: Expected condition failed: waiting for visibility of element located by By.id: validationCustom01 (tried for 20 second(s) with 500 milliseconds interval)\r\n\tat org.openqa.selenium.support.ui.WebDriverWait.timeoutException(WebDriverWait.java:95)\r\n\tat org.openqa.selenium.support.ui.FluentWait.until(FluentWait.java:272)\r\n\tat com.bdd.utils.ReusableAndGlobalFunctionalities.SendKeys(ReusableAndGlobalFunctionalities.java:58)\r\n\tat com.bdd.pages.SigninPage.SignIn(SigninPage.java:19)\r\n\tat com.bdd.steps.SigninPageSteps.sign_in_with_empty_password_input(SigninPageSteps.java:43)\r\n\tat ✽.Sign in with empty password input(file:///C:/Users/Marian/Desktop/automatyzacja/java/project/TestCucumberJavaFarmMarket/src/test/resources/features/SigninPage.feature:56)\r\nCaused by: org.openqa.selenium.NoSuchElementException: no such element: Unable to locate element: {\"method\":\"css selector\",\"selector\":\"#validationCustom01\"}\n  (Session info: chrome=96.0.4664.93)\nFor documentation on this error, please visit: https://www.seleniumhq.org/exceptions/no_such_element.html\nBuild info: version: '3.141.59', revision: 'e82be7d358', time: '2018-11-14T08:17:03'\nSystem info: host: 'LAPTOP-Q1P4S741', ip: '192.168.56.1', os.name: 'Windows 10', os.arch: 'amd64', os.version: '10.0', java.version: '16.0.2'\nDriver info: org.openqa.selenium.chrome.ChromeDriver\nCapabilities {acceptInsecureCerts: false, browserName: chrome, browserVersion: 96.0.4664.93, chrome: {chromedriverVersion: 96.0.4664.45 (76e4c1bb2ab46..., userDataDir: C:\\Users\\Marian\\AppData\\Loc...}, goog:chromeOptions: {debuggerAddress: localhost:65460}, javascriptEnabled: true, networkConnectionEnabled: false, pageLoadStrategy: normal, platform: WINDOWS, platformName: WINDOWS, proxy: Proxy(), setWindowRect: true, strictFileInteractability: false, timeouts: {implicit: 0, pageLoad: 300000, script: 30000}, unhandledPromptBehavior: dismiss and notify, webauthn:extension:credBlob: true, webauthn:extension:largeBlob: true, webauthn:virtualAuthenticators: true}\nSession ID: b130e40a2807adfede52fbf81f6be45a\n*** Element info: {Using=id, value=validationCustom01}\r\n\tat jdk.internal.reflect.GeneratedConstructorAccessor11.newInstance(Unknown Source)\r\n\tat java.base/jdk.internal.reflect.DelegatingConstructorAccessorImpl.newInstance(DelegatingConstructorAccessorImpl.java:45)\r\n\tat java.base/java.lang.reflect.Constructor.newInstanceWithCaller(Constructor.java:499)\r\n\tat java.base/java.lang.reflect.Constructor.newInstance(Constructor.java:480)\r\n\tat org.openqa.selenium.remote.http.W3CHttpResponseCodec.createException(W3CHttpResponseCodec.java:187)\r\n\tat org.openqa.selenium.remote.http.W3CHttpResponseCodec.decode(W3CHttpResponseCodec.java:122)\r\n\tat org.openqa.selenium.remote.http.W3CHttpResponseCodec.decode(W3CHttpResponseCodec.java:49)\r\n\tat org.openqa.selenium.remote.HttpCommandExecutor.execute(HttpCommandExecutor.java:158)\r\n\tat org.openqa.selenium.remote.service.DriverCommandExecutor.execute(DriverCommandExecutor.java:83)\r\n\tat org.openqa.selenium.remote.RemoteWebDriver.execute(RemoteWebDriver.java:552)\r\n\tat org.openqa.selenium.remote.RemoteWebDriver.findElement(RemoteWebDriver.java:323)\r\n\tat org.openqa.selenium.remote.RemoteWebDriver.findElementById(RemoteWebDriver.java:372)\r\n\tat org.openqa.selenium.By$ById.findElement(By.java:188)\r\n\tat org.openqa.selenium.remote.RemoteWebDriver.findElement(RemoteWebDriver.java:315)\r\n\tat org.openqa.selenium.support.ui.ExpectedConditions$7.apply(ExpectedConditions.java:205)\r\n\tat org.openqa.selenium.support.ui.ExpectedConditions$7.apply(ExpectedConditions.java:201)\r\n\tat org.openqa.selenium.support.ui.FluentWait.until(FluentWait.java:249)\r\n\tat com.bdd.utils.ReusableAndGlobalFunctionalities.SendKeys(ReusableAndGlobalFunctionalities.java:58)\r\n\tat com.bdd.pages.SigninPage.SignIn(SigninPage.java:19)\r\n\tat com.bdd.steps.SigninPageSteps.sign_in_with_empty_password_input(SigninPageSteps.java:43)\r\n\tat java.base/jdk.internal.reflect.NativeMethodAccessorImpl.invoke0(Native Method)\r\n\tat java.base/jdk.internal.reflect.NativeMethodAccessorImpl.invoke(NativeMethodAccessorImpl.java:78)\r\n\tat java.base/jdk.internal.reflect.DelegatingMethodAccessorImpl.invoke(DelegatingMethodAccessorImpl.java:43)\r\n\tat java.base/java.lang.reflect.Method.invoke(Method.java:567)\r\n\tat io.cucumber.java.Invoker.doInvoke(Invoker.java:66)\r\n\tat io.cucumber.java.Invoker.invoke(Invoker.java:24)\r\n\tat io.cucumber.java.AbstractGlueDefinition.invokeMethod(AbstractGlueDefinition.java:47)\r\n\tat io.cucumber.java.JavaStepDefinition.execute(JavaStepDefinition.java:29)\r\n\tat io.cucumber.core.runner.CoreStepDefinition.execute(CoreStepDefinition.java:66)\r\n\tat io.cucumber.core.runner.PickleStepDefinitionMatch.runStep(PickleStepDefinitionMatch.java:63)\r\n\tat io.cucumber.core.runner.ExecutionMode$1.execute(ExecutionMode.java:10)\r\n\tat io.cucumber.core.runner.TestStep.executeStep(TestStep.java:86)\r\n\tat io.cucumber.core.runner.TestStep.run(TestStep.java:57)\r\n\tat io.cucumber.core.runner.PickleStepTestStep.run(PickleStepTestStep.java:51)\r\n\tat io.cucumber.core.runner.TestCase.run(TestCase.java:95)\r\n\tat io.cucumber.core.runner.Runner.runPickle(Runner.java:75)\r\n\tat io.cucumber.testng.TestNGCucumberRunner.lambda$runScenario$1(TestNGCucumberRunner.java:132)\r\n\tat io.cucumber.core.runtime.CucumberExecutionContext.lambda$runTestCase$3(CucumberExecutionContext.java:110)\r\n\tat io.cucumber.core.runtime.RethrowingThrowableCollector.executeAndThrow(RethrowingThrowableCollector.java:23)\r\n\tat io.cucumber.core.runtime.CucumberExecutionContext.runTestCase(CucumberExecutionContext.java:110)\r\n\tat io.cucumber.testng.TestNGCucumberRunner.runScenario(TestNGCucumberRunner.java:129)\r\n\tat io.cucumber.testng.AbstractTestNGCucumberTests.runScenario(AbstractTestNGCucumberTests.java:35)\r\n\tat jdk.internal.reflect.GeneratedMethodAccessor94.invoke(Unknown Source)\r\n\tat java.base/jdk.internal.reflect.DelegatingMethodAccessorImpl.invoke(DelegatingMethodAccessorImpl.java:43)\r\n\tat java.base/java.lang.reflect.Method.invoke(Method.java:567)\r\n\tat org.testng.internal.MethodInvocationHelper.invokeMethod(MethodInvocationHelper.java:133)\r\n\tat org.testng.internal.TestInvoker.invokeMethod(TestInvoker.java:598)\r\n\tat org.testng.internal.TestInvoker.invokeTestMethod(TestInvoker.java:173)\r\n\tat org.testng.internal.MethodRunner.runInSequence(MethodRunner.java:46)\r\n\tat org.testng.internal.TestInvoker$MethodInvocationAgent.invoke(TestInvoker.java:824)\r\n\tat org.testng.internal.TestInvoker.invokeTestMethods(TestInvoker.java:146)\r\n\tat org.testng.internal.TestMethodWorker.invokeTestMethods(TestMethodWorker.java:146)\r\n\tat org.testng.internal.TestMethodWorker.run(TestMethodWorker.java:128)\r\n\tat java.base/java.util.ArrayList.forEach(ArrayList.java:1511)\r\n\tat org.testng.TestRunner.privateRun(TestRunner.java:794)\r\n\tat org.testng.TestRunner.run(TestRunner.java:596)\r\n\tat org.testng.SuiteRunner.runTest(SuiteRunner.java:377)\r\n\tat org.testng.SuiteRunner.runSequentially(SuiteRunner.java:371)\r\n\tat org.testng.SuiteRunner.privateRun(SuiteRunner.java:332)\r\n\tat org.testng.SuiteRunner.run(SuiteRunner.java:276)\r\n\tat org.testng.SuiteRunnerWorker.runSuite(SuiteRunnerWorker.java:53)\r\n\tat org.testng.SuiteRunnerWorker.run(SuiteRunnerWorker.java:96)\r\n\tat org.testng.TestNG.runSuitesSequentially(TestNG.java:1212)\r\n\tat org.testng.TestNG.runSuitesLocally(TestNG.java:1134)\r\n\tat org.testng.TestNG.runSuites(TestNG.java:1063)\r\n\tat org.testng.TestNG.run(TestNG.java:1031)\r\n\tat org.testng.remote.AbstractRemoteTestNG.run(AbstractRemoteTestNG.java:115)\r\n\tat org.testng.remote.RemoteTestNG.initAndRun(RemoteTestNG.java:251)\r\n\tat org.testng.remote.RemoteTestNG.main(RemoteTestNG.java:77)\r\n","duration":20028736500,"status":"failed"},"line":56,"name":"Sign in with empty password input","match":{"location":"com.bdd.steps.SigninPageSteps.sign_in_with_empty_password_input()"},"keyword":"And "},{"result":{"status":"skipped"},"line":57,"name":"Check if there is sign in and sign up dropdown tab","match":{},"keyword":"Then "}],"tags":[{"name":"@allAppFeatures"},{"name":"@SigninPageFeatures"},{"name":"@SignInWithEmptyPassword"}]}],"name":"Signin Page features","description":"","id":"signin-page-features","keyword":"Feature","uri":"file:src/test/resources/features/SigninPage.feature","tags":[{"name":"@allAppFeatures","type":"Tag","location":{"line":1,"column":1}},{"name":"@SigninPageFeatures","type":"Tag","location":{"line":1,"column":17}}]}]